[+] Containers:
 |- [+] Container: /Game/Levels/CloneMap
 |   |- [+] ActorDescs:
 |   |   |- Guid:0E90C41B4FAD2AC99D5ABAA94E34F350 BaseClass: NativeClass:/Script/Engine.StaticMeshActor Name:StaticMeshActor_UAID_047C16DE8D671ED301_1142267377 Label:Sink SpatiallyLoaded:1 Bounds:IsValid=true, Min=(X=1891.347 Y=1886.948 Z=0.000), Max=(X=1993.981 Y=2086.948 Z=130.925) RuntimeGrid:None EditorOnly:0 RuntimeOnly:0 HLODRelevant:1 FolderPath:Geometry FolderGuid:C73F09FC4215536B1DCE2A9E0A830C70
 |   |   |- Guid:0EF4455346291460E61D31BE1335E282 BaseClass: NativeClass:/Script/Engine.StaticMeshActor Name:StaticMeshActor_UAID_047C16DE8D6716D301_1697358275 Label:Painting_1x5 SpatiallyLoaded:1 Bounds:IsValid=true, Min=(X=1985.000 Y=1650.000 Z=150.000), Max=(X=1995.000 Y=1750.000 Z=350.000) RuntimeGrid:None EditorOnly:0 RuntimeOnly:0 HLODRelevant:1 FolderPath:Geometry FolderGuid:C73F09FC4215536B1DCE2A9E0A830C70
 |   |   |- Guid:10AD310546E4E600B745AE8DF94F2219 BaseClass: NativeClass:/Script/Engine.WorldDataLayers Name:WorldDataLayers Label:WorldDataLayers SpatiallyLoaded:0 Bounds:IsValid=true, Min=(X=0.000 Y=0.000 Z=0.000), Max=(X=0.000 Y=0.000 Z=0.000) RuntimeGrid:None EditorOnly:0 RuntimeOnly:0 HLODRelevant:0
 |   |   |- Guid:13CAA8D64431B6144BB98AAF636F6C20 BaseClass: NativeClass:/Script/Engine.StaticMeshActor Name:StaticMeshActor_UAID_047C16DE8D676AD301_1403977072 Label:CounterOven SpatiallyLoaded:1 Bounds:IsValid=true, Min=(X=794.904 Y=1800.000 Z=0.000), Max=(X=900.000 Y=1900.000 Z=70.000) RuntimeGrid:None EditorOnly:0 RuntimeOnly:0 HLODRelevant:1 FolderPath:Geometry FolderGuid:C73F09FC4215536B1DCE2A9E0A830C70
 |   |   |- Guid:13EA461843DDA25B3AB98CBCFB2F40CE BaseClass: NativeClass:/Script/Engine.StaticMeshActor Name:StaticMeshActor_UAID_047C16DE8D670AD301_1108657797 Label:Prop_CoffeeTable SpatiallyLoaded:1 Bounds:IsValid=true, Min=(X=1180.656 Y=580.656 Z=0.025), Max=(X=1419.344 Y=819.344 Z=49.430) RuntimeGrid:None EditorOnly:0 RuntimeOnly:0 HLODRelevant:1 FolderPath:Geometry FolderGuid:C73F09FC4215536B1DCE2A9E0A830C70
 |   |   |- Guid:1B33ABF9413676E66BA5D8889C936119 BaseClass: NativeClass:/Script/Engine.StaticMeshActor Name:StaticMeshActor_UAID_047C16DE8D6716D301_1360448271 Label:Painting_1x1 SpatiallyLoaded:1 Bounds:IsValid=true, Min=(X=1485.000 Y=2650.000 Z=350.000), Max=(X=1495.000 Y=2750.000 Z=450.000) RuntimeGrid:None EditorOnly:0 RuntimeOnly:0 HLODRelevant:1 FolderPath:Geometry FolderGuid:C73F09FC4215536B1DCE2A9E0A830C70
 |   |   |- Guid:1E16EB684E0C5E17644B81AED3D6925A BaseClass: NativeClass:/Script/Engine.StaticMeshActor Name:StaticMeshActor_UAID_047C16DE8D6716D301_1698790276 Label:Painting_1x6 SpatiallyLoaded:1 Bounds:IsValid=true, Min=(X=1985.000 Y=1450.000 Z=150.000), Max=(X=1995.000 Y=1550.000 Z=350.000) RuntimeGrid:None EditorOnly:0 RuntimeOnly:0 HLODRelevant:1 FolderPath:Geometry FolderGuid:C73F09FC4215536B1DCE2A9E0A830C70
 |   |   |- Guid:2445C0F548B150EC2D220D9992E427BA BaseClass: NativeClass:/Script/Engine.SkyAtmosphere Name:SkyAtmosphere_0 Label:SkyAtmosphere SpatiallyLoaded:0 Bounds:IsValid=true, Min=(X=4100.000 Y=-3100.000 Z=1020.000), Max=(X=4100.000 Y=-3100.000 Z=1020.000) RuntimeGrid:None EditorOnly:0 RuntimeOnly:0 HLODRelevant:0 FolderPath:Lighting FolderGuid:963EC3EB4002CCE9759E2EBA541A873A
 |   |   |- Guid:26E9002C4B3CEE6F64B344B720FCD280 BaseClass: NativeClass:/Script/Engine.StaticMeshActor Name:StaticMeshActor_UAID_047C16DE8D6719D301_1245407822 Label:Rectangle9 SpatiallyLoaded:1 Bounds:IsValid=true, Min=(X=900.000 Y=1200.000 Z=0.000), Max=(X=1600.000 Y=2100.000 Z=0.000) RuntimeGrid:None EditorOnly:0 RuntimeOnly:0 HLODRelevant:0 FolderPath:Geometry FolderGuid:C73F09FC4215536B1DCE2A9E0A830C70
 |   |   |- Guid:3DE01DA34681CEA381EF8C9B0A52CE7A BaseClass: NativeClass:/Script/Engine.StaticMeshActor Name:StaticMeshActor_UAID_047C16DE8D6748D301_1073929865 Label:Shovel_01 SpatiallyLoaded:1 Bounds:IsValid=true, Min=(X=561.854 Y=-2337.378 Z=-9.877), Max=(X=603.256 Y=-2254.601 Z=151.878) RuntimeGrid:None EditorOnly:0 RuntimeOnly:0 HLODRelevant:1 FolderPath:Geometry/Garden FolderGuid:95F01DD44996A59D93492F81C3E42A14
 |   |   |- Guid:4260DE9142B5C4390CBCF0AA558050D6 BaseClass: NativeClass:/Script/Engine.StaticMeshActor Name:StaticMeshActor_UAID_047C16DE8D676AD301_1562810083 Label:CounterSink SpatiallyLoaded:1 Bounds:IsValid=true, Min=(X=300.000 Y=1800.000 Z=0.000), Max=(X=400.000 Y=1900.000 Z=103.234) RuntimeGrid:None EditorOnly:0 RuntimeOnly:0 HLODRelevant:1 FolderPath:Geometry FolderGuid:C73F09FC4215536B1DCE2A9E0A830C70
 |   |   |- Guid:46890AF14B295C25AB6C65B519258BE9 BaseClass: NativeClass:/Script/Engine.PlayerStart Name:PlayerStart_UAID_047C16DE8D6713D301_2077513366 Label:PlayerStart SpatiallyLoaded:0 Bounds:IsValid=true, Min=(X=655.749 Y=-1527.813 Z=8.000), Max=(X=735.749 Y=-1447.813 Z=192.000) RuntimeGrid:None EditorOnly:0 RuntimeOnly:0 HLODRelevant:0 FolderPath:Functionality FolderGuid:FC9B6C4F4EFED53F46C3BBB3B918B335
 |   |   |- Guid:47D5991A4D54635B0913E1A0A09327DE BaseClass: NativeClass:/Script/Engine.ExponentialHeightFog Name:ExponentialHeightFog_0 Label:ExponentialHeightFog SpatiallyLoaded:0 Bounds:IsValid=true, Min=(X=-5600.000 Y=-50.000 Z=-6850.000), Max=(X=-5600.000 Y=-50.000 Z=-6850.000) RuntimeGrid:None EditorOnly:0 RuntimeOnly:0 HLODRelevant:0 FolderPath:Lighting FolderGuid:963EC3EB4002CCE9759E2EBA541A873A
 |   |   |- Guid:49CA9AC541C8CBF66BE2898EFFC42A51 BaseClass: NativeClass:/Script/Engine.PostProcessVolume Name:PostProcessVolume_UAID_30F6EFE079B3AFD301_1749109861 Label:PostProcessVolumeCelShader SpatiallyLoaded:1 Bounds:IsValid=true, Min=(X=-4650.000 Y=-5750.000 Z=-4250.000), Max=(X=5350.000 Y=4250.000 Z=5750.000) RuntimeGrid:None EditorOnly:0 RuntimeOnly:0 HLODRelevant:0 FolderPath:Lighting FolderGuid:963EC3EB4002CCE9759E2EBA541A873A
 |   |   |- Guid:4F71CADD4F49170CC441C4B5B96F0DCB BaseClass: NativeClass:/Script/Engine.StaticMeshActor Name:StaticMeshActor_UAID_047C16DE8D6716D301_2068158277 Label:Painting_2x1 SpatiallyLoaded:1 Bounds:IsValid=true, Min=(X=600.000 Y=3285.000 Z=200.000), Max=(X=800.000 Y=3295.000 Z=300.000) RuntimeGrid:None EditorOnly:0 RuntimeOnly:0 HLODRelevant:1 FolderPath:Geometry FolderGuid:C73F09FC4215536B1DCE2A9E0A830C70
 |   |   |- Guid:5BB4E6164D1574F45B1DB0848CE2060C BaseClass: NativeClass:/Script/Engine.StaticMeshActor Name:StaticMeshActor_UAID_047C16DE8D6710D301_2108648923 Label:Toilet SpatiallyLoaded:1 Bounds:IsValid=true, Min=(X=1908.158 Y=1771.640 Z=-0.000), Max=(X=1996.600 Y=1828.360 Z=99.519) RuntimeGrid:None EditorOnly:0 RuntimeOnly:0 HLODRelevant:1 FolderPath:Geometry FolderGuid:C73F09FC4215536B1DCE2A9E0A830C70
 |   |   |- Guid:6685B2B3452C030D8AE965B35D314F7D BaseClass: NativeClass:/Script/Engine.StaticMeshActor Name:StaticMeshActor_UAID_047C16DE8D6716D301_1435140273 Label:Painting_1x3 SpatiallyLoaded:1 Bounds:IsValid=true, Min=(X=900.000 Y=3285.000 Z=200.000), Max=(X=1000.000 Y=3295.000 Z=300.000) RuntimeGrid:None EditorOnly:0 RuntimeOnly:0 HLODRelevant:1 FolderPath:Geometry FolderGuid:C73F09FC4215536B1DCE2A9E0A830C70
 |   |   |- Guid:6771479F4D0AA7BC64CA3391D60971A6 BaseClass: NativeClass:/Script/Engine.StaticMeshActor Name:StaticMeshActor_UAID_047C16DE8D6770D301_1440826386 Label:Rectangle7 SpatiallyLoaded:1 Bounds:IsValid=true, Min=(X=2174.226 Y=-1514.798 Z=50.564), Max=(X=2344.177 Y=-879.867 Z=707.847) RuntimeGrid:None EditorOnly:0 RuntimeOnly:0 HLODRelevant:0 FolderPath:Geometry FolderGuid:C73F09FC4215536B1DCE2A9E0A830C70
 |   |   |- Guid:6C89C2934CFA9CE272A087A7D20E526A BaseClass:/Game/Blueprints/Crowd.Crowd_C NativeClass:/Script/Engine.Actor Name:Crowd_C_UAID_047C16DE8D6766D301_1815021394 Label:Crowd5 SpatiallyLoaded:1 Bounds:IsValid=true, Min=(X=1626.414 Y=-1830.862 Z=-239.653), Max=(X=2017.522 Y=-1439.755 Z=285.087) RuntimeGrid:None EditorOnly:0 RuntimeOnly:0 HLODRelevant:0 FolderPath:Functionality FolderGuid:FC9B6C4F4EFED53F46C3BBB3B918B335
 |   |   |- Guid:6CD3AFAF4E03132C56710D8A1519B7C4 BaseClass: NativeClass:/Script/Engine.StaticMeshActor Name:StaticMeshActor_UAID_047C16DE8D6770D301_2051800406 Label:Prop_Cake SpatiallyLoaded:1 Bounds:IsValid=true, Min=(X=727.320 Y=2534.981 Z=99.994), Max=(X=822.680 Y=2665.019 Z=130.061) RuntimeGrid:None EditorOnly:0 RuntimeOnly:0 HLODRelevant:1 FolderPath:Geometry FolderGuid:C73F09FC4215536B1DCE2A9E0A830C70
 |   |   |- Guid:70BB89304440A4332349EE8987637A98 BaseClass: NativeClass:/Script/Engine.StaticMeshActor Name:StaticMeshActor_UAID_047C16DE8D6709D301_2118533620 Label:Fireplace SpatiallyLoaded:1 Bounds:IsValid=true, Min=(X=1490.000 Y=600.000 Z=0.000), Max=(X=1597.500 Y=800.000 Z=200.000) RuntimeGrid:None EditorOnly:0 RuntimeOnly:0 HLODRelevant:1 FolderPath:Geometry FolderGuid:C73F09FC4215536B1DCE2A9E0A830C70
 |   |   |- Guid:70CD757246BC4BDD3BF1E1B46BC35CDD BaseClass: NativeClass:/Script/Engine.Actor Name:Actor_UAID_047C16DE8D6794D301_1344296097 Label:Actor SpatiallyLoaded:1 Bounds:IsValid=true, Min=(X=-221.828 Y=-3724.290 Z=-11.651), Max=(X=4100.000 Y=4500.000 Z=738.742) RuntimeGrid:None EditorOnly:0 RuntimeOnly:0 HLODRelevant:1
 |   |   |- Guid:715B0E2441948A8E9E856392B2B0244E BaseClass:/Game/Blueprints/HumanObstacle.HumanObstacle_C NativeClass:/Script/Engine.Actor Name:HumanObstacle_C_UAID_047C16DE8D6729D201_1198293394 Label:HumanObstacle12 SpatiallyLoaded:1 Bounds:IsValid=true, Min=(X=991.825 Y=1523.289 Z=-88.000), Max=(X=1503.887 Y=2007.735 Z=103.763) RuntimeGrid:None EditorOnly:0 RuntimeOnly:0 HLODRelevant:0 FolderPath:Functionality FolderGuid:FC9B6C4F4EFED53F46C3BBB3B918B335
 |   |   |- Guid:785FD10643403BDF5F18889AB28BA41D BaseClass: NativeClass:/Script/Engine.StaticMeshActor Name:StaticMeshActor_UAID_047C16DE8D6716D301_2092515278 Label:Painting_2x2 SpatiallyLoaded:1 Bounds:IsValid=true, Min=(X=1572.500 Y=850.000 Z=250.000), Max=(X=1582.500 Y=1050.000 Z=350.000) RuntimeGrid:None EditorOnly:0 RuntimeOnly:0 HLODRelevant:1 FolderPath:Geometry FolderGuid:C73F09FC4215536B1DCE2A9E0A830C70
 |   |   |- Guid:7B6F2D6940E4303B870CBC81570FFB35 BaseClass:/Game/Blueprints/HumanObstacle.HumanObstacle_C NativeClass:/Script/Engine.Actor Name:HumanObstacle_C_UAID_047C16DE8D67D0D201_1325218033 Label:HumanObstacle13 SpatiallyLoaded:1 Bounds:IsValid=true, Min=(X=545.412 Y=900.920 Z=-88.000), Max=(X=1057.475 Y=1385.366 Z=103.763) RuntimeGrid:None EditorOnly:0 RuntimeOnly:0 HLODRelevant:0 FolderPath:Functionality FolderGuid:FC9B6C4F4EFED53F46C3BBB3B918B335
 |   |   |- Guid:7C911C6D461CFB10AEC321989D135B90 BaseClass:/Game/Blueprints/HumanObstacle.HumanObstacle_C NativeClass:/Script/Engine.Actor Name:HumanObstacle_C_UAID_047C16DE8D6775D301_1603498036 Label:HumanObstacle15 SpatiallyLoaded:1 Bounds:IsValid=true, Min=(X=627.595 Y=446.829 Z=-88.000), Max=(X=1489.180 Y=868.418 Z=163.415) RuntimeGrid:None EditorOnly:0 RuntimeOnly:0 HLODRelevant:0 FolderPath:Functionality FolderGuid:FC9B6C4F4EFED53F46C3BBB3B918B335
 |   |   |- Guid:7DB1638245B0AE4CC3673C960B6D4488 BaseClass: NativeClass:/Script/Engine.StaticMeshActor Name:StaticMeshActor_UAID_047C16DE8D6717D301_1640056456 Label:Rectangle4 SpatiallyLoaded:1 Bounds:IsValid=true, Min=(X=1600.000 Y=1100.000 Z=0.000), Max=(X=2000.000 Y=2100.000 Z=0.000) RuntimeGrid:None EditorOnly:0 RuntimeOnly:0 HLODRelevant:0 FolderPath:Geometry FolderGuid:C73F09FC4215536B1DCE2A9E0A830C70
 |   |   |- Guid:8502745145B16D5C297508B66E31EBDD BaseClass: NativeClass:/Script/Engine.StaticMeshActor Name:StaticMeshActor_1 Label:SM_Cube SpatiallyLoaded:1 Bounds:IsValid=true, Min=(X=-400.000 Y=-3750.000 Z=-50.000), Max=(X=5150.000 Y=4150.000 Z=0.000) RuntimeGrid:None EditorOnly:0 RuntimeOnly:0 HLODRelevant:0 FolderPath:Geometry FolderGuid:C73F09FC4215536B1DCE2A9E0A830C70
 |   |   |- Guid:8A017035424E30283CC1E59A208AC971 BaseClass: NativeClass:/Script/Engine.StaticMeshActor Name:StaticMeshActor_UAID_047C16DE8D6768D301_2010598705 Label:Env_Grass5 SpatiallyLoaded:1 Bounds:IsValid=true, Min=(X=310.553 Y=-1152.821 Z=8.197), Max=(X=332.911 Y=-1127.045 Z=39.899) RuntimeGrid:None EditorOnly:0 RuntimeOnly:0 HLODRelevant:1 FolderPath:Geometry FolderGuid:C73F09FC4215536B1DCE2A9E0A830C70
 |   |   |- Guid:8F0EE568430230BE6DD84889EEEF9646 BaseClass:/Game/Blueprints/HumanObstacle.HumanObstacle_C NativeClass:/Script/Engine.Actor Name:HumanObstacle_C_UAID_047C16DE8D671CD201_1457673918 Label:HumanObstacle7 SpatiallyLoaded:1 Bounds:IsValid=true, Min=(X=449.677 Y=1304.404 Z=-88.000), Max=(X=1741.454 Y=3197.476 Z=103.763) RuntimeGrid:None EditorOnly:0 RuntimeOnly:0 HLODRelevant:0 FolderPath:Functionality FolderGuid:FC9B6C4F4EFED53F46C3BBB3B918B335
 |   |   |- Guid:8F23346B49221E476F0DA38BEB23662C BaseClass: NativeClass:/Script/Engine.StaticMeshActor Name:StaticMeshActor_UAID_047C16DE8D6797D301_1429091575 Label:Env_Pinata SpatiallyLoaded:1 Bounds:IsValid=true, Min=(X=2205.284 Y=-1299.016 Z=189.250), Max=(X=2313.336 Y=-1160.133 Z=342.863) RuntimeGrid:None EditorOnly:0 RuntimeOnly:0 HLODRelevant:1
 |   |   |- Guid:905C4F0D4FCB1229EED61589752F50D1 BaseClass: NativeClass:/Script/Engine.StaticMeshActor Name:StaticMeshActor_UAID_047C16DE8D674CD301_1971877808 Label:Swing SpatiallyLoaded:1 Bounds:IsValid=true, Min=(X=312.500 Y=-1262.500 Z=-6.250), Max=(X=687.500 Y=-1137.500 Z=250.000) RuntimeGrid:None EditorOnly:0 RuntimeOnly:0 HLODRelevant:1 FolderPath:Geometry FolderGuid:C73F09FC4215536B1DCE2A9E0A830C70
 |   |   |- Guid:938A590A4B6E8B8FF8E2699108D2A453 BaseClass: NativeClass:/Script/Engine.StaticMeshActor Name:StaticMeshActor_UAID_047C16DE8D6718D301_1703433640 Label:Rectangle10 SpatiallyLoaded:1 Bounds:IsValid=true, Min=(X=400.000 Y=2100.000 Z=0.000), Max=(X=2200.000 Y=3300.000 Z=0.000) RuntimeGrid:None EditorOnly:0 RuntimeOnly:0 HLODRelevant:0 FolderPath:Geometry FolderGuid:C73F09FC4215536B1DCE2A9E0A830C70
 |   |   |- Guid:95575A5147CF24FDA84BACBAC9A0D73D BaseClass: NativeClass:/Script/Engine.StaticMeshActor Name:StaticMeshActor_UAID_047C16DE8D6716D301_1432904272 Label:Painting_1x2 SpatiallyLoaded:1 Bounds:IsValid=true, Min=(X=1485.000 Y=2650.000 Z=150.000), Max=(X=1495.000 Y=2750.000 Z=250.000) RuntimeGrid:None EditorOnly:0 RuntimeOnly:0 HLODRelevant:1 FolderPath:Geometry FolderGuid:C73F09FC4215536B1DCE2A9E0A830C70
 |   |   |- Guid:97C1048E42CF2F2974EE26A6EEE52BDD BaseClass: NativeClass:/Script/Engine.StaticMeshActor Name:StaticMeshActor_UAID_047C16DE8D670ED301_1892407560 Label:Prop_Bathtub SpatiallyLoaded:1 Bounds:IsValid=true, Min=(X=1795.000 Y=1200.000 Z=0.000), Max=(X=1995.000 Y=1300.000 Z=65.487) RuntimeGrid:None EditorOnly:0 RuntimeOnly:0 HLODRelevant:1 FolderPath:Geometry FolderGuid:C73F09FC4215536B1DCE2A9E0A830C70
 |   |   |- Guid:9C56AE0B4CB98024D5C05BB5D00522EA BaseClass: NativeClass:/Script/Engine.StaticMeshActor Name:StaticMeshActor_UAID_A4AE111137DC5EFB00_1110535423 Label:SM_SkySphere SpatiallyLoaded:0 Bounds:IsValid=true, Min=(X=-1638400.000 Y=-1638400.000 Z=-1638400.000), Max=(X=1638400.000 Y=1638400.000 Z=1638400.000) RuntimeGrid:None EditorOnly:0 RuntimeOnly:0 HLODRelevant:1 FolderPath:Lighting FolderGuid:963EC3EB4002CCE9759E2EBA541A873A
 |   |   |- Guid:A2573EA948D41B15ED1D878E61C39745 BaseClass:/Game/Blueprints/HumanObstacle.HumanObstacle_C NativeClass:/Script/Engine.Actor Name:HumanObstacle_C_UAID_047C16DE8D6718D201_1584933392 Label:HumanObstacle4 SpatiallyLoaded:1 Bounds:IsValid=true, Min=(X=368.510 Y=-147.333 Z=-88.000), Max=(X=682.760 Y=114.530 Z=163.415) RuntimeGrid:None EditorOnly:0 RuntimeOnly:0 HLODRelevant:0 FolderPath:Functionality FolderGuid:FC9B6C4F4EFED53F46C3BBB3B918B335
 |   |   |- Guid:A68547C54DEBDF1263FB4DB8A7B60FF5 BaseClass: NativeClass:/Script/Engine.StaticMeshActor Name:StaticMeshActor_UAID_047C16DE8D6747D301_2144671688 Label:Prop_Birdhouse SpatiallyLoaded:1 Bounds:IsValid=true, Min=(X=1117.259 Y=-2343.993 Z=-0.979), Max=(X=1176.180 Y=-2284.783 Z=131.745) RuntimeGrid:None EditorOnly:0 RuntimeOnly:0 HLODRelevant:1 FolderPath:Geometry FolderGuid:C73F09FC4215536B1DCE2A9E0A830C70
 |   |   |- Guid:A8968463422C50E9E6BA79B0B3D2F724 BaseClass: NativeClass:/Script/Engine.SkyLight Name:SkyLight_1 Label:SkyLight SpatiallyLoaded:0 Bounds:IsValid=true, Min=(X=4100.000 Y=-3100.000 Z=690.000), Max=(X=4100.000 Y=-3100.000 Z=690.000) RuntimeGrid:None EditorOnly:0 RuntimeOnly:0 HLODRelevant:0 FolderPath:Lighting FolderGuid:963EC3EB4002CCE9759E2EBA541A873A
 |   |   |- Guid:B2CC64F74D2CF8EA60C06891497D576C BaseClass: NativeClass:/Script/Engine.StaticMeshActor Name:StaticMeshActor_UAID_047C16DE8D6767D301_1224249489 Label:Rainbow SpatiallyLoaded:1 Bounds:IsValid=true, Min=(X=2101.520 Y=-2572.270 Z=-0.000), Max=(X=2758.479 Y=-1434.385 Z=651.531) RuntimeGrid:None EditorOnly:0 RuntimeOnly:0 HLODRelevant:1 FolderPath:Geometry FolderGuid:C73F09FC4215536B1DCE2A9E0A830C70
 |   |   |- Guid:B6180EA94ED168FE389360A01B0DFFD8 BaseClass: NativeClass:/Script/Engine.StaticMeshActor Name:StaticMeshActor_UAID_047C16DE8D6712D301_1492059356 Label:BouncyCastle1 SpatiallyLoaded:1 Bounds:IsValid=true, Min=(X=1734.725 Y=-2306.672 Z=-47.413), Max=(X=2506.239 Y=-1651.445 Z=425.415) RuntimeGrid:None EditorOnly:0 RuntimeOnly:0 HLODRelevant:1 FolderPath:Geometry FolderGuid:C73F09FC4215536B1DCE2A9E0A830C70
 |   |   |- Guid:C26FB04448B1142FF0E271BB8757CCF8 BaseClass: NativeClass:/Script/Engine.StaticMeshActor Name:StaticMeshActor_UAID_047C16DE8D6712D301_1504460357 Label:BouncyCastle2 SpatiallyLoaded:1 Bounds:IsValid=true, Min=(X=1686.090 Y=-893.598 Z=-39.247), Max=(X=2509.820 Y=-69.869 Z=304.520) RuntimeGrid:None EditorOnly:0 RuntimeOnly:0 HLODRelevant:1 FolderPath:Geometry FolderGuid:C73F09FC4215536B1DCE2A9E0A830C70
 |   |   |- Guid:C4F5C6154F576E429979D59DF2DE5ADC BaseClass: NativeClass:/Script/Engine.StaticMeshActor Name:StaticMeshActor_UAID_047C16DE8D6718D301_1477731638 Label:Rectangle8 SpatiallyLoaded:1 Bounds:IsValid=true, Min=(X=400.000 Y=200.000 Z=0.000), Max=(X=1600.000 Y=1200.000 Z=0.000) RuntimeGrid:None EditorOnly:0 RuntimeOnly:0 HLODRelevant:0 FolderPath:Geometry FolderGuid:C73F09FC4215536B1DCE2A9E0A830C70
 |   |   |- Guid:C5E482DE475C49F1D2772199ED66AD35 BaseClass: NativeClass:/Script/Engine.StaticMeshActor Name:StaticMeshActor_UAID_047C16DE8D671BD301_2134741703 Label:kit_graybox_wall_corner_1mx1mx1m4 SpatiallyLoaded:1 Bounds:IsValid=true, Min=(X=1100.000 Y=3200.000 Z=-0.000), Max=(X=1206.250 Y=3306.250 Z=100.000) RuntimeGrid:None EditorOnly:0 RuntimeOnly:0 HLODRelevant:1 FolderPath:Geometry/Walls FolderGuid:BEFAB6334D567A30E0126FB8F12467BE
 |   |   |- Guid:C9489C63471D8FC3D3D8B684277E23F5 BaseClass: NativeClass:/Script/Engine.StaticMeshActor Name:StaticMeshActor_UAID_047C16DE8D6770D301_1477158387 Label:Rectangle11 SpatiallyLoaded:1 Bounds:IsValid=true, Min=(X=1915.461 Y=-741.664 Z=-30.755), Max=(X=2356.330 Y=-5.779 Z=827.087) RuntimeGrid:None EditorOnly:0 RuntimeOnly:0 HLODRelevant:0 FolderPath:Geometry FolderGuid:C73F09FC4215536B1DCE2A9E0A830C70
 |   |   |- Guid:D296E6F5486AA8CB513BBA9603C28ACA BaseClass: NativeClass:/Script/Engine.BlockingVolume Name:BlockingVolume_UAID_047C16DE8D67CED201_1432760574 Label:OverheadBlocker SpatiallyLoaded:1 Bounds:IsValid=true, Min=(X=75.000 Y=-2475.000 Z=250.000), Max=(X=2275.000 Y=4125.000 Z=350.000) RuntimeGrid:None EditorOnly:0 RuntimeOnly:0 HLODRelevant:0 FolderPath:Functionality/NewFolder1 FolderGuid:88F6285C43EB42F138AA97872C333775
 |   |   |- Guid:D6EB5364425133440730D7A48B104779 BaseClass: NativeClass:/Script/Engine.DirectionalLight Name:DirectionalLight_0 Label:DirectionalLight SpatiallyLoaded:0 Bounds:IsValid=true, Min=(X=-4398046511104.000 Y=-4398046511104.000 Z=-4398046511104.000), Max=(X=4398046511104.000 Y=4398046511104.000 Z=4398046511104.000) RuntimeGrid:None EditorOnly:0 RuntimeOnly:0 HLODRelevant:0 FolderPath:Lighting FolderGuid:963EC3EB4002CCE9759E2EBA541A873A
 |   |   |- Guid:D7F4A8A541CDC44D36BBF7BDCD6739A3 BaseClass: NativeClass:/Script/Engine.StaticMeshActor Name:StaticMeshActor_UAID_047C16DE8D6792D301_2097420737 Label:Env_Table_Dining SpatiallyLoaded:1 Bounds:IsValid=true, Min=(X=675.000 Y=2400.000 Z=-0.001), Max=(X=875.000 Y=2800.000 Z=99.999) RuntimeGrid:None EditorOnly:0 RuntimeOnly:0 HLODRelevant:1 FolderPath:Geometry FolderGuid:C73F09FC4215536B1DCE2A9E0A830C70
 |   |   |- Guid:E18FB011457E5AF428A598ABC620F063 BaseClass: NativeClass:/Script/Engine.StaticMeshActor Name:StaticMeshActor_UAID_047C16DE8D6716D301_2094582279 Label:Painting_2x3 SpatiallyLoaded:1 Bounds:IsValid=true, Min=(X=1585.000 Y=350.000 Z=250.000), Max=(X=1595.000 Y=550.000 Z=350.000) RuntimeGrid:None EditorOnly:0 RuntimeOnly:0 HLODRelevant:1 FolderPath:Geometry FolderGuid:C73F09FC4215536B1DCE2A9E0A830C70
 |   |   |- Guid:E3B4F9CD40E3E1A6EDE5738D0EB0E3AE BaseClass:/Game/Blueprints/PickupLocation.PickupLocation_C NativeClass:/Script/Engine.Actor Name:PickupLocation_C_UAID_047C16DE8D671DD201_1922269565 Label:PickupLocation2 SpatiallyLoaded:1 Bounds:IsValid=true, Min=(X=958.213 Y=-2056.340 Z=-0.750), Max=(X=1174.835 Y=-1813.204 Z=172.500) RuntimeGrid:None EditorOnly:0 RuntimeOnly:0 HLODRelevant:0 FolderPath:Functionality FolderGuid:FC9B6C4F4EFED53F46C3BBB3B918B335
 |   |   |- Guid:E4BC1EF447A8267D6C599C8C5BD7E3E4 BaseClass:/Game/Blueprints/HumanObstacle.HumanObstacle_C NativeClass:/Script/Engine.Actor Name:HumanObstacle_C_UAID_047C16DE8D671AD201_1913728219 Label:HumanObstacle6 SpatiallyLoaded:1 Bounds:IsValid=true, Min=(X=500.000 Y=2162.512 Z=-88.000), Max=(X=2120.000 Y=2233.000 Z=103.763) RuntimeGrid:None EditorOnly:0 RuntimeOnly:0 HLODRelevant:0 FolderPath:Functionality FolderGuid:FC9B6C4F4EFED53F46C3BBB3B918B335
 |   |   |- Guid:E8E2874B4D6639DEE633FDB8E5826898 BaseClass: NativeClass:/Script/Engine.StaticMeshActor Name:StaticMeshActor_UAID_047C16DE8D6716D301_1676638274 Label:Painting_1x4 SpatiallyLoaded:1 Bounds:IsValid=true, Min=(X=1485.000 Y=2450.000 Z=200.000), Max=(X=1495.000 Y=2550.000 Z=400.000) RuntimeGrid:None EditorOnly:0 RuntimeOnly:0 HLODRelevant:1 FolderPath:Geometry FolderGuid:C73F09FC4215536B1DCE2A9E0A830C70
 |   |   |- Guid:E96DAF804CDBE6328876B19C9BE422CE BaseClass: NativeClass:/Script/Engine.StaticMeshActor Name:StaticMeshActor_UAID_047C16DE8D6717D301_1874683458 Label:Rectangle5 SpatiallyLoaded:1 Bounds:IsValid=true, Min=(X=300.000 Y=1200.000 Z=0.000), Max=(X=900.000 Y=2100.000 Z=0.000) RuntimeGrid:None EditorOnly:0 RuntimeOnly:0 HLODRelevant:0 FolderPath:Geometry FolderGuid:C73F09FC4215536B1DCE2A9E0A830C70
 |   |   |- Guid:F0B19FD34363E3523F640BBE9406B5B7 BaseClass: NativeClass:/Script/Engine.StaticMeshActor Name:StaticMeshActor_UAID_047C16DE8D670AD301_1783387814 Label:KidPool SpatiallyLoaded:1 Bounds:IsValid=true, Min=(X=1213.274 Y=-2046.631 Z=-0.533), Max=(X=1484.629 Y=-1775.276 Z=159.644) RuntimeGrid:None EditorOnly:0 RuntimeOnly:0 HLODRelevant:1 FolderPath:Geometry FolderGuid:C73F09FC4215536B1DCE2A9E0A830C70
 |   |   |- Guid:F3CD20CC44F968A7A6B7729572250599 BaseClass: NativeClass:/Script/Engine.StaticMeshActor Name:StaticMeshActor_UAID_047C16DE8D6746D301_1512621508 Label:env_groundplane SpatiallyLoaded:1 Bounds:IsValid=true, Min=(X=-2400.000 Y=-6100.000 Z=-0.000), Max=(X=6800.000 Y=6300.000 Z=0.000) RuntimeGrid:None EditorOnly:0 RuntimeOnly:0 HLODRelevant:1 FolderPath:Geometry FolderGuid:C73F09FC4215536B1DCE2A9E0A830C70
 |   |   |- Guid:FED127F54630D1D24AF416A94BE5B131 BaseClass: NativeClass:/Script/Engine.StaticMeshActor Name:StaticMeshActor_UAID_047C16DE8D6747D301_2138738687 Label:GardenBed_01 SpatiallyLoaded:1 Bounds:IsValid=true, Min=(X=490.373 Y=-2396.546 Z=-0.979), Max=(X=1126.797 Y=-2036.102 Z=34.526) RuntimeGrid:None EditorOnly:0 RuntimeOnly:0 HLODRelevant:1 FolderPath:Geometry/Garden FolderGuid:95F01DD44996A59D93492F81C3E42A14
 |   |- [+] Clusters:
 |   |   |- [+] [  0]
 |   |   |   |- Guid:5BB4E6164D1574F45B1DB0848CE2060C BaseClass: NativeClass:/Script/Engine.StaticMeshActor Name:StaticMeshActor_UAID_047C16DE8D6710D301_2108648923 Label:Toilet SpatiallyLoaded:1 Bounds:IsValid=true, Min=(X=1908.158 Y=1771.640 Z=-0.000), Max=(X=1996.600 Y=1828.360 Z=99.519) RuntimeGrid:None EditorOnly:0 RuntimeOnly:0 HLODRelevant:1 FolderPath:Geometry FolderGuid:C73F09FC4215536B1DCE2A9E0A830C70
 |   |   |- [+] [  1]
 |   |   |   |- Guid:F3CD20CC44F968A7A6B7729572250599 BaseClass: NativeClass:/Script/Engine.StaticMeshActor Name:StaticMeshActor_UAID_047C16DE8D6746D301_1512621508 Label:env_groundplane SpatiallyLoaded:1 Bounds:IsValid=true, Min=(X=-2400.000 Y=-6100.000 Z=-0.000), Max=(X=6800.000 Y=6300.000 Z=0.000) RuntimeGrid:None EditorOnly:0 RuntimeOnly:0 HLODRelevant:1 FolderPath:Geometry FolderGuid:C73F09FC4215536B1DCE2A9E0A830C70
 |   |   |- [+] [  2]
 |   |   |   |- Guid:49CA9AC541C8CBF66BE2898EFFC42A51 BaseClass: NativeClass:/Script/Engine.PostProcessVolume Name:PostProcessVolume_UAID_30F6EFE079B3AFD301_1749109861 Label:PostProcessVolumeCelShader SpatiallyLoaded:1 Bounds:IsValid=true, Min=(X=-4650.000 Y=-5750.000 Z=-4250.000), Max=(X=5350.000 Y=4250.000 Z=5750.000) RuntimeGrid:None EditorOnly:0 RuntimeOnly:0 HLODRelevant:0 FolderPath:Lighting FolderGuid:963EC3EB4002CCE9759E2EBA541A873A
 |   |   |- [+] [  3]
 |   |   |   |- Guid:26E9002C4B3CEE6F64B344B720FCD280 BaseClass: NativeClass:/Script/Engine.StaticMeshActor Name:StaticMeshActor_UAID_047C16DE8D6719D301_1245407822 Label:Rectangle9 SpatiallyLoaded:1 Bounds:IsValid=true, Min=(X=900.000 Y=1200.000 Z=0.000), Max=(X=1600.000 Y=2100.000 Z=0.000) RuntimeGrid:None EditorOnly:0 RuntimeOnly:0 HLODRelevant:0 FolderPath:Geometry FolderGuid:C73F09FC4215536B1DCE2A9E0A830C70
 |   |   |- [+] [  4]
 |   |   |   |- Guid:C5E482DE475C49F1D2772199ED66AD35 BaseClass: NativeClass:/Script/Engine.StaticMeshActor Name:StaticMeshActor_UAID_047C16DE8D671BD301_2134741703 Label:kit_graybox_wall_corner_1mx1mx1m4 SpatiallyLoaded:1 Bounds:IsValid=true, Min=(X=1100.000 Y=3200.000 Z=-0.000), Max=(X=1206.250 Y=3306.250 Z=100.000) RuntimeGrid:None EditorOnly:0 RuntimeOnly:0 HLODRelevant:1 FolderPath:Geometry/Walls FolderGuid:BEFAB6334D567A30E0126FB8F12467BE
 |   |   |- [+] [  5]
 |   |   |   |- Guid:C4F5C6154F576E429979D59DF2DE5ADC BaseClass: NativeClass:/Script/Engine.StaticMeshActor Name:StaticMeshActor_UAID_047C16DE8D6718D301_1477731638 Label:Rectangle8 SpatiallyLoaded:1 Bounds:IsValid=true, Min=(X=400.000 Y=200.000 Z=0.000), Max=(X=1600.000 Y=1200.000 Z=0.000) RuntimeGrid:None EditorOnly:0 RuntimeOnly:0 HLODRelevant:0 FolderPath:Geometry FolderGuid:C73F09FC4215536B1DCE2A9E0A830C70
 |   |   |- [+] [  6]
 |   |   |   |- Guid:E4BC1EF447A8267D6C599C8C5BD7E3E4 BaseClass:/Game/Blueprints/HumanObstacle.HumanObstacle_C NativeClass:/Script/Engine.Actor Name:HumanObstacle_C_UAID_047C16DE8D671AD201_1913728219 Label:HumanObstacle6 SpatiallyLoaded:1 Bounds:IsValid=true, Min=(X=500.000 Y=2162.512 Z=-88.000), Max=(X=2120.000 Y=2233.000 Z=103.763) RuntimeGrid:None EditorOnly:0 RuntimeOnly:0 HLODRelevant:0 FolderPath:Functionality FolderGuid:FC9B6C4F4EFED53F46C3BBB3B918B335
 |   |   |- [+] [  7]
 |   |   |   |- Guid:E18FB011457E5AF428A598ABC620F063 BaseClass: NativeClass:/Script/Engine.StaticMeshActor Name:StaticMeshActor_UAID_047C16DE8D6716D301_2094582279 Label:Painting_2x3 SpatiallyLoaded:1 Bounds:IsValid=true, Min=(X=1585.000 Y=350.000 Z=250.000), Max=(X=1595.000 Y=550.000 Z=350.000) RuntimeGrid:None EditorOnly:0 RuntimeOnly:0 HLODRelevant:1 FolderPath:Geometry FolderGuid:C73F09FC4215536B1DCE2A9E0A830C70
 |   |   |- [+] [  8]
 |   |   |   |- Guid:1E16EB684E0C5E17644B81AED3D6925A BaseClass: NativeClass:/Script/Engine.StaticMeshActor Name:StaticMeshActor_UAID_047C16DE8D6716D301_1698790276 Label:Painting_1x6 SpatiallyLoaded:1 Bounds:IsValid=true, Min=(X=1985.000 Y=1450.000 Z=150.000), Max=(X=1995.000 Y=1550.000 Z=350.000) RuntimeGrid:None EditorOnly:0 RuntimeOnly:0 HLODRelevant:1 FolderPath:Geometry FolderGuid:C73F09FC4215536B1DCE2A9E0A830C70
 |   |   |- [+] [  9]
 |   |   |   |- Guid:0EF4455346291460E61D31BE1335E282 BaseClass: NativeClass:/Script/Engine.StaticMeshActor Name:StaticMeshActor_UAID_047C16DE8D6716D301_1697358275 Label:Painting_1x5 SpatiallyLoaded:1 Bounds:IsValid=true, Min=(X=1985.000 Y=1650.000 Z=150.000), Max=(X=1995.000 Y=1750.000 Z=350.000) RuntimeGrid:None EditorOnly:0 RuntimeOnly:0 HLODRelevant:1 FolderPath:Geometry FolderGuid:C73F09FC4215536B1DCE2A9E0A830C70
 |   |   |- [+] [ 10]
 |   |   |   |- Guid:905C4F0D4FCB1229EED61589752F50D1 BaseClass: NativeClass:/Script/Engine.StaticMeshActor Name:StaticMeshActor_UAID_047C16DE8D674CD301_1971877808 Label:Swing SpatiallyLoaded:1 Bounds:IsValid=true, Min=(X=312.500 Y=-1262.500 Z=-6.250), Max=(X=687.500 Y=-1137.500 Z=250.000) RuntimeGrid:None EditorOnly:0 RuntimeOnly:0 HLODRelevant:1 FolderPath:Geometry FolderGuid:C73F09FC4215536B1DCE2A9E0A830C70
 |   |   |- [+] [ 11]
 |   |   |   |- Guid:938A590A4B6E8B8FF8E2699108D2A453 BaseClass: NativeClass:/Script/Engine.StaticMeshActor Name:StaticMeshActor_UAID_047C16DE8D6718D301_1703433640 Label:Rectangle10 SpatiallyLoaded:1 Bounds:IsValid=true, Min=(X=400.000 Y=2100.000 Z=0.000), Max=(X=2200.000 Y=3300.000 Z=0.000) RuntimeGrid:None EditorOnly:0 RuntimeOnly:0 HLODRelevant:0 FolderPath:Geometry FolderGuid:C73F09FC4215536B1DCE2A9E0A830C70
 |   |   |- [+] [ 12]
 |   |   |   |- Guid:A2573EA948D41B15ED1D878E61C39745 BaseClass:/Game/Blueprints/HumanObstacle.HumanObstacle_C NativeClass:/Script/Engine.Actor Name:HumanObstacle_C_UAID_047C16DE8D6718D201_1584933392 Label:HumanObstacle4 SpatiallyLoaded:1 Bounds:IsValid=true, Min=(X=368.510 Y=-147.333 Z=-88.000), Max=(X=682.760 Y=114.530 Z=163.415) RuntimeGrid:None EditorOnly:0 RuntimeOnly:0 HLODRelevant:0 FolderPath:Functionality FolderGuid:FC9B6C4F4EFED53F46C3BBB3B918B335
 |   |   |- [+] [ 13]
 |   |   |   |- Guid:C26FB04448B1142FF0E271BB8757CCF8 BaseClass: NativeClass:/Script/Engine.StaticMeshActor Name:StaticMeshActor_UAID_047C16DE8D6712D301_1504460357 Label:BouncyCastle2 SpatiallyLoaded:1 Bounds:IsValid=true, Min=(X=1686.090 Y=-893.598 Z=-39.247), Max=(X=2509.820 Y=-69.869 Z=304.520) RuntimeGrid:None EditorOnly:0 RuntimeOnly:0 HLODRelevant:1 FolderPath:Geometry FolderGuid:C73F09FC4215536B1DCE2A9E0A830C70
 |   |   |- [+] [ 14]
 |   |   |   |- Guid:9C56AE0B4CB98024D5C05BB5D00522EA BaseClass: NativeClass:/Script/Engine.StaticMeshActor Name:StaticMeshActor_UAID_A4AE111137DC5EFB00_1110535423 Label:SM_SkySphere SpatiallyLoaded:0 Bounds:IsValid=true, Min=(X=-1638400.000 Y=-1638400.000 Z=-1638400.000), Max=(X=1638400.000 Y=1638400.000 Z=1638400.000) RuntimeGrid:None EditorOnly:0 RuntimeOnly:0 HLODRelevant:1 FolderPath:Lighting FolderGuid:963EC3EB4002CCE9759E2EBA541A873A
 |   |   |- [+] [ 15]
 |   |   |   |- Guid:FED127F54630D1D24AF416A94BE5B131 BaseClass: NativeClass:/Script/Engine.StaticMeshActor Name:StaticMeshActor_UAID_047C16DE8D6747D301_2138738687 Label:GardenBed_01 SpatiallyLoaded:1 Bounds:IsValid=true, Min=(X=490.373 Y=-2396.546 Z=-0.979), Max=(X=1126.797 Y=-2036.102 Z=34.526) RuntimeGrid:None EditorOnly:0 RuntimeOnly:0 HLODRelevant:1 FolderPath:Geometry/Garden FolderGuid:95F01DD44996A59D93492F81C3E42A14
 |   |   |- [+] [ 16]
 |   |   |   |- Guid:D296E6F5486AA8CB513BBA9603C28ACA BaseClass: NativeClass:/Script/Engine.BlockingVolume Name:BlockingVolume_UAID_047C16DE8D67CED201_1432760574 Label:OverheadBlocker SpatiallyLoaded:1 Bounds:IsValid=true, Min=(X=75.000 Y=-2475.000 Z=250.000), Max=(X=2275.000 Y=4125.000 Z=350.000) RuntimeGrid:None EditorOnly:0 RuntimeOnly:0 HLODRelevant:0 FolderPath:Functionality/NewFolder1 FolderGuid:88F6285C43EB42F138AA97872C333775
 |   |   |- [+] [ 17]
 |   |   |   |- Guid:1B33ABF9413676E66BA5D8889C936119 BaseClass: NativeClass:/Script/Engine.StaticMeshActor Name:StaticMeshActor_UAID_047C16DE8D6716D301_1360448271 Label:Painting_1x1 SpatiallyLoaded:1 Bounds:IsValid=true, Min=(X=1485.000 Y=2650.000 Z=350.000), Max=(X=1495.000 Y=2750.000 Z=450.000) RuntimeGrid:None EditorOnly:0 RuntimeOnly:0 HLODRelevant:1 FolderPath:Geometry FolderGuid:C73F09FC4215536B1DCE2A9E0A830C70
 |   |   |- [+] [ 18]
 |   |   |   |- Guid:F0B19FD34363E3523F640BBE9406B5B7 BaseClass: NativeClass:/Script/Engine.StaticMeshActor Name:StaticMeshActor_UAID_047C16DE8D670AD301_1783387814 Label:KidPool SpatiallyLoaded:1 Bounds:IsValid=true, Min=(X=1213.274 Y=-2046.631 Z=-0.533), Max=(X=1484.629 Y=-1775.276 Z=159.644) RuntimeGrid:None EditorOnly:0 RuntimeOnly:0 HLODRelevant:1 FolderPath:Geometry FolderGuid:C73F09FC4215536B1DCE2A9E0A830C70
 |   |   |- [+] [ 19]
 |   |   |   |- Guid:7C911C6D461CFB10AEC321989D135B90 BaseClass:/Game/Blueprints/HumanObstacle.HumanObstacle_C NativeClass:/Script/Engine.Actor Name:HumanObstacle_C_UAID_047C16DE8D6775D301_1603498036 Label:HumanObstacle15 SpatiallyLoaded:1 Bounds:IsValid=true, Min=(X=627.595 Y=446.829 Z=-88.000), Max=(X=1489.180 Y=868.418 Z=163.415) RuntimeGrid:None EditorOnly:0 RuntimeOnly:0 HLODRelevant:0 FolderPath:Functionality FolderGuid:FC9B6C4F4EFED53F46C3BBB3B918B335
 |   |   |- [+] [ 20]
 |   |   |   |- Guid:D7F4A8A541CDC44D36BBF7BDCD6739A3 BaseClass: NativeClass:/Script/Engine.StaticMeshActor Name:StaticMeshActor_UAID_047C16DE8D6792D301_2097420737 Label:Env_Table_Dining SpatiallyLoaded:1 Bounds:IsValid=true, Min=(X=675.000 Y=2400.000 Z=-0.001), Max=(X=875.000 Y=2800.000 Z=99.999) RuntimeGrid:None EditorOnly:0 RuntimeOnly:0 HLODRelevant:1 FolderPath:Geometry FolderGuid:C73F09FC4215536B1DCE2A9E0A830C70
 |   |   |- [+] [ 21]
 |   |   |   |- Guid:6771479F4D0AA7BC64CA3391D60971A6 BaseClass: NativeClass:/Script/Engine.StaticMeshActor Name:StaticMeshActor_UAID_047C16DE8D6770D301_1440826386 Label:Rectangle7 SpatiallyLoaded:1 Bounds:IsValid=true, Min=(X=2174.226 Y=-1514.798 Z=50.564), Max=(X=2344.177 Y=-879.867 Z=707.847) RuntimeGrid:None EditorOnly:0 RuntimeOnly:0 HLODRelevant:0 FolderPath:Geometry FolderGuid:C73F09FC4215536B1DCE2A9E0A830C70
 |   |   |- [+] [ 22]
 |   |   |   |- Guid:4260DE9142B5C4390CBCF0AA558050D6 BaseClass: NativeClass:/Script/Engine.StaticMeshActor Name:StaticMeshActor_UAID_047C16DE8D676AD301_1562810083 Label:CounterSink SpatiallyLoaded:1 Bounds:IsValid=true, Min=(X=300.000 Y=1800.000 Z=0.000), Max=(X=400.000 Y=1900.000 Z=103.234) RuntimeGrid:None EditorOnly:0 RuntimeOnly:0 HLODRelevant:1 FolderPath:Geometry FolderGuid:C73F09FC4215536B1DCE2A9E0A830C70
 |   |   |- [+] [ 23]
 |   |   |   |- Guid:47D5991A4D54635B0913E1A0A09327DE BaseClass: NativeClass:/Script/Engine.ExponentialHeightFog Name:ExponentialHeightFog_0 Label:ExponentialHeightFog SpatiallyLoaded:0 Bounds:IsValid=true, Min=(X=-5600.000 Y=-50.000 Z=-6850.000), Max=(X=-5600.000 Y=-50.000 Z=-6850.000) RuntimeGrid:None EditorOnly:0 RuntimeOnly:0 HLODRelevant:0 FolderPath:Lighting FolderGuid:963EC3EB4002CCE9759E2EBA541A873A
 |   |   |- [+] [ 24]
 |   |   |   |- Guid:3DE01DA34681CEA381EF8C9B0A52CE7A BaseClass: NativeClass:/Script/Engine.StaticMeshActor Name:StaticMeshActor_UAID_047C16DE8D6748D301_1073929865 Label:Shovel_01 SpatiallyLoaded:1 Bounds:IsValid=true, Min=(X=561.854 Y=-2337.378 Z=-9.877), Max=(X=603.256 Y=-2254.601 Z=151.878) RuntimeGrid:None EditorOnly:0 RuntimeOnly:0 HLODRelevant:1 FolderPath:Geometry/Garden FolderGuid:95F01DD44996A59D93492F81C3E42A14
 |   |   |- [+] [ 25]
 |   |   |   |- Guid:C9489C63471D8FC3D3D8B684277E23F5 BaseClass: NativeClass:/Script/Engine.StaticMeshActor Name:StaticMeshActor_UAID_047C16DE8D6770D301_1477158387 Label:Rectangle11 SpatiallyLoaded:1 Bounds:IsValid=true, Min=(X=1915.461 Y=-741.664 Z=-30.755), Max=(X=2356.330 Y=-5.779 Z=827.087) RuntimeGrid:None EditorOnly:0 RuntimeOnly:0 HLODRelevant:0 FolderPath:Geometry FolderGuid:C73F09FC4215536B1DCE2A9E0A830C70
 |   |   |- [+] [ 26]
 |   |   |   |- Guid:8F0EE568430230BE6DD84889EEEF9646 BaseClass:/Game/Blueprints/HumanObstacle.HumanObstacle_C NativeClass:/Script/Engine.Actor Name:HumanObstacle_C_UAID_047C16DE8D671CD201_1457673918 Label:HumanObstacle7 SpatiallyLoaded:1 Bounds:IsValid=true, Min=(X=449.677 Y=1304.404 Z=-88.000), Max=(X=1741.454 Y=3197.476 Z=103.763) RuntimeGrid:None EditorOnly:0 RuntimeOnly:0 HLODRelevant:0 FolderPath:Functionality FolderGuid:FC9B6C4F4EFED53F46C3BBB3B918B335
 |   |   |- [+] [ 27]
 |   |   |   |- Guid:A8968463422C50E9E6BA79B0B3D2F724 BaseClass: NativeClass:/Script/Engine.SkyLight Name:SkyLight_1 Label:SkyLight SpatiallyLoaded:0 Bounds:IsValid=true, Min=(X=4100.000 Y=-3100.000 Z=690.000), Max=(X=4100.000 Y=-3100.000 Z=690.000) RuntimeGrid:None EditorOnly:0 RuntimeOnly:0 HLODRelevant:0 FolderPath:Lighting FolderGuid:963EC3EB4002CCE9759E2EBA541A873A
 |   |   |- [+] [ 28]
 |   |   |   |- Guid:B6180EA94ED168FE389360A01B0DFFD8 BaseClass: NativeClass:/Script/Engine.StaticMeshActor Name:StaticMeshActor_UAID_047C16DE8D6712D301_1492059356 Label:BouncyCastle1 SpatiallyLoaded:1 Bounds:IsValid=true, Min=(X=1734.725 Y=-2306.672 Z=-47.413), Max=(X=2506.239 Y=-1651.445 Z=425.415) RuntimeGrid:None EditorOnly:0 RuntimeOnly:0 HLODRelevant:1 FolderPath:Geometry FolderGuid:C73F09FC4215536B1DCE2A9E0A830C70
 |   |   |- [+] [ 29]
 |   |   |   |- Guid:95575A5147CF24FDA84BACBAC9A0D73D BaseClass: NativeClass:/Script/Engine.StaticMeshActor Name:StaticMeshActor_UAID_047C16DE8D6716D301_1432904272 Label:Painting_1x2 SpatiallyLoaded:1 Bounds:IsValid=true, Min=(X=1485.000 Y=2650.000 Z=150.000), Max=(X=1495.000 Y=2750.000 Z=250.000) RuntimeGrid:None EditorOnly:0 RuntimeOnly:0 HLODRelevant:1 FolderPath:Geometry FolderGuid:C73F09FC4215536B1DCE2A9E0A830C70
 |   |   |- [+] [ 30]
 |   |   |   |- Guid:13CAA8D64431B6144BB98AAF636F6C20 BaseClass: NativeClass:/Script/Engine.StaticMeshActor Name:StaticMeshActor_UAID_047C16DE8D676AD301_1403977072 Label:CounterOven SpatiallyLoaded:1 Bounds:IsValid=true, Min=(X=794.904 Y=1800.000 Z=0.000), Max=(X=900.000 Y=1900.000 Z=70.000) RuntimeGrid:None EditorOnly:0 RuntimeOnly:0 HLODRelevant:1 FolderPath:Geometry FolderGuid:C73F09FC4215536B1DCE2A9E0A830C70
 |   |   |- [+] [ 31]
 |   |   |   |- Guid:E3B4F9CD40E3E1A6EDE5738D0EB0E3AE BaseClass:/Game/Blueprints/PickupLocation.PickupLocation_C NativeClass:/Script/Engine.Actor Name:PickupLocation_C_UAID_047C16DE8D671DD201_1922269565 Label:PickupLocation2 SpatiallyLoaded:1 Bounds:IsValid=true, Min=(X=958.213 Y=-2056.340 Z=-0.750), Max=(X=1174.835 Y=-1813.204 Z=172.500) RuntimeGrid:None EditorOnly:0 RuntimeOnly:0 HLODRelevant:0 FolderPath:Functionality FolderGuid:FC9B6C4F4EFED53F46C3BBB3B918B335
 |   |   |- [+] [ 32]
 |   |   |   |- Guid:6C89C2934CFA9CE272A087A7D20E526A BaseClass:/Game/Blueprints/Crowd.Crowd_C NativeClass:/Script/Engine.Actor Name:Crowd_C_UAID_047C16DE8D6766D301_1815021394 Label:Crowd5 SpatiallyLoaded:1 Bounds:IsValid=true, Min=(X=1626.414 Y=-1830.862 Z=-239.653), Max=(X=2017.522 Y=-1439.755 Z=285.087) RuntimeGrid:None EditorOnly:0 RuntimeOnly:0 HLODRelevant:0 FolderPath:Functionality FolderGuid:FC9B6C4F4EFED53F46C3BBB3B918B335
 |   |   |- [+] [ 33]
 |   |   |   |- Guid:0E90C41B4FAD2AC99D5ABAA94E34F350 BaseClass: NativeClass:/Script/Engine.StaticMeshActor Name:StaticMeshActor_UAID_047C16DE8D671ED301_1142267377 Label:Sink SpatiallyLoaded:1 Bounds:IsValid=true, Min=(X=1891.347 Y=1886.948 Z=0.000), Max=(X=1993.981 Y=2086.948 Z=130.925) RuntimeGrid:None EditorOnly:0 RuntimeOnly:0 HLODRelevant:1 FolderPath:Geometry FolderGuid:C73F09FC4215536B1DCE2A9E0A830C70
 |   |   |- [+] [ 34]
 |   |   |   |- Guid:70BB89304440A4332349EE8987637A98 BaseClass: NativeClass:/Script/Engine.StaticMeshActor Name:StaticMeshActor_UAID_047C16DE8D6709D301_2118533620 Label:Fireplace SpatiallyLoaded:1 Bounds:IsValid=true, Min=(X=1490.000 Y=600.000 Z=0.000), Max=(X=1597.500 Y=800.000 Z=200.000) RuntimeGrid:None EditorOnly:0 RuntimeOnly:0 HLODRelevant:1 FolderPath:Geometry FolderGuid:C73F09FC4215536B1DCE2A9E0A830C70
 |   |   |- [+] [ 35]
 |   |   |   |- Guid:8F23346B49221E476F0DA38BEB23662C BaseClass: NativeClass:/Script/Engine.StaticMeshActor Name:StaticMeshActor_UAID_047C16DE8D6797D301_1429091575 Label:Env_Pinata SpatiallyLoaded:1 Bounds:IsValid=true, Min=(X=2205.284 Y=-1299.016 Z=189.250), Max=(X=2313.336 Y=-1160.133 Z=342.863) RuntimeGrid:None EditorOnly:0 RuntimeOnly:0 HLODRelevant:1
 |   |   |- [+] [ 36]
 |   |   |   |- Guid:8502745145B16D5C297508B66E31EBDD BaseClass: NativeClass:/Script/Engine.StaticMeshActor Name:StaticMeshActor_1 Label:SM_Cube SpatiallyLoaded:1 Bounds:IsValid=true, Min=(X=-400.000 Y=-3750.000 Z=-50.000), Max=(X=5150.000 Y=4150.000 Z=0.000) RuntimeGrid:None EditorOnly:0 RuntimeOnly:0 HLODRelevant:0 FolderPath:Geometry FolderGuid:C73F09FC4215536B1DCE2A9E0A830C70
 |   |   |- [+] [ 37]
 |   |   |   |- Guid:B2CC64F74D2CF8EA60C06891497D576C BaseClass: NativeClass:/Script/Engine.StaticMeshActor Name:StaticMeshActor_UAID_047C16DE8D6767D301_1224249489 Label:Rainbow SpatiallyLoaded:1 Bounds:IsValid=true, Min=(X=2101.520 Y=-2572.270 Z=-0.000), Max=(X=2758.479 Y=-1434.385 Z=651.531) RuntimeGrid:None EditorOnly:0 RuntimeOnly:0 HLODRelevant:1 FolderPath:Geometry FolderGuid:C73F09FC4215536B1DCE2A9E0A830C70
 |   |   |- [+] [ 38]
 |   |   |   |- Guid:6685B2B3452C030D8AE965B35D314F7D BaseClass: NativeClass:/Script/Engine.StaticMeshActor Name:StaticMeshActor_UAID_047C16DE8D6716D301_1435140273 Label:Painting_1x3 SpatiallyLoaded:1 Bounds:IsValid=true, Min=(X=900.000 Y=3285.000 Z=200.000), Max=(X=1000.000 Y=3295.000 Z=300.000) RuntimeGrid:None EditorOnly:0 RuntimeOnly:0 HLODRelevant:1 FolderPath:Geometry FolderGuid:C73F09FC4215536B1DCE2A9E0A830C70
 |   |   |- [+] [ 39]
 |   |   |   |- Guid:4F71CADD4F49170CC441C4B5B96F0DCB BaseClass: NativeClass:/Script/Engine.StaticMeshActor Name:StaticMeshActor_UAID_047C16DE8D6716D301_2068158277 Label:Painting_2x1 SpatiallyLoaded:1 Bounds:IsValid=true, Min=(X=600.000 Y=3285.000 Z=200.000), Max=(X=800.000 Y=3295.000 Z=300.000) RuntimeGrid:None EditorOnly:0 RuntimeOnly:0 HLODRelevant:1 FolderPath:Geometry FolderGuid:C73F09FC4215536B1DCE2A9E0A830C70
 |   |   |- [+] [ 40]
 |   |   |   |- Guid:97C1048E42CF2F2974EE26A6EEE52BDD BaseClass: NativeClass:/Script/Engine.StaticMeshActor Name:StaticMeshActor_UAID_047C16DE8D670ED301_1892407560 Label:Prop_Bathtub SpatiallyLoaded:1 Bounds:IsValid=true, Min=(X=1795.000 Y=1200.000 Z=0.000), Max=(X=1995.000 Y=1300.000 Z=65.487) RuntimeGrid:None EditorOnly:0 RuntimeOnly:0 HLODRelevant:1 FolderPath:Geometry FolderGuid:C73F09FC4215536B1DCE2A9E0A830C70
 |   |   |- [+] [ 41]
 |   |   |   |- Guid:70CD757246BC4BDD3BF1E1B46BC35CDD BaseClass: NativeClass:/Script/Engine.Actor Name:Actor_UAID_047C16DE8D6794D301_1344296097 Label:Actor SpatiallyLoaded:1 Bounds:IsValid=true, Min=(X=-221.828 Y=-3724.290 Z=-11.651), Max=(X=4100.000 Y=4500.000 Z=738.742) RuntimeGrid:None EditorOnly:0 RuntimeOnly:0 HLODRelevant:1
 |   |   |- [+] [ 42]
 |   |   |   |- Guid:2445C0F548B150EC2D220D9992E427BA BaseClass: NativeClass:/Script/Engine.SkyAtmosphere Name:SkyAtmosphere_0 Label:SkyAtmosphere SpatiallyLoaded:0 Bounds:IsValid=true, Min=(X=4100.000 Y=-3100.000 Z=1020.000), Max=(X=4100.000 Y=-3100.000 Z=1020.000) RuntimeGrid:None EditorOnly:0 RuntimeOnly:0 HLODRelevant:0 FolderPath:Lighting FolderGuid:963EC3EB4002CCE9759E2EBA541A873A
 |   |   |- [+] [ 43]
 |   |   |   |- Guid:8A017035424E30283CC1E59A208AC971 BaseClass: NativeClass:/Script/Engine.StaticMeshActor Name:StaticMeshActor_UAID_047C16DE8D6768D301_2010598705 Label:Env_Grass5 SpatiallyLoaded:1 Bounds:IsValid=true, Min=(X=310.553 Y=-1152.821 Z=8.197), Max=(X=332.911 Y=-1127.045 Z=39.899) RuntimeGrid:None EditorOnly:0 RuntimeOnly:0 HLODRelevant:1 FolderPath:Geometry FolderGuid:C73F09FC4215536B1DCE2A9E0A830C70
 |   |   |- [+] [ 44]
 |   |   |   |- Guid:E96DAF804CDBE6328876B19C9BE422CE BaseClass: NativeClass:/Script/Engine.StaticMeshActor Name:StaticMeshActor_UAID_047C16DE8D6717D301_1874683458 Label:Rectangle5 SpatiallyLoaded:1 Bounds:IsValid=true, Min=(X=300.000 Y=1200.000 Z=0.000), Max=(X=900.000 Y=2100.000 Z=0.000) RuntimeGrid:None EditorOnly:0 RuntimeOnly:0 HLODRelevant:0 FolderPath:Geometry FolderGuid:C73F09FC4215536B1DCE2A9E0A830C70
 |   |   |- [+] [ 45]
 |   |   |   |- Guid:715B0E2441948A8E9E856392B2B0244E BaseClass:/Game/Blueprints/HumanObstacle.HumanObstacle_C NativeClass:/Script/Engine.Actor Name:HumanObstacle_C_UAID_047C16DE8D6729D201_1198293394 Label:HumanObstacle12 SpatiallyLoaded:1 Bounds:IsValid=true, Min=(X=991.825 Y=1523.289 Z=-88.000), Max=(X=1503.887 Y=2007.735 Z=103.763) RuntimeGrid:None EditorOnly:0 RuntimeOnly:0 HLODRelevant:0 FolderPath:Functionality FolderGuid:FC9B6C4F4EFED53F46C3BBB3B918B335
 |   |   |- [+] [ 46]
 |   |   |   |- Guid:E8E2874B4D6639DEE633FDB8E5826898 BaseClass: NativeClass:/Script/Engine.StaticMeshActor Name:StaticMeshActor_UAID_047C16DE8D6716D301_1676638274 Label:Painting_1x4 SpatiallyLoaded:1 Bounds:IsValid=true, Min=(X=1485.000 Y=2450.000 Z=200.000), Max=(X=1495.000 Y=2550.000 Z=400.000) RuntimeGrid:None EditorOnly:0 RuntimeOnly:0 HLODRelevant:1 FolderPath:Geometry FolderGuid:C73F09FC4215536B1DCE2A9E0A830C70
 |   |   |- [+] [ 47]
 |   |   |   |- Guid:785FD10643403BDF5F18889AB28BA41D BaseClass: NativeClass:/Script/Engine.StaticMeshActor Name:StaticMeshActor_UAID_047C16DE8D6716D301_2092515278 Label:Painting_2x2 SpatiallyLoaded:1 Bounds:IsValid=true, Min=(X=1572.500 Y=850.000 Z=250.000), Max=(X=1582.500 Y=1050.000 Z=350.000) RuntimeGrid:None EditorOnly:0 RuntimeOnly:0 HLODRelevant:1 FolderPath:Geometry FolderGuid:C73F09FC4215536B1DCE2A9E0A830C70
 |   |   |- [+] [ 48]
 |   |   |   |- Guid:6CD3AFAF4E03132C56710D8A1519B7C4 BaseClass: NativeClass:/Script/Engine.StaticMeshActor Name:StaticMeshActor_UAID_047C16DE8D6770D301_2051800406 Label:Prop_Cake SpatiallyLoaded:1 Bounds:IsValid=true, Min=(X=727.320 Y=2534.981 Z=99.994), Max=(X=822.680 Y=2665.019 Z=130.061) RuntimeGrid:None EditorOnly:0 RuntimeOnly:0 HLODRelevant:1 FolderPath:Geometry FolderGuid:C73F09FC4215536B1DCE2A9E0A830C70
 |   |   |- [+] [ 49]
 |   |   |   |- Guid:10AD310546E4E600B745AE8DF94F2219 BaseClass: NativeClass:/Script/Engine.WorldDataLayers Name:WorldDataLayers Label:WorldDataLayers SpatiallyLoaded:0 Bounds:IsValid=true, Min=(X=0.000 Y=0.000 Z=0.000), Max=(X=0.000 Y=0.000 Z=0.000) RuntimeGrid:None EditorOnly:0 RuntimeOnly:0 HLODRelevant:0
 |   |   |- [+] [ 50]
 |   |   |   |- Guid:13EA461843DDA25B3AB98CBCFB2F40CE BaseClass: NativeClass:/Script/Engine.StaticMeshActor Name:StaticMeshActor_UAID_047C16DE8D670AD301_1108657797 Label:Prop_CoffeeTable SpatiallyLoaded:1 Bounds:IsValid=true, Min=(X=1180.656 Y=580.656 Z=0.025), Max=(X=1419.344 Y=819.344 Z=49.430) RuntimeGrid:None EditorOnly:0 RuntimeOnly:0 HLODRelevant:1 FolderPath:Geometry FolderGuid:C73F09FC4215536B1DCE2A9E0A830C70
 |   |   |- [+] [ 51]
 |   |   |   |- Guid:D6EB5364425133440730D7A48B104779 BaseClass: NativeClass:/Script/Engine.DirectionalLight Name:DirectionalLight_0 Label:DirectionalLight SpatiallyLoaded:0 Bounds:IsValid=true, Min=(X=-4398046511104.000 Y=-4398046511104.000 Z=-4398046511104.000), Max=(X=4398046511104.000 Y=4398046511104.000 Z=4398046511104.000) RuntimeGrid:None EditorOnly:0 RuntimeOnly:0 HLODRelevant:0 FolderPath:Lighting FolderGuid:963EC3EB4002CCE9759E2EBA541A873A
 |   |   |- [+] [ 52]
 |   |   |   |- Guid:7DB1638245B0AE4CC3673C960B6D4488 BaseClass: NativeClass:/Script/Engine.StaticMeshActor Name:StaticMeshActor_UAID_047C16DE8D6717D301_1640056456 Label:Rectangle4 SpatiallyLoaded:1 Bounds:IsValid=true, Min=(X=1600.000 Y=1100.000 Z=0.000), Max=(X=2000.000 Y=2100.000 Z=0.000) RuntimeGrid:None EditorOnly:0 RuntimeOnly:0 HLODRelevant:0 FolderPath:Geometry FolderGuid:C73F09FC4215536B1DCE2A9E0A830C70
 |   |   |- [+] [ 53]
 |   |   |   |- Guid:46890AF14B295C25AB6C65B519258BE9 BaseClass: NativeClass:/Script/Engine.PlayerStart Name:PlayerStart_UAID_047C16DE8D6713D301_2077513366 Label:PlayerStart SpatiallyLoaded:0 Bounds:IsValid=true, Min=(X=655.749 Y=-1527.813 Z=8.000), Max=(X=735.749 Y=-1447.813 Z=192.000) RuntimeGrid:None EditorOnly:0 RuntimeOnly:0 HLODRelevant:0 FolderPath:Functionality FolderGuid:FC9B6C4F4EFED53F46C3BBB3B918B335
 |   |   |- [+] [ 54]
 |   |   |   |- Guid:A68547C54DEBDF1263FB4DB8A7B60FF5 BaseClass: NativeClass:/Script/Engine.StaticMeshActor Name:StaticMeshActor_UAID_047C16DE8D6747D301_2144671688 Label:Prop_Birdhouse SpatiallyLoaded:1 Bounds:IsValid=true, Min=(X=1117.259 Y=-2343.993 Z=-0.979), Max=(X=1176.180 Y=-2284.783 Z=131.745) RuntimeGrid:None EditorOnly:0 RuntimeOnly:0 HLODRelevant:1 FolderPath:Geometry FolderGuid:C73F09FC4215536B1DCE2A9E0A830C70
 |   |   |- [+] [ 55]
 |   |   |   |- Guid:7B6F2D6940E4303B870CBC81570FFB35 BaseClass:/Game/Blueprints/HumanObstacle.HumanObstacle_C NativeClass:/Script/Engine.Actor Name:HumanObstacle_C_UAID_047C16DE8D67D0D201_1325218033 Label:HumanObstacle13 SpatiallyLoaded:1 Bounds:IsValid=true, Min=(X=545.412 Y=900.920 Z=-88.000), Max=(X=1057.475 Y=1385.366 Z=103.763) RuntimeGrid:None EditorOnly:0 RuntimeOnly:0 HLODRelevant:0 FolderPath:Functionality FolderGuid:FC9B6C4F4EFED53F46C3BBB3B918B335
 |- ContainerInstances:
 |- [+] MainContainer:
 |   |-        ID: 0x0000000000000000
 |   |-    Bounds: IsValid=false, Min=(X=0.000 Y=0.000 Z=0.000), Max=(X=0.000 Y=0.000 Z=0.000)
 |   |- Transform: 0.000000,0.000000,0.000000|0.000000,0.000000,-0.000000|1.000000,1.000000,1.000000
 |   |- Container: /Game/Levels/CloneMap
----------------------------------------------------------------------------------------------------------------
CloneMap - Persistent Level
----------------------------------------------------------------------------------------------------------------
Always loaded Actor Count: 85 

----------------------------------------------------------------------------------------------------------------
CloneMap - Runtime Spatial Hash - Streaming Grid - MainGrid
----------------------------------------------------------------------------------------------------------------
            Origin: X=0.000 Y=0.000 Z=0.000
         Cell Size: 12800
      World Bounds: IsValid=false, Min=(X=0.000 Y=0.000 Z=0.000), Max=(X=0.000 Y=0.000 Z=0.000)
     Loading Range: 25600.00
Block Slow Loading: No
 ClientOnlyVisible: No

[+] Grid Levels: 1
 |- Level  0: Cell Count    0 | Cell Size   12800 | Actor Count    0 (0.0%)

[+] Content of Grid Level 0

