[+] Containers:
 |- [+] Container: /Game/Levels/Map_Lvl2_Graybox
 |   |- [+] ActorDescs:
 |   |   |- Guid:03473F4B4C9AD7C2F32D94AD881DFEF3 BaseClass: NativeClass:/Script/Engine.StaticMeshActor Name:StaticMeshActor_UAID_047C16DE8D673AD501_1163286423 Label:kit_graybox_block16 SpatiallyLoaded:1 Bounds:IsValid=true, Min=(X=-600.000 Y=-1000.000 Z=-200.000), Max=(X=-400.000 Y=-800.000 Z=0.000) RuntimeGrid:None EditorOnly:0 RuntimeOnly:0 HLODRelevant:1
 |   |   |- Guid:04B7592B45748EE30243568C838313A8 BaseClass: NativeClass:/Script/Engine.StaticMeshActor Name:StaticMeshActor_UAID_047C16DE8D673AD501_1098790410 Label:kit_graybox_block5 SpatiallyLoaded:1 Bounds:IsValid=true, Min=(X=-200.000 Y=-1400.000 Z=-200.000), Max=(X=0.000 Y=-1200.000 Z=-100.000) RuntimeGrid:None EditorOnly:0 RuntimeOnly:0 HLODRelevant:1
 |   |   |- Guid:0584B68D4C9D91FBAFF295A28B4E7ED4 BaseClass: NativeClass:/Script/Engine.StaticMeshActor Name:StaticMeshActor_UAID_047C16DE8D6739D501_2127434229 Label:kit_graybox_block2 SpatiallyLoaded:1 Bounds:IsValid=true, Min=(X=-600.000 Y=-1400.000 Z=-200.000), Max=(X=-400.000 Y=-1200.000 Z=-100.000) RuntimeGrid:None EditorOnly:0 RuntimeOnly:0 HLODRelevant:1
 |   |   |- Guid:0710FC0D4121BEDD6E840AB4047DE628 BaseClass: NativeClass:/Script/Engine.StaticMeshActor Name:StaticMeshActor_UAID_047C16DE8D673AD501_1791201452 Label:kit_graybox_block29 SpatiallyLoaded:1 Bounds:IsValid=true, Min=(X=-400.000 Y=-1600.000 Z=-300.000), Max=(X=-200.000 Y=-1400.000 Z=-200.000) RuntimeGrid:None EditorOnly:0 RuntimeOnly:0 HLODRelevant:1
 |   |   |- Guid:09A065234175B03B0EFEBF96A552224B BaseClass: NativeClass:/Script/Engine.StaticMeshActor Name:StaticMeshActor_UAID_047C16DE8D673AD501_1917231473 Label:kit_graybox_block47 SpatiallyLoaded:1 Bounds:IsValid=true, Min=(X=-400.000 Y=-3000.000 Z=-300.000), Max=(X=-200.000 Y=-2800.000 Z=-200.000) RuntimeGrid:None EditorOnly:0 RuntimeOnly:0 HLODRelevant:1
 |   |   |- Guid:0CF95990427F783B627F1185F6BE13C8 BaseClass: NativeClass:/Script/Engine.StaticMeshActor Name:StaticMeshActor_UAID_047C16DE8D673AD501_1120556414 Label:Box_1B60F4B12 SpatiallyLoaded:1 Bounds:IsValid=true, Min=(X=-600.000 Y=-1200.000 Z=-150.000), Max=(X=-400.000 Y=-1000.000 Z=0.000) RuntimeGrid:None EditorOnly:0 RuntimeOnly:0 HLODRelevant:1
 |   |   |- Guid:10A97A444F7FAC0C67BBDAB9EE26C7E7 BaseClass: NativeClass:/Script/Engine.StaticMeshActor Name:StaticMeshActor_UAID_047C16DE8D673AD501_1909169472 Label:kit_graybox_block46 SpatiallyLoaded:1 Bounds:IsValid=true, Min=(X=-400.000 Y=-2800.000 Z=-300.000), Max=(X=-200.000 Y=-2600.000 Z=-200.000) RuntimeGrid:None EditorOnly:0 RuntimeOnly:0 HLODRelevant:1
 |   |   |- Guid:164B2886453060B869E487BF8DF25458 BaseClass: NativeClass:/Script/Engine.StaticMeshActor Name:StaticMeshActor_UAID_047C16DE8D673AD501_1352416447 Label:kit_graybox_block27 SpatiallyLoaded:1 Bounds:IsValid=true, Min=(X=-200.000 Y=-2600.000 Z=-200.000), Max=(X=0.000 Y=-2400.000 Z=0.000) RuntimeGrid:None EditorOnly:0 RuntimeOnly:0 HLODRelevant:1
 |   |   |- Guid:1A59CE184A110259B742B8A8DEDDEAC5 BaseClass: NativeClass:/Script/Engine.StaticMeshActor Name:StaticMeshActor_UAID_047C16DE8D673AD501_1169754427 Label:kit_graybox_block20 SpatiallyLoaded:1 Bounds:IsValid=true, Min=(X=0.000 Y=-1600.000 Z=-200.000), Max=(X=200.000 Y=-1400.000 Z=0.000) RuntimeGrid:None EditorOnly:0 RuntimeOnly:0 HLODRelevant:1
 |   |   |- Guid:1AFB06D04B4499CCCF55C3A604498617 BaseClass: NativeClass:/Script/Engine.StaticMeshActor Name:StaticMeshActor_UAID_047C16DE8D673AD501_1822501457 Label:kit_graybox_block34 SpatiallyLoaded:1 Bounds:IsValid=true, Min=(X=-1200.000 Y=-1600.000 Z=-300.000), Max=(X=-1000.000 Y=-1400.000 Z=-200.000) RuntimeGrid:None EditorOnly:0 RuntimeOnly:0 HLODRelevant:1
 |   |   |- Guid:37E101DB4E57704598F513B99C5374CE BaseClass: NativeClass:/Script/Engine.StaticMeshActor Name:StaticMeshActor_UAID_047C16DE8D673AD501_1144090418 Label:kit_graybox_block12 SpatiallyLoaded:1 Bounds:IsValid=true, Min=(X=-1200.000 Y=-1200.000 Z=-200.000), Max=(X=-1000.000 Y=-1000.000 Z=0.000) RuntimeGrid:None EditorOnly:0 RuntimeOnly:0 HLODRelevant:1
 |   |   |- Guid:3FD58C4144055E84E54724BF6F246401 BaseClass: NativeClass:/Script/Engine.StaticMeshActor Name:StaticMeshActor_UAID_047C16DE8D673AD501_1947200480 Label:Box_1B60F4B16 SpatiallyLoaded:1 Bounds:IsValid=true, Min=(X=-600.000 Y=-3000.000 Z=-350.000), Max=(X=-400.000 Y=-2800.000 Z=-200.000) RuntimeGrid:None EditorOnly:0 RuntimeOnly:0 HLODRelevant:1
 |   |   |- Guid:46506B8149D537D4521E80A3C3A66DB7 BaseClass: NativeClass:/Script/Engine.SkyLight Name:SkyLight_1 Label:SkyLight SpatiallyLoaded:0 Bounds:IsValid=true, Min=(X=4100.000 Y=-3100.000 Z=690.000), Max=(X=4100.000 Y=-3100.000 Z=690.000) RuntimeGrid:None EditorOnly:0 RuntimeOnly:0 HLODRelevant:0 FolderPath:Lighting FolderGuid:963EC3EB4002CCE9759E2EBA541A873A
 |   |   |- Guid:490B21064FA2727FB4F53DAB1148CC1C BaseClass: NativeClass:/Script/Engine.StaticMeshActor Name:StaticMeshActor_UAID_047C16DE8D673AD501_1173788429 Label:kit_graybox_block22 SpatiallyLoaded:1 Bounds:IsValid=true, Min=(X=0.000 Y=-1400.000 Z=-200.000), Max=(X=200.000 Y=-1200.000 Z=0.000) RuntimeGrid:None EditorOnly:0 RuntimeOnly:0 HLODRelevant:1
 |   |   |- Guid:495298704108826CB66032972304E96A BaseClass: NativeClass:/Script/Engine.StaticMeshActor Name:StaticMeshActor_UAID_047C16DE8D673AD501_1832166461 Label:kit_graybox_block38 SpatiallyLoaded:1 Bounds:IsValid=true, Min=(X=-1400.000 Y=-1200.000 Z=-300.000), Max=(X=-1200.000 Y=-1000.000 Z=-200.000) RuntimeGrid:None EditorOnly:0 RuntimeOnly:0 HLODRelevant:1
 |   |   |- Guid:497FE93345556E1FC29E94B939616069 BaseClass: NativeClass:/Script/Engine.StaticMeshActor Name:StaticMeshActor_UAID_047C16DE8D673AD501_1838511462 Label:Box_1B60F4B13 SpatiallyLoaded:1 Bounds:IsValid=true, Min=(X=-1400.000 Y=-1300.000 Z=-300.000), Max=(X=-1200.000 Y=-1100.000 Z=-150.000) RuntimeGrid:None EditorOnly:0 RuntimeOnly:0 HLODRelevant:1
 |   |   |- Guid:4BCFC3914982B147B76B44B2AE62B080 BaseClass: NativeClass:/Script/Engine.StaticMeshActor Name:StaticMeshActor_UAID_047C16DE8D673AD501_1166025426 Label:kit_graybox_block19 SpatiallyLoaded:1 Bounds:IsValid=true, Min=(X=0.000 Y=-1000.000 Z=-200.000), Max=(X=200.000 Y=-800.000 Z=0.000) RuntimeGrid:None EditorOnly:0 RuntimeOnly:0 HLODRelevant:1
 |   |   |- Guid:53E0DAA344D22817C075119598A050F1 BaseClass: NativeClass:/Script/Engine.SkyAtmosphere Name:SkyAtmosphere_0 Label:SkyAtmosphere SpatiallyLoaded:0 Bounds:IsValid=true, Min=(X=4100.000 Y=-3100.000 Z=1020.000), Max=(X=4100.000 Y=-3100.000 Z=1020.000) RuntimeGrid:None EditorOnly:0 RuntimeOnly:0 HLODRelevant:0 FolderPath:Lighting FolderGuid:963EC3EB4002CCE9759E2EBA541A873A
 |   |   |- Guid:53F79A7D43FD20657A10E4ADDD4EAC05 BaseClass: NativeClass:/Script/Engine.StaticMeshActor Name:StaticMeshActor_UAID_047C16DE8D673AD501_1136657415 Label:kit_graybox_block9 SpatiallyLoaded:1 Bounds:IsValid=true, Min=(X=-400.000 Y=-1200.000 Z=-200.000), Max=(X=-200.000 Y=-1000.000 Z=0.000) RuntimeGrid:None EditorOnly:0 RuntimeOnly:0 HLODRelevant:1
 |   |   |- Guid:54B763C14142D3D6567AD18FCDD9439E BaseClass: NativeClass:/Script/Engine.StaticMeshActor Name:StaticMeshActor_UAID_047C16DE8D6739D501_2114409228 Label:kit_graybox_block SpatiallyLoaded:1 Bounds:IsValid=true, Min=(X=-400.000 Y=-1400.000 Z=-200.000), Max=(X=-200.000 Y=-1200.000 Z=-100.000) RuntimeGrid:None EditorOnly:0 RuntimeOnly:0 HLODRelevant:1
 |   |   |- Guid:555F06D24DB990E37DFA6FB77A658643 BaseClass: NativeClass:/Script/Engine.StaticMeshActor Name:StaticMeshActor_UAID_047C16DE8D673AD501_1936941479 Label:Box_1B60F4B15 SpatiallyLoaded:1 Bounds:IsValid=true, Min=(X=-600.000 Y=-1800.000 Z=-350.000), Max=(X=-400.000 Y=-1600.000 Z=-200.000) RuntimeGrid:None EditorOnly:0 RuntimeOnly:0 HLODRelevant:1
 |   |   |- Guid:55A52204413A1ECB5FDC809424DA046A BaseClass: NativeClass:/Script/Engine.StaticMeshActor Name:StaticMeshActor_UAID_047C16DE8D673AD501_1342219446 Label:kit_graybox_block26 SpatiallyLoaded:1 Bounds:IsValid=true, Min=(X=-200.000 Y=-2400.000 Z=-200.000), Max=(X=0.000 Y=-2200.000 Z=0.000) RuntimeGrid:None EditorOnly:0 RuntimeOnly:0 HLODRelevant:1
 |   |   |- Guid:5D8C4F6344263A1FAF3E398D7B58B941 BaseClass: NativeClass:/Script/Engine.StaticMeshActor Name:StaticMeshActor_UAID_047C16DE8D673AD501_1814467454 Label:kit_graybox_block31 SpatiallyLoaded:1 Bounds:IsValid=true, Min=(X=-600.000 Y=-1600.000 Z=-300.000), Max=(X=-400.000 Y=-1400.000 Z=-200.000) RuntimeGrid:None EditorOnly:0 RuntimeOnly:0 HLODRelevant:1
 |   |   |- Guid:5FFEDE98494EC25BD4FAE3AE0DE10CE3 BaseClass: NativeClass:/Script/Engine.StaticMeshActor Name:StaticMeshActor_UAID_047C16DE8D673AD501_1113492412 Label:kit_graybox_block7 SpatiallyLoaded:1 Bounds:IsValid=true, Min=(X=-200.000 Y=-1200.000 Z=-200.000), Max=(X=0.000 Y=-1000.000 Z=0.000) RuntimeGrid:None EditorOnly:0 RuntimeOnly:0 HLODRelevant:1
 |   |   |- Guid:60B8AE4C4AAD0741669D3694DBBBF881 BaseClass: NativeClass:/Script/Engine.PlayerStart Name:PlayerStart_UAID_047C16DE8D673AD501_2022706483 Label:PlayerStart SpatiallyLoaded:0 Bounds:IsValid=true, Min=(X=-1140.000 Y=-2640.000 Z=-300.000), Max=(X=-1060.000 Y=-2560.000 Z=-116.000) RuntimeGrid:None EditorOnly:0 RuntimeOnly:0 HLODRelevant:0
 |   |   |- Guid:6160857140D6F4A07DB3F89C2C572CC3 BaseClass: NativeClass:/Script/Engine.StaticMeshActor Name:StaticMeshActor_UAID_047C16DE8D673AD501_1085993409 Label:Box_1B60F4B11 SpatiallyLoaded:1 Bounds:IsValid=true, Min=(X=-200.000 Y=-1400.000 Z=-150.000), Max=(X=0.000 Y=-1200.000 Z=0.000) RuntimeGrid:None EditorOnly:0 RuntimeOnly:0 HLODRelevant:1
 |   |   |- Guid:61AE65F94341F53CDA7921A05156FAE8 BaseClass: NativeClass:/Script/Engine.StaticMeshActor Name:StaticMeshActor_UAID_047C16DE8D673AD501_1799869453 Label:kit_graybox_block30 SpatiallyLoaded:1 Bounds:IsValid=true, Min=(X=-400.000 Y=-1800.000 Z=-300.000), Max=(X=-200.000 Y=-1600.000 Z=-200.000) RuntimeGrid:None EditorOnly:0 RuntimeOnly:0 HLODRelevant:1
 |   |   |- Guid:70496CE74556AEC9A70412BF52367ADD BaseClass: NativeClass:/Script/Engine.StaticMeshActor Name:StaticMeshActor_UAID_047C16DE8D673AD501_1826634458 Label:kit_graybox_block35 SpatiallyLoaded:1 Bounds:IsValid=true, Min=(X=-1400.000 Y=-1600.000 Z=-300.000), Max=(X=-1200.000 Y=-1400.000 Z=-200.000) RuntimeGrid:None EditorOnly:0 RuntimeOnly:0 HLODRelevant:1
 |   |   |- Guid:7077E7084B64EBF48E97CCB5CAB99F03 BaseClass: NativeClass:/Script/Engine.StaticMeshActor Name:StaticMeshActor_UAID_047C16DE8D673AD501_1140256417 Label:kit_graybox_block11 SpatiallyLoaded:1 Bounds:IsValid=true, Min=(X=-1000.000 Y=-1200.000 Z=-200.000), Max=(X=-800.000 Y=-1000.000 Z=0.000) RuntimeGrid:None EditorOnly:0 RuntimeOnly:0 HLODRelevant:1
 |   |   |- Guid:763A795A46D93092AF087A976F6ED0B1 BaseClass: NativeClass:/Script/Engine.StaticMeshActor Name:StaticMeshActor_UAID_047C16DE8D673AD501_1817201456 Label:kit_graybox_block33 SpatiallyLoaded:1 Bounds:IsValid=true, Min=(X=-1000.000 Y=-1600.000 Z=-300.000), Max=(X=-800.000 Y=-1400.000 Z=-200.000) RuntimeGrid:None EditorOnly:0 RuntimeOnly:0 HLODRelevant:1
 |   |   |- Guid:780C7DED4C5C09C5DC09B09D8DEE8B95 BaseClass: NativeClass:/Script/Engine.PostProcessVolume Name:PostProcessVolume_UAID_30F6EFE079B3AFD301_1749109861 Label:PostProcessVolumeCelShader SpatiallyLoaded:0 Bounds:IsValid=true, Min=(X=3751.166 Y=-3424.788 Z=650.000), Max=(X=3951.166 Y=-3224.788 Z=850.000) RuntimeGrid:None EditorOnly:0 RuntimeOnly:0 HLODRelevant:0 FolderPath:Lighting FolderGuid:963EC3EB4002CCE9759E2EBA541A873A
 |   |   |- Guid:794F802A45EAF77E06D5E29BCAF91631 BaseClass: NativeClass:/Script/Engine.StaticMeshActor Name:StaticMeshActor_UAID_047C16DE8D673AD501_1152356420 Label:kit_graybox_block13 SpatiallyLoaded:1 Bounds:IsValid=true, Min=(X=-1200.000 Y=-1000.000 Z=-200.000), Max=(X=-1000.000 Y=-800.000 Z=0.000) RuntimeGrid:None EditorOnly:0 RuntimeOnly:0 HLODRelevant:1
 |   |   |- Guid:7B91C50B4F78E86810236A910FAC48F7 BaseClass: NativeClass:/Script/Engine.StaticMeshActor Name:StaticMeshActor_UAID_047C16DE8D673AD501_1904465468 Label:kit_graybox_block42 SpatiallyLoaded:1 Bounds:IsValid=true, Min=(X=-400.000 Y=-2000.000 Z=-300.000), Max=(X=-200.000 Y=-1800.000 Z=-200.000) RuntimeGrid:None EditorOnly:0 RuntimeOnly:0 HLODRelevant:1
 |   |   |- Guid:7D67ECBB49AFC5950BC8459C4528C4BB BaseClass: NativeClass:/Script/Engine.StaticMeshActor Name:StaticMeshActor_UAID_047C16DE8D673AD501_1880302467 Label:kit_graybox_block41 SpatiallyLoaded:1 Bounds:IsValid=true, Min=(X=-1387.500 Y=-800.000 Z=-300.000), Max=(X=187.500 Y=-600.000 Z=0.000) RuntimeGrid:None EditorOnly:0 RuntimeOnly:0 HLODRelevant:1
 |   |   |- Guid:7EA9FD6542829F1474E28BAF38CE1F7B BaseClass: NativeClass:/Script/Engine.StaticMeshActor Name:StaticMeshActor_UAID_047C16DE8D673AD501_1909167470 Label:kit_graybox_block44 SpatiallyLoaded:1 Bounds:IsValid=true, Min=(X=-400.000 Y=-2400.000 Z=-300.000), Max=(X=-200.000 Y=-2200.000 Z=-200.000) RuntimeGrid:None EditorOnly:0 RuntimeOnly:0 HLODRelevant:1
 |   |   |- Guid:800F3F5141321A28642D81AB3AC61725 BaseClass: NativeClass:/Script/Engine.StaticMeshActor Name:StaticMeshActor_UAID_047C16DE8D673AD501_1078989408 Label:Box_1B60F4B10 SpatiallyLoaded:1 Bounds:IsValid=true, Min=(X=-1200.000 Y=-1400.000 Z=-250.000), Max=(X=-1000.000 Y=-1200.000 Z=-100.000) RuntimeGrid:None EditorOnly:0 RuntimeOnly:0 HLODRelevant:1
 |   |   |- Guid:85BD4BF24D09D676E3C463B5DE9A4B4E BaseClass: NativeClass:/Script/Engine.StaticMeshActor Name:StaticMeshActor_UAID_047C16DE8D6739D501_2146866231 Label:kit_graybox_block4 SpatiallyLoaded:1 Bounds:IsValid=true, Min=(X=-1000.000 Y=-1400.000 Z=-200.000), Max=(X=-800.000 Y=-1200.000 Z=-100.000) RuntimeGrid:None EditorOnly:0 RuntimeOnly:0 HLODRelevant:1
 |   |   |- Guid:85EEE94F4E0625E087A6C5B61ED2CD12 BaseClass: NativeClass:/Script/Engine.StaticMeshActor Name:StaticMeshActor_UAID_047C16DE8D673AD501_1116689413 Label:kit_graybox_block8 SpatiallyLoaded:1 Bounds:IsValid=true, Min=(X=-600.000 Y=-1200.000 Z=-200.000), Max=(X=-400.000 Y=-1000.000 Z=-100.000) RuntimeGrid:None EditorOnly:0 RuntimeOnly:0 HLODRelevant:1
 |   |   |- Guid:9361D8B24EBD3350ED2174A2CCB6BC86 BaseClass: NativeClass:/Script/Engine.ExponentialHeightFog Name:ExponentialHeightFog_0 Label:ExponentialHeightFog SpatiallyLoaded:0 Bounds:IsValid=true, Min=(X=-5600.000 Y=-50.000 Z=-6850.000), Max=(X=-5600.000 Y=-50.000 Z=-6850.000) RuntimeGrid:None EditorOnly:0 RuntimeOnly:0 HLODRelevant:0 FolderPath:Lighting FolderGuid:963EC3EB4002CCE9759E2EBA541A873A
 |   |   |- Guid:98D1B9164C2BA10C71C40AB7D6AA6349 BaseClass: NativeClass:/Script/Engine.WorldDataLayers Name:WorldDataLayers Label:WorldDataLayers SpatiallyLoaded:0 Bounds:IsValid=true, Min=(X=0.000 Y=0.000 Z=0.000), Max=(X=0.000 Y=0.000 Z=0.000) RuntimeGrid:None EditorOnly:0 RuntimeOnly:0 HLODRelevant:0
 |   |   |- Guid:A3859FD14CD1C84294B97E9EA44EFD3A BaseClass: NativeClass:/Script/Engine.StaticMeshActor Name:StaticMeshActor_UAID_047C16DE8D673AD501_1815801455 Label:kit_graybox_block32 SpatiallyLoaded:1 Bounds:IsValid=true, Min=(X=-800.000 Y=-1600.000 Z=-300.000), Max=(X=-600.000 Y=-1400.000 Z=-200.000) RuntimeGrid:None EditorOnly:0 RuntimeOnly:0 HLODRelevant:1
 |   |   |- Guid:A47B69704C5DFA7A69200AA035F9D580 BaseClass: NativeClass:/Script/Engine.StaticMeshActor Name:StaticMeshActor_UAID_047C16DE8D679BD401_1470416602 Label:Plane SpatiallyLoaded:1 Bounds:IsValid=true, Min=(X=-4000.000 Y=-7300.000 Z=-300.000), Max=(X=4000.000 Y=4700.000 Z=-300.000) RuntimeGrid:None EditorOnly:0 RuntimeOnly:0 HLODRelevant:1
 |   |   |- Guid:A5D5027B445AD200CD84D2949CB70C69 BaseClass: NativeClass:/Script/Engine.StaticMeshActor Name:StaticMeshActor_UAID_047C16DE8D673AD501_1868166466 Label:kit_graybox_block40 SpatiallyLoaded:1 Bounds:IsValid=true, Min=(X=-1400.000 Y=-900.000 Z=-300.000), Max=(X=-1200.000 Y=-800.000 Z=0.000) RuntimeGrid:None EditorOnly:0 RuntimeOnly:0 HLODRelevant:1
 |   |   |- Guid:B486BCDA409D966BE855B0924882ADA7 BaseClass: NativeClass:/Script/Engine.StaticMeshActor Name:StaticMeshActor_UAID_047C16DE8D673AD501_1864568465 Label:kit_graybox_block39 SpatiallyLoaded:1 Bounds:IsValid=true, Min=(X=-1400.000 Y=-1100.000 Z=-300.000), Max=(X=-1200.000 Y=-900.000 Z=-150.000) RuntimeGrid:None EditorOnly:0 RuntimeOnly:0 HLODRelevant:1
 |   |   |- Guid:C518F27248877987774A3E94739BA78A BaseClass: NativeClass:/Script/Engine.DirectionalLight Name:DirectionalLight_0 Label:DirectionalLight SpatiallyLoaded:0 Bounds:IsValid=true, Min=(X=-4398046511104.000 Y=-4398046511104.000 Z=-4398046511104.000), Max=(X=4398046511104.000 Y=4398046511104.000 Z=4398046511104.000) RuntimeGrid:None EditorOnly:0 RuntimeOnly:0 HLODRelevant:0 FolderPath:Lighting FolderGuid:963EC3EB4002CCE9759E2EBA541A873A
 |   |   |- Guid:C8430C26486D8C8114AAE083019BD24B BaseClass: NativeClass:/Script/Engine.StaticMeshActor Name:StaticMeshActor_UAID_047C16DE8D673AD501_1338417444 Label:kit_graybox_block24 SpatiallyLoaded:1 Bounds:IsValid=true, Min=(X=-200.000 Y=-2000.000 Z=-200.000), Max=(X=0.000 Y=-1800.000 Z=0.000) RuntimeGrid:None EditorOnly:0 RuntimeOnly:0 HLODRelevant:1
 |   |   |- Guid:CA22EE914F48EAD31238B0B4682B2D6E BaseClass: NativeClass:/Script/Engine.StaticMeshActor Name:StaticMeshActor_UAID_047C16DE8D673AD501_1830104460 Label:kit_graybox_block37 SpatiallyLoaded:1 Bounds:IsValid=true, Min=(X=-1400.000 Y=-1400.000 Z=-300.000), Max=(X=-1200.000 Y=-1200.000 Z=-200.000) RuntimeGrid:None EditorOnly:0 RuntimeOnly:0 HLODRelevant:1
 |   |   |- Guid:CA7D31954F11F9270B8198802283CBCB BaseClass: NativeClass:/Script/Engine.StaticMeshActor Name:StaticMeshActor_UAID_047C16DE8D673AD501_1342217445 Label:kit_graybox_block25 SpatiallyLoaded:1 Bounds:IsValid=true, Min=(X=-200.000 Y=-2200.000 Z=-200.000), Max=(X=0.000 Y=-2000.000 Z=0.000) RuntimeGrid:None EditorOnly:0 RuntimeOnly:0 HLODRelevant:1
 |   |   |- Guid:CE9525014053AF9197C6209310C2FE90 BaseClass: NativeClass:/Script/Engine.StaticMeshActor Name:StaticMeshActor_UAID_047C16DE8D673AD501_1830102459 Label:kit_graybox_block36 SpatiallyLoaded:1 Bounds:IsValid=true, Min=(X=-1200.000 Y=-1400.000 Z=-300.000), Max=(X=-1000.000 Y=-1200.000 Z=-200.000) RuntimeGrid:None EditorOnly:0 RuntimeOnly:0 HLODRelevant:1
 |   |   |- Guid:D24890E648BBA547A1282CABB64FA121 BaseClass: NativeClass:/Script/Engine.StaticMeshActor Name:StaticMeshActor_UAID_047C16DE8D673AD501_1106689411 Label:kit_graybox_block6 SpatiallyLoaded:1 Bounds:IsValid=true, Min=(X=-200.000 Y=-1600.000 Z=-200.000), Max=(X=0.000 Y=-1400.000 Z=0.000) RuntimeGrid:None EditorOnly:0 RuntimeOnly:0 HLODRelevant:1
 |   |   |- Guid:D8E5F2954B4A7709790F0BB66F5E80F1 BaseClass: NativeClass:/Script/Engine.StaticMeshActor Name:StaticMeshActor_UAID_047C16DE8D673AD501_1169756428 Label:kit_graybox_block21 SpatiallyLoaded:1 Bounds:IsValid=true, Min=(X=0.000 Y=-1200.000 Z=-200.000), Max=(X=200.000 Y=-1000.000 Z=0.000) RuntimeGrid:None EditorOnly:0 RuntimeOnly:0 HLODRelevant:1
 |   |   |- Guid:E093667E47CA4DFF5BF98D9355E64F6E BaseClass: NativeClass:/Script/Engine.StaticMeshActor Name:StaticMeshActor_UAID_047C16DE8D673AD501_1160757421 Label:kit_graybox_block14 SpatiallyLoaded:1 Bounds:IsValid=true, Min=(X=-800.000 Y=-1000.000 Z=-200.000), Max=(X=-600.000 Y=-800.000 Z=0.000) RuntimeGrid:None EditorOnly:0 RuntimeOnly:0 HLODRelevant:1
 |   |   |- Guid:E10A7B884529BEB85D372193ED959A92 BaseClass: NativeClass:/Script/Engine.StaticMeshActor Name:StaticMeshActor_UAID_047C16DE8D673AD501_1160759422 Label:kit_graybox_block15 SpatiallyLoaded:1 Bounds:IsValid=true, Min=(X=-1000.000 Y=-1000.000 Z=-200.000), Max=(X=-800.000 Y=-800.000 Z=0.000) RuntimeGrid:None EditorOnly:0 RuntimeOnly:0 HLODRelevant:1
 |   |   |- Guid:E468B08F4627CF5855A7E789B1DA6097 BaseClass: NativeClass:/Script/Engine.StaticMeshActor Name:StaticMeshActor_UAID_047C16DE8D673AD501_1166025425 Label:kit_graybox_block18 SpatiallyLoaded:1 Bounds:IsValid=true, Min=(X=-400.000 Y=-1000.000 Z=-200.000), Max=(X=-200.000 Y=-800.000 Z=0.000) RuntimeGrid:None EditorOnly:0 RuntimeOnly:0 HLODRelevant:1
 |   |   |- Guid:E57F83B844DC2C5EB544468CABC82E62 BaseClass: NativeClass:/Script/Engine.StaticMeshActor Name:StaticMeshActor_UAID_047C16DE8D673AD501_1844033463 Label:Box_1B60F4B14 SpatiallyLoaded:1 Bounds:IsValid=true, Min=(X=-1400.000 Y=-1100.000 Z=-150.000), Max=(X=-1200.000 Y=-900.000 Z=0.000) RuntimeGrid:None EditorOnly:0 RuntimeOnly:0 HLODRelevant:1
 |   |   |- Guid:E71FD64844CDC820F9C2F9BF9F35DC67 BaseClass: NativeClass:/Script/Engine.StaticMeshActor Name:StaticMeshActor_UAID_047C16DE8D673AD501_1166023424 Label:kit_graybox_block17 SpatiallyLoaded:1 Bounds:IsValid=true, Min=(X=-200.000 Y=-1000.000 Z=-200.000), Max=(X=0.000 Y=-800.000 Z=0.000) RuntimeGrid:None EditorOnly:0 RuntimeOnly:0 HLODRelevant:1
 |   |   |- Guid:EAE1EFFD484136B466841498DD315F64 BaseClass: NativeClass:/Script/Engine.StaticMeshActor Name:StaticMeshActor_UAID_047C16DE8D673AD501_1905964469 Label:kit_graybox_block43 SpatiallyLoaded:1 Bounds:IsValid=true, Min=(X=-400.000 Y=-2200.000 Z=-300.000), Max=(X=-200.000 Y=-2000.000 Z=-200.000) RuntimeGrid:None EditorOnly:0 RuntimeOnly:0 HLODRelevant:1
 |   |   |- Guid:EEE9D92949DEF35C3D0B32BC3AB6E568 BaseClass: NativeClass:/Script/Engine.StaticMeshActor Name:StaticMeshActor_UAID_047C16DE8D6739D501_2094476227 Label:Box_1B60F4B9 SpatiallyLoaded:1 Bounds:IsValid=true, Min=(X=-400.000 Y=-1600.000 Z=-250.000), Max=(X=-200.000 Y=-1400.000 Z=-100.000) RuntimeGrid:None EditorOnly:0 RuntimeOnly:0 HLODRelevant:1
 |   |   |- Guid:EF299D6C42928CE1DA687F8C26373ECF BaseClass: NativeClass:/Script/Engine.StaticMeshActor Name:StaticMeshActor_UAID_047C16DE8D6739D501_2144968230 Label:kit_graybox_block3 SpatiallyLoaded:1 Bounds:IsValid=true, Min=(X=-800.000 Y=-1400.000 Z=-200.000), Max=(X=-600.000 Y=-1200.000 Z=-100.000) RuntimeGrid:None EditorOnly:0 RuntimeOnly:0 HLODRelevant:1
 |   |   |- Guid:F67D9B8A427169CAA9946181E17EC622 BaseClass: NativeClass:/Script/Engine.StaticMeshActor Name:StaticMeshActor_UAID_047C16DE8D673AD501_1336050443 Label:kit_graybox_block23 SpatiallyLoaded:1 Bounds:IsValid=true, Min=(X=-200.000 Y=-1800.000 Z=-200.000), Max=(X=0.000 Y=-1600.000 Z=0.000) RuntimeGrid:None EditorOnly:0 RuntimeOnly:0 HLODRelevant:1
 |   |   |- Guid:F9B1748A424EEC1D11EAA68FC7FA9B69 BaseClass: NativeClass:/Script/Engine.StaticMeshActor Name:StaticMeshActor_UAID_047C16DE8D673AD501_1138023416 Label:kit_graybox_block10 SpatiallyLoaded:1 Bounds:IsValid=true, Min=(X=-800.000 Y=-1200.000 Z=-200.000), Max=(X=-600.000 Y=-1000.000 Z=0.000) RuntimeGrid:None EditorOnly:0 RuntimeOnly:0 HLODRelevant:1
 |   |   |- Guid:FD077FCA49889B68254DEDB6F7CBDC89 BaseClass: NativeClass:/Script/Engine.StaticMeshActor Name:StaticMeshActor_UAID_047C16DE8D673AD501_1909169471 Label:kit_graybox_block45 SpatiallyLoaded:1 Bounds:IsValid=true, Min=(X=-400.000 Y=-2600.000 Z=-300.000), Max=(X=-200.000 Y=-2400.000 Z=-200.000) RuntimeGrid:None EditorOnly:0 RuntimeOnly:0 HLODRelevant:1
 |   |- [+] Clusters:
 |   |   |- [+] [  0]
 |   |   |   |- Guid:98D1B9164C2BA10C71C40AB7D6AA6349 BaseClass: NativeClass:/Script/Engine.WorldDataLayers Name:WorldDataLayers Label:WorldDataLayers SpatiallyLoaded:0 Bounds:IsValid=true, Min=(X=0.000 Y=0.000 Z=0.000), Max=(X=0.000 Y=0.000 Z=0.000) RuntimeGrid:None EditorOnly:0 RuntimeOnly:0 HLODRelevant:0
 |   |   |- [+] [  1]
 |   |   |   |- Guid:9361D8B24EBD3350ED2174A2CCB6BC86 BaseClass: NativeClass:/Script/Engine.ExponentialHeightFog Name:ExponentialHeightFog_0 Label:ExponentialHeightFog SpatiallyLoaded:0 Bounds:IsValid=true, Min=(X=-5600.000 Y=-50.000 Z=-6850.000), Max=(X=-5600.000 Y=-50.000 Z=-6850.000) RuntimeGrid:None EditorOnly:0 RuntimeOnly:0 HLODRelevant:0 FolderPath:Lighting FolderGuid:963EC3EB4002CCE9759E2EBA541A873A
 |   |   |- [+] [  2]
 |   |   |   |- Guid:46506B8149D537D4521E80A3C3A66DB7 BaseClass: NativeClass:/Script/Engine.SkyLight Name:SkyLight_1 Label:SkyLight SpatiallyLoaded:0 Bounds:IsValid=true, Min=(X=4100.000 Y=-3100.000 Z=690.000), Max=(X=4100.000 Y=-3100.000 Z=690.000) RuntimeGrid:None EditorOnly:0 RuntimeOnly:0 HLODRelevant:0 FolderPath:Lighting FolderGuid:963EC3EB4002CCE9759E2EBA541A873A
 |   |   |- [+] [  3]
 |   |   |   |- Guid:C518F27248877987774A3E94739BA78A BaseClass: NativeClass:/Script/Engine.DirectionalLight Name:DirectionalLight_0 Label:DirectionalLight SpatiallyLoaded:0 Bounds:IsValid=true, Min=(X=-4398046511104.000 Y=-4398046511104.000 Z=-4398046511104.000), Max=(X=4398046511104.000 Y=4398046511104.000 Z=4398046511104.000) RuntimeGrid:None EditorOnly:0 RuntimeOnly:0 HLODRelevant:0 FolderPath:Lighting FolderGuid:963EC3EB4002CCE9759E2EBA541A873A
 |   |   |- [+] [  4]
 |   |   |   |- Guid:780C7DED4C5C09C5DC09B09D8DEE8B95 BaseClass: NativeClass:/Script/Engine.PostProcessVolume Name:PostProcessVolume_UAID_30F6EFE079B3AFD301_1749109861 Label:PostProcessVolumeCelShader SpatiallyLoaded:0 Bounds:IsValid=true, Min=(X=3751.166 Y=-3424.788 Z=650.000), Max=(X=3951.166 Y=-3224.788 Z=850.000) RuntimeGrid:None EditorOnly:0 RuntimeOnly:0 HLODRelevant:0 FolderPath:Lighting FolderGuid:963EC3EB4002CCE9759E2EBA541A873A
 |   |   |- [+] [  5]
 |   |   |   |- Guid:A47B69704C5DFA7A69200AA035F9D580 BaseClass: NativeClass:/Script/Engine.StaticMeshActor Name:StaticMeshActor_UAID_047C16DE8D679BD401_1470416602 Label:Plane SpatiallyLoaded:1 Bounds:IsValid=true, Min=(X=-4000.000 Y=-7300.000 Z=-300.000), Max=(X=4000.000 Y=4700.000 Z=-300.000) RuntimeGrid:None EditorOnly:0 RuntimeOnly:0 HLODRelevant:1
 |   |   |- [+] [  6]
 |   |   |   |- Guid:53E0DAA344D22817C075119598A050F1 BaseClass: NativeClass:/Script/Engine.SkyAtmosphere Name:SkyAtmosphere_0 Label:SkyAtmosphere SpatiallyLoaded:0 Bounds:IsValid=true, Min=(X=4100.000 Y=-3100.000 Z=1020.000), Max=(X=4100.000 Y=-3100.000 Z=1020.000) RuntimeGrid:None EditorOnly:0 RuntimeOnly:0 HLODRelevant:0 FolderPath:Lighting FolderGuid:963EC3EB4002CCE9759E2EBA541A873A
 |   |   |- [+] [  7]
 |   |   |   |- Guid:EEE9D92949DEF35C3D0B32BC3AB6E568 BaseClass: NativeClass:/Script/Engine.StaticMeshActor Name:StaticMeshActor_UAID_047C16DE8D6739D501_2094476227 Label:Box_1B60F4B9 SpatiallyLoaded:1 Bounds:IsValid=true, Min=(X=-400.000 Y=-1600.000 Z=-250.000), Max=(X=-200.000 Y=-1400.000 Z=-100.000) RuntimeGrid:None EditorOnly:0 RuntimeOnly:0 HLODRelevant:1
 |   |   |- [+] [  8]
 |   |   |   |- Guid:54B763C14142D3D6567AD18FCDD9439E BaseClass: NativeClass:/Script/Engine.StaticMeshActor Name:StaticMeshActor_UAID_047C16DE8D6739D501_2114409228 Label:kit_graybox_block SpatiallyLoaded:1 Bounds:IsValid=true, Min=(X=-400.000 Y=-1400.000 Z=-200.000), Max=(X=-200.000 Y=-1200.000 Z=-100.000) RuntimeGrid:None EditorOnly:0 RuntimeOnly:0 HLODRelevant:1
 |   |   |- [+] [  9]
 |   |   |   |- Guid:0584B68D4C9D91FBAFF295A28B4E7ED4 BaseClass: NativeClass:/Script/Engine.StaticMeshActor Name:StaticMeshActor_UAID_047C16DE8D6739D501_2127434229 Label:kit_graybox_block2 SpatiallyLoaded:1 Bounds:IsValid=true, Min=(X=-600.000 Y=-1400.000 Z=-200.000), Max=(X=-400.000 Y=-1200.000 Z=-100.000) RuntimeGrid:None EditorOnly:0 RuntimeOnly:0 HLODRelevant:1
 |   |   |- [+] [ 10]
 |   |   |   |- Guid:EF299D6C42928CE1DA687F8C26373ECF BaseClass: NativeClass:/Script/Engine.StaticMeshActor Name:StaticMeshActor_UAID_047C16DE8D6739D501_2144968230 Label:kit_graybox_block3 SpatiallyLoaded:1 Bounds:IsValid=true, Min=(X=-800.000 Y=-1400.000 Z=-200.000), Max=(X=-600.000 Y=-1200.000 Z=-100.000) RuntimeGrid:None EditorOnly:0 RuntimeOnly:0 HLODRelevant:1
 |   |   |- [+] [ 11]
 |   |   |   |- Guid:85BD4BF24D09D676E3C463B5DE9A4B4E BaseClass: NativeClass:/Script/Engine.StaticMeshActor Name:StaticMeshActor_UAID_047C16DE8D6739D501_2146866231 Label:kit_graybox_block4 SpatiallyLoaded:1 Bounds:IsValid=true, Min=(X=-1000.000 Y=-1400.000 Z=-200.000), Max=(X=-800.000 Y=-1200.000 Z=-100.000) RuntimeGrid:None EditorOnly:0 RuntimeOnly:0 HLODRelevant:1
 |   |   |- [+] [ 12]
 |   |   |   |- Guid:800F3F5141321A28642D81AB3AC61725 BaseClass: NativeClass:/Script/Engine.StaticMeshActor Name:StaticMeshActor_UAID_047C16DE8D673AD501_1078989408 Label:Box_1B60F4B10 SpatiallyLoaded:1 Bounds:IsValid=true, Min=(X=-1200.000 Y=-1400.000 Z=-250.000), Max=(X=-1000.000 Y=-1200.000 Z=-100.000) RuntimeGrid:None EditorOnly:0 RuntimeOnly:0 HLODRelevant:1
 |   |   |- [+] [ 13]
 |   |   |   |- Guid:6160857140D6F4A07DB3F89C2C572CC3 BaseClass: NativeClass:/Script/Engine.StaticMeshActor Name:StaticMeshActor_UAID_047C16DE8D673AD501_1085993409 Label:Box_1B60F4B11 SpatiallyLoaded:1 Bounds:IsValid=true, Min=(X=-200.000 Y=-1400.000 Z=-150.000), Max=(X=0.000 Y=-1200.000 Z=0.000) RuntimeGrid:None EditorOnly:0 RuntimeOnly:0 HLODRelevant:1
 |   |   |- [+] [ 14]
 |   |   |   |- Guid:04B7592B45748EE30243568C838313A8 BaseClass: NativeClass:/Script/Engine.StaticMeshActor Name:StaticMeshActor_UAID_047C16DE8D673AD501_1098790410 Label:kit_graybox_block5 SpatiallyLoaded:1 Bounds:IsValid=true, Min=(X=-200.000 Y=-1400.000 Z=-200.000), Max=(X=0.000 Y=-1200.000 Z=-100.000) RuntimeGrid:None EditorOnly:0 RuntimeOnly:0 HLODRelevant:1
 |   |   |- [+] [ 15]
 |   |   |   |- Guid:D24890E648BBA547A1282CABB64FA121 BaseClass: NativeClass:/Script/Engine.StaticMeshActor Name:StaticMeshActor_UAID_047C16DE8D673AD501_1106689411 Label:kit_graybox_block6 SpatiallyLoaded:1 Bounds:IsValid=true, Min=(X=-200.000 Y=-1600.000 Z=-200.000), Max=(X=0.000 Y=-1400.000 Z=0.000) RuntimeGrid:None EditorOnly:0 RuntimeOnly:0 HLODRelevant:1
 |   |   |- [+] [ 16]
 |   |   |   |- Guid:5FFEDE98494EC25BD4FAE3AE0DE10CE3 BaseClass: NativeClass:/Script/Engine.StaticMeshActor Name:StaticMeshActor_UAID_047C16DE8D673AD501_1113492412 Label:kit_graybox_block7 SpatiallyLoaded:1 Bounds:IsValid=true, Min=(X=-200.000 Y=-1200.000 Z=-200.000), Max=(X=0.000 Y=-1000.000 Z=0.000) RuntimeGrid:None EditorOnly:0 RuntimeOnly:0 HLODRelevant:1
 |   |   |- [+] [ 17]
 |   |   |   |- Guid:85EEE94F4E0625E087A6C5B61ED2CD12 BaseClass: NativeClass:/Script/Engine.StaticMeshActor Name:StaticMeshActor_UAID_047C16DE8D673AD501_1116689413 Label:kit_graybox_block8 SpatiallyLoaded:1 Bounds:IsValid=true, Min=(X=-600.000 Y=-1200.000 Z=-200.000), Max=(X=-400.000 Y=-1000.000 Z=-100.000) RuntimeGrid:None EditorOnly:0 RuntimeOnly:0 HLODRelevant:1
 |   |   |- [+] [ 18]
 |   |   |   |- Guid:0CF95990427F783B627F1185F6BE13C8 BaseClass: NativeClass:/Script/Engine.StaticMeshActor Name:StaticMeshActor_UAID_047C16DE8D673AD501_1120556414 Label:Box_1B60F4B12 SpatiallyLoaded:1 Bounds:IsValid=true, Min=(X=-600.000 Y=-1200.000 Z=-150.000), Max=(X=-400.000 Y=-1000.000 Z=0.000) RuntimeGrid:None EditorOnly:0 RuntimeOnly:0 HLODRelevant:1
 |   |   |- [+] [ 19]
 |   |   |   |- Guid:53F79A7D43FD20657A10E4ADDD4EAC05 BaseClass: NativeClass:/Script/Engine.StaticMeshActor Name:StaticMeshActor_UAID_047C16DE8D673AD501_1136657415 Label:kit_graybox_block9 SpatiallyLoaded:1 Bounds:IsValid=true, Min=(X=-400.000 Y=-1200.000 Z=-200.000), Max=(X=-200.000 Y=-1000.000 Z=0.000) RuntimeGrid:None EditorOnly:0 RuntimeOnly:0 HLODRelevant:1
 |   |   |- [+] [ 20]
 |   |   |   |- Guid:F9B1748A424EEC1D11EAA68FC7FA9B69 BaseClass: NativeClass:/Script/Engine.StaticMeshActor Name:StaticMeshActor_UAID_047C16DE8D673AD501_1138023416 Label:kit_graybox_block10 SpatiallyLoaded:1 Bounds:IsValid=true, Min=(X=-800.000 Y=-1200.000 Z=-200.000), Max=(X=-600.000 Y=-1000.000 Z=0.000) RuntimeGrid:None EditorOnly:0 RuntimeOnly:0 HLODRelevant:1
 |   |   |- [+] [ 21]
 |   |   |   |- Guid:7077E7084B64EBF48E97CCB5CAB99F03 BaseClass: NativeClass:/Script/Engine.StaticMeshActor Name:StaticMeshActor_UAID_047C16DE8D673AD501_1140256417 Label:kit_graybox_block11 SpatiallyLoaded:1 Bounds:IsValid=true, Min=(X=-1000.000 Y=-1200.000 Z=-200.000), Max=(X=-800.000 Y=-1000.000 Z=0.000) RuntimeGrid:None EditorOnly:0 RuntimeOnly:0 HLODRelevant:1
 |   |   |- [+] [ 22]
 |   |   |   |- Guid:37E101DB4E57704598F513B99C5374CE BaseClass: NativeClass:/Script/Engine.StaticMeshActor Name:StaticMeshActor_UAID_047C16DE8D673AD501_1144090418 Label:kit_graybox_block12 SpatiallyLoaded:1 Bounds:IsValid=true, Min=(X=-1200.000 Y=-1200.000 Z=-200.000), Max=(X=-1000.000 Y=-1000.000 Z=0.000) RuntimeGrid:None EditorOnly:0 RuntimeOnly:0 HLODRelevant:1
 |   |   |- [+] [ 23]
 |   |   |   |- Guid:794F802A45EAF77E06D5E29BCAF91631 BaseClass: NativeClass:/Script/Engine.StaticMeshActor Name:StaticMeshActor_UAID_047C16DE8D673AD501_1152356420 Label:kit_graybox_block13 SpatiallyLoaded:1 Bounds:IsValid=true, Min=(X=-1200.000 Y=-1000.000 Z=-200.000), Max=(X=-1000.000 Y=-800.000 Z=0.000) RuntimeGrid:None EditorOnly:0 RuntimeOnly:0 HLODRelevant:1
 |   |   |- [+] [ 24]
 |   |   |   |- Guid:E093667E47CA4DFF5BF98D9355E64F6E BaseClass: NativeClass:/Script/Engine.StaticMeshActor Name:StaticMeshActor_UAID_047C16DE8D673AD501_1160757421 Label:kit_graybox_block14 SpatiallyLoaded:1 Bounds:IsValid=true, Min=(X=-800.000 Y=-1000.000 Z=-200.000), Max=(X=-600.000 Y=-800.000 Z=0.000) RuntimeGrid:None EditorOnly:0 RuntimeOnly:0 HLODRelevant:1
 |   |   |- [+] [ 25]
 |   |   |   |- Guid:E10A7B884529BEB85D372193ED959A92 BaseClass: NativeClass:/Script/Engine.StaticMeshActor Name:StaticMeshActor_UAID_047C16DE8D673AD501_1160759422 Label:kit_graybox_block15 SpatiallyLoaded:1 Bounds:IsValid=true, Min=(X=-1000.000 Y=-1000.000 Z=-200.000), Max=(X=-800.000 Y=-800.000 Z=0.000) RuntimeGrid:None EditorOnly:0 RuntimeOnly:0 HLODRelevant:1
 |   |   |- [+] [ 26]
 |   |   |   |- Guid:03473F4B4C9AD7C2F32D94AD881DFEF3 BaseClass: NativeClass:/Script/Engine.StaticMeshActor Name:StaticMeshActor_UAID_047C16DE8D673AD501_1163286423 Label:kit_graybox_block16 SpatiallyLoaded:1 Bounds:IsValid=true, Min=(X=-600.000 Y=-1000.000 Z=-200.000), Max=(X=-400.000 Y=-800.000 Z=0.000) RuntimeGrid:None EditorOnly:0 RuntimeOnly:0 HLODRelevant:1
 |   |   |- [+] [ 27]
 |   |   |   |- Guid:E71FD64844CDC820F9C2F9BF9F35DC67 BaseClass: NativeClass:/Script/Engine.StaticMeshActor Name:StaticMeshActor_UAID_047C16DE8D673AD501_1166023424 Label:kit_graybox_block17 SpatiallyLoaded:1 Bounds:IsValid=true, Min=(X=-200.000 Y=-1000.000 Z=-200.000), Max=(X=0.000 Y=-800.000 Z=0.000) RuntimeGrid:None EditorOnly:0 RuntimeOnly:0 HLODRelevant:1
 |   |   |- [+] [ 28]
 |   |   |   |- Guid:E468B08F4627CF5855A7E789B1DA6097 BaseClass: NativeClass:/Script/Engine.StaticMeshActor Name:StaticMeshActor_UAID_047C16DE8D673AD501_1166025425 Label:kit_graybox_block18 SpatiallyLoaded:1 Bounds:IsValid=true, Min=(X=-400.000 Y=-1000.000 Z=-200.000), Max=(X=-200.000 Y=-800.000 Z=0.000) RuntimeGrid:None EditorOnly:0 RuntimeOnly:0 HLODRelevant:1
 |   |   |- [+] [ 29]
 |   |   |   |- Guid:4BCFC3914982B147B76B44B2AE62B080 BaseClass: NativeClass:/Script/Engine.StaticMeshActor Name:StaticMeshActor_UAID_047C16DE8D673AD501_1166025426 Label:kit_graybox_block19 SpatiallyLoaded:1 Bounds:IsValid=true, Min=(X=0.000 Y=-1000.000 Z=-200.000), Max=(X=200.000 Y=-800.000 Z=0.000) RuntimeGrid:None EditorOnly:0 RuntimeOnly:0 HLODRelevant:1
 |   |   |- [+] [ 30]
 |   |   |   |- Guid:1A59CE184A110259B742B8A8DEDDEAC5 BaseClass: NativeClass:/Script/Engine.StaticMeshActor Name:StaticMeshActor_UAID_047C16DE8D673AD501_1169754427 Label:kit_graybox_block20 SpatiallyLoaded:1 Bounds:IsValid=true, Min=(X=0.000 Y=-1600.000 Z=-200.000), Max=(X=200.000 Y=-1400.000 Z=0.000) RuntimeGrid:None EditorOnly:0 RuntimeOnly:0 HLODRelevant:1
 |   |   |- [+] [ 31]
 |   |   |   |- Guid:D8E5F2954B4A7709790F0BB66F5E80F1 BaseClass: NativeClass:/Script/Engine.StaticMeshActor Name:StaticMeshActor_UAID_047C16DE8D673AD501_1169756428 Label:kit_graybox_block21 SpatiallyLoaded:1 Bounds:IsValid=true, Min=(X=0.000 Y=-1200.000 Z=-200.000), Max=(X=200.000 Y=-1000.000 Z=0.000) RuntimeGrid:None EditorOnly:0 RuntimeOnly:0 HLODRelevant:1
 |   |   |- [+] [ 32]
 |   |   |   |- Guid:490B21064FA2727FB4F53DAB1148CC1C BaseClass: NativeClass:/Script/Engine.StaticMeshActor Name:StaticMeshActor_UAID_047C16DE8D673AD501_1173788429 Label:kit_graybox_block22 SpatiallyLoaded:1 Bounds:IsValid=true, Min=(X=0.000 Y=-1400.000 Z=-200.000), Max=(X=200.000 Y=-1200.000 Z=0.000) RuntimeGrid:None EditorOnly:0 RuntimeOnly:0 HLODRelevant:1
 |   |   |- [+] [ 33]
 |   |   |   |- Guid:F67D9B8A427169CAA9946181E17EC622 BaseClass: NativeClass:/Script/Engine.StaticMeshActor Name:StaticMeshActor_UAID_047C16DE8D673AD501_1336050443 Label:kit_graybox_block23 SpatiallyLoaded:1 Bounds:IsValid=true, Min=(X=-200.000 Y=-1800.000 Z=-200.000), Max=(X=0.000 Y=-1600.000 Z=0.000) RuntimeGrid:None EditorOnly:0 RuntimeOnly:0 HLODRelevant:1
 |   |   |- [+] [ 34]
 |   |   |   |- Guid:C8430C26486D8C8114AAE083019BD24B BaseClass: NativeClass:/Script/Engine.StaticMeshActor Name:StaticMeshActor_UAID_047C16DE8D673AD501_1338417444 Label:kit_graybox_block24 SpatiallyLoaded:1 Bounds:IsValid=true, Min=(X=-200.000 Y=-2000.000 Z=-200.000), Max=(X=0.000 Y=-1800.000 Z=0.000) RuntimeGrid:None EditorOnly:0 RuntimeOnly:0 HLODRelevant:1
 |   |   |- [+] [ 35]
 |   |   |   |- Guid:CA7D31954F11F9270B8198802283CBCB BaseClass: NativeClass:/Script/Engine.StaticMeshActor Name:StaticMeshActor_UAID_047C16DE8D673AD501_1342217445 Label:kit_graybox_block25 SpatiallyLoaded:1 Bounds:IsValid=true, Min=(X=-200.000 Y=-2200.000 Z=-200.000), Max=(X=0.000 Y=-2000.000 Z=0.000) RuntimeGrid:None EditorOnly:0 RuntimeOnly:0 HLODRelevant:1
 |   |   |- [+] [ 36]
 |   |   |   |- Guid:55A52204413A1ECB5FDC809424DA046A BaseClass: NativeClass:/Script/Engine.StaticMeshActor Name:StaticMeshActor_UAID_047C16DE8D673AD501_1342219446 Label:kit_graybox_block26 SpatiallyLoaded:1 Bounds:IsValid=true, Min=(X=-200.000 Y=-2400.000 Z=-200.000), Max=(X=0.000 Y=-2200.000 Z=0.000) RuntimeGrid:None EditorOnly:0 RuntimeOnly:0 HLODRelevant:1
 |   |   |- [+] [ 37]
 |   |   |   |- Guid:164B2886453060B869E487BF8DF25458 BaseClass: NativeClass:/Script/Engine.StaticMeshActor Name:StaticMeshActor_UAID_047C16DE8D673AD501_1352416447 Label:kit_graybox_block27 SpatiallyLoaded:1 Bounds:IsValid=true, Min=(X=-200.000 Y=-2600.000 Z=-200.000), Max=(X=0.000 Y=-2400.000 Z=0.000) RuntimeGrid:None EditorOnly:0 RuntimeOnly:0 HLODRelevant:1
 |   |   |- [+] [ 38]
 |   |   |   |- Guid:0710FC0D4121BEDD6E840AB4047DE628 BaseClass: NativeClass:/Script/Engine.StaticMeshActor Name:StaticMeshActor_UAID_047C16DE8D673AD501_1791201452 Label:kit_graybox_block29 SpatiallyLoaded:1 Bounds:IsValid=true, Min=(X=-400.000 Y=-1600.000 Z=-300.000), Max=(X=-200.000 Y=-1400.000 Z=-200.000) RuntimeGrid:None EditorOnly:0 RuntimeOnly:0 HLODRelevant:1
 |   |   |- [+] [ 39]
 |   |   |   |- Guid:61AE65F94341F53CDA7921A05156FAE8 BaseClass: NativeClass:/Script/Engine.StaticMeshActor Name:StaticMeshActor_UAID_047C16DE8D673AD501_1799869453 Label:kit_graybox_block30 SpatiallyLoaded:1 Bounds:IsValid=true, Min=(X=-400.000 Y=-1800.000 Z=-300.000), Max=(X=-200.000 Y=-1600.000 Z=-200.000) RuntimeGrid:None EditorOnly:0 RuntimeOnly:0 HLODRelevant:1
 |   |   |- [+] [ 40]
 |   |   |   |- Guid:5D8C4F6344263A1FAF3E398D7B58B941 BaseClass: NativeClass:/Script/Engine.StaticMeshActor Name:StaticMeshActor_UAID_047C16DE8D673AD501_1814467454 Label:kit_graybox_block31 SpatiallyLoaded:1 Bounds:IsValid=true, Min=(X=-600.000 Y=-1600.000 Z=-300.000), Max=(X=-400.000 Y=-1400.000 Z=-200.000) RuntimeGrid:None EditorOnly:0 RuntimeOnly:0 HLODRelevant:1
 |   |   |- [+] [ 41]
 |   |   |   |- Guid:A3859FD14CD1C84294B97E9EA44EFD3A BaseClass: NativeClass:/Script/Engine.StaticMeshActor Name:StaticMeshActor_UAID_047C16DE8D673AD501_1815801455 Label:kit_graybox_block32 SpatiallyLoaded:1 Bounds:IsValid=true, Min=(X=-800.000 Y=-1600.000 Z=-300.000), Max=(X=-600.000 Y=-1400.000 Z=-200.000) RuntimeGrid:None EditorOnly:0 RuntimeOnly:0 HLODRelevant:1
 |   |   |- [+] [ 42]
 |   |   |   |- Guid:763A795A46D93092AF087A976F6ED0B1 BaseClass: NativeClass:/Script/Engine.StaticMeshActor Name:StaticMeshActor_UAID_047C16DE8D673AD501_1817201456 Label:kit_graybox_block33 SpatiallyLoaded:1 Bounds:IsValid=true, Min=(X=-1000.000 Y=-1600.000 Z=-300.000), Max=(X=-800.000 Y=-1400.000 Z=-200.000) RuntimeGrid:None EditorOnly:0 RuntimeOnly:0 HLODRelevant:1
 |   |   |- [+] [ 43]
 |   |   |   |- Guid:1AFB06D04B4499CCCF55C3A604498617 BaseClass: NativeClass:/Script/Engine.StaticMeshActor Name:StaticMeshActor_UAID_047C16DE8D673AD501_1822501457 Label:kit_graybox_block34 SpatiallyLoaded:1 Bounds:IsValid=true, Min=(X=-1200.000 Y=-1600.000 Z=-300.000), Max=(X=-1000.000 Y=-1400.000 Z=-200.000) RuntimeGrid:None EditorOnly:0 RuntimeOnly:0 HLODRelevant:1
 |   |   |- [+] [ 44]
 |   |   |   |- Guid:70496CE74556AEC9A70412BF52367ADD BaseClass: NativeClass:/Script/Engine.StaticMeshActor Name:StaticMeshActor_UAID_047C16DE8D673AD501_1826634458 Label:kit_graybox_block35 SpatiallyLoaded:1 Bounds:IsValid=true, Min=(X=-1400.000 Y=-1600.000 Z=-300.000), Max=(X=-1200.000 Y=-1400.000 Z=-200.000) RuntimeGrid:None EditorOnly:0 RuntimeOnly:0 HLODRelevant:1
 |   |   |- [+] [ 45]
 |   |   |   |- Guid:CE9525014053AF9197C6209310C2FE90 BaseClass: NativeClass:/Script/Engine.StaticMeshActor Name:StaticMeshActor_UAID_047C16DE8D673AD501_1830102459 Label:kit_graybox_block36 SpatiallyLoaded:1 Bounds:IsValid=true, Min=(X=-1200.000 Y=-1400.000 Z=-300.000), Max=(X=-1000.000 Y=-1200.000 Z=-200.000) RuntimeGrid:None EditorOnly:0 RuntimeOnly:0 HLODRelevant:1
 |   |   |- [+] [ 46]
 |   |   |   |- Guid:CA22EE914F48EAD31238B0B4682B2D6E BaseClass: NativeClass:/Script/Engine.StaticMeshActor Name:StaticMeshActor_UAID_047C16DE8D673AD501_1830104460 Label:kit_graybox_block37 SpatiallyLoaded:1 Bounds:IsValid=true, Min=(X=-1400.000 Y=-1400.000 Z=-300.000), Max=(X=-1200.000 Y=-1200.000 Z=-200.000) RuntimeGrid:None EditorOnly:0 RuntimeOnly:0 HLODRelevant:1
 |   |   |- [+] [ 47]
 |   |   |   |- Guid:495298704108826CB66032972304E96A BaseClass: NativeClass:/Script/Engine.StaticMeshActor Name:StaticMeshActor_UAID_047C16DE8D673AD501_1832166461 Label:kit_graybox_block38 SpatiallyLoaded:1 Bounds:IsValid=true, Min=(X=-1400.000 Y=-1200.000 Z=-300.000), Max=(X=-1200.000 Y=-1000.000 Z=-200.000) RuntimeGrid:None EditorOnly:0 RuntimeOnly:0 HLODRelevant:1
 |   |   |- [+] [ 48]
 |   |   |   |- Guid:497FE93345556E1FC29E94B939616069 BaseClass: NativeClass:/Script/Engine.StaticMeshActor Name:StaticMeshActor_UAID_047C16DE8D673AD501_1838511462 Label:Box_1B60F4B13 SpatiallyLoaded:1 Bounds:IsValid=true, Min=(X=-1400.000 Y=-1300.000 Z=-300.000), Max=(X=-1200.000 Y=-1100.000 Z=-150.000) RuntimeGrid:None EditorOnly:0 RuntimeOnly:0 HLODRelevant:1
 |   |   |- [+] [ 49]
 |   |   |   |- Guid:E57F83B844DC2C5EB544468CABC82E62 BaseClass: NativeClass:/Script/Engine.StaticMeshActor Name:StaticMeshActor_UAID_047C16DE8D673AD501_1844033463 Label:Box_1B60F4B14 SpatiallyLoaded:1 Bounds:IsValid=true, Min=(X=-1400.000 Y=-1100.000 Z=-150.000), Max=(X=-1200.000 Y=-900.000 Z=0.000) RuntimeGrid:None EditorOnly:0 RuntimeOnly:0 HLODRelevant:1
 |   |   |- [+] [ 50]
 |   |   |   |- Guid:B486BCDA409D966BE855B0924882ADA7 BaseClass: NativeClass:/Script/Engine.StaticMeshActor Name:StaticMeshActor_UAID_047C16DE8D673AD501_1864568465 Label:kit_graybox_block39 SpatiallyLoaded:1 Bounds:IsValid=true, Min=(X=-1400.000 Y=-1100.000 Z=-300.000), Max=(X=-1200.000 Y=-900.000 Z=-150.000) RuntimeGrid:None EditorOnly:0 RuntimeOnly:0 HLODRelevant:1
 |   |   |- [+] [ 51]
 |   |   |   |- Guid:A5D5027B445AD200CD84D2949CB70C69 BaseClass: NativeClass:/Script/Engine.StaticMeshActor Name:StaticMeshActor_UAID_047C16DE8D673AD501_1868166466 Label:kit_graybox_block40 SpatiallyLoaded:1 Bounds:IsValid=true, Min=(X=-1400.000 Y=-900.000 Z=-300.000), Max=(X=-1200.000 Y=-800.000 Z=0.000) RuntimeGrid:None EditorOnly:0 RuntimeOnly:0 HLODRelevant:1
 |   |   |- [+] [ 52]
 |   |   |   |- Guid:7D67ECBB49AFC5950BC8459C4528C4BB BaseClass: NativeClass:/Script/Engine.StaticMeshActor Name:StaticMeshActor_UAID_047C16DE8D673AD501_1880302467 Label:kit_graybox_block41 SpatiallyLoaded:1 Bounds:IsValid=true, Min=(X=-1387.500 Y=-800.000 Z=-300.000), Max=(X=187.500 Y=-600.000 Z=0.000) RuntimeGrid:None EditorOnly:0 RuntimeOnly:0 HLODRelevant:1
 |   |   |- [+] [ 53]
 |   |   |   |- Guid:7B91C50B4F78E86810236A910FAC48F7 BaseClass: NativeClass:/Script/Engine.StaticMeshActor Name:StaticMeshActor_UAID_047C16DE8D673AD501_1904465468 Label:kit_graybox_block42 SpatiallyLoaded:1 Bounds:IsValid=true, Min=(X=-400.000 Y=-2000.000 Z=-300.000), Max=(X=-200.000 Y=-1800.000 Z=-200.000) RuntimeGrid:None EditorOnly:0 RuntimeOnly:0 HLODRelevant:1
 |   |   |- [+] [ 54]
 |   |   |   |- Guid:EAE1EFFD484136B466841498DD315F64 BaseClass: NativeClass:/Script/Engine.StaticMeshActor Name:StaticMeshActor_UAID_047C16DE8D673AD501_1905964469 Label:kit_graybox_block43 SpatiallyLoaded:1 Bounds:IsValid=true, Min=(X=-400.000 Y=-2200.000 Z=-300.000), Max=(X=-200.000 Y=-2000.000 Z=-200.000) RuntimeGrid:None EditorOnly:0 RuntimeOnly:0 HLODRelevant:1
 |   |   |- [+] [ 55]
 |   |   |   |- Guid:7EA9FD6542829F1474E28BAF38CE1F7B BaseClass: NativeClass:/Script/Engine.StaticMeshActor Name:StaticMeshActor_UAID_047C16DE8D673AD501_1909167470 Label:kit_graybox_block44 SpatiallyLoaded:1 Bounds:IsValid=true, Min=(X=-400.000 Y=-2400.000 Z=-300.000), Max=(X=-200.000 Y=-2200.000 Z=-200.000) RuntimeGrid:None EditorOnly:0 RuntimeOnly:0 HLODRelevant:1
 |   |   |- [+] [ 56]
 |   |   |   |- Guid:FD077FCA49889B68254DEDB6F7CBDC89 BaseClass: NativeClass:/Script/Engine.StaticMeshActor Name:StaticMeshActor_UAID_047C16DE8D673AD501_1909169471 Label:kit_graybox_block45 SpatiallyLoaded:1 Bounds:IsValid=true, Min=(X=-400.000 Y=-2600.000 Z=-300.000), Max=(X=-200.000 Y=-2400.000 Z=-200.000) RuntimeGrid:None EditorOnly:0 RuntimeOnly:0 HLODRelevant:1
 |   |   |- [+] [ 57]
 |   |   |   |- Guid:10A97A444F7FAC0C67BBDAB9EE26C7E7 BaseClass: NativeClass:/Script/Engine.StaticMeshActor Name:StaticMeshActor_UAID_047C16DE8D673AD501_1909169472 Label:kit_graybox_block46 SpatiallyLoaded:1 Bounds:IsValid=true, Min=(X=-400.000 Y=-2800.000 Z=-300.000), Max=(X=-200.000 Y=-2600.000 Z=-200.000) RuntimeGrid:None EditorOnly:0 RuntimeOnly:0 HLODRelevant:1
 |   |   |- [+] [ 58]
 |   |   |   |- Guid:09A065234175B03B0EFEBF96A552224B BaseClass: NativeClass:/Script/Engine.StaticMeshActor Name:StaticMeshActor_UAID_047C16DE8D673AD501_1917231473 Label:kit_graybox_block47 SpatiallyLoaded:1 Bounds:IsValid=true, Min=(X=-400.000 Y=-3000.000 Z=-300.000), Max=(X=-200.000 Y=-2800.000 Z=-200.000) RuntimeGrid:None EditorOnly:0 RuntimeOnly:0 HLODRelevant:1
 |   |   |- [+] [ 59]
 |   |   |   |- Guid:555F06D24DB990E37DFA6FB77A658643 BaseClass: NativeClass:/Script/Engine.StaticMeshActor Name:StaticMeshActor_UAID_047C16DE8D673AD501_1936941479 Label:Box_1B60F4B15 SpatiallyLoaded:1 Bounds:IsValid=true, Min=(X=-600.000 Y=-1800.000 Z=-350.000), Max=(X=-400.000 Y=-1600.000 Z=-200.000) RuntimeGrid:None EditorOnly:0 RuntimeOnly:0 HLODRelevant:1
 |   |   |- [+] [ 60]
 |   |   |   |- Guid:3FD58C4144055E84E54724BF6F246401 BaseClass: NativeClass:/Script/Engine.StaticMeshActor Name:StaticMeshActor_UAID_047C16DE8D673AD501_1947200480 Label:Box_1B60F4B16 SpatiallyLoaded:1 Bounds:IsValid=true, Min=(X=-600.000 Y=-3000.000 Z=-350.000), Max=(X=-400.000 Y=-2800.000 Z=-200.000) RuntimeGrid:None EditorOnly:0 RuntimeOnly:0 HLODRelevant:1
 |   |   |- [+] [ 61]
 |   |   |   |- Guid:60B8AE4C4AAD0741669D3694DBBBF881 BaseClass: NativeClass:/Script/Engine.PlayerStart Name:PlayerStart_UAID_047C16DE8D673AD501_2022706483 Label:PlayerStart SpatiallyLoaded:0 Bounds:IsValid=true, Min=(X=-1140.000 Y=-2640.000 Z=-300.000), Max=(X=-1060.000 Y=-2560.000 Z=-116.000) RuntimeGrid:None EditorOnly:0 RuntimeOnly:0 HLODRelevant:0
 |- ContainerInstances:
 |- [+] MainContainer:
 |   |-        ID: 0x0000000000000000
 |   |-    Bounds: IsValid=false, Min=(X=0.000 Y=0.000 Z=0.000), Max=(X=0.000 Y=0.000 Z=0.000)
 |   |- Transform: 0.000000,0.000000,0.000000|0.000000,0.000000,-0.000000|1.000000,1.000000,1.000000
 |   |- Container: /Game/Levels/Map_Lvl2_Graybox
----------------------------------------------------------------------------------------------------------------
Map_Lvl2_Graybox - Persistent Level
----------------------------------------------------------------------------------------------------------------
Always loaded Actor Count: 73 

----------------------------------------------------------------------------------------------------------------
Map_Lvl2_Graybox - Runtime Spatial Hash - Streaming Grid - MainGrid
----------------------------------------------------------------------------------------------------------------
            Origin: X=0.000 Y=0.000 Z=0.000
         Cell Size: 12800
      World Bounds: IsValid=false, Min=(X=0.000 Y=0.000 Z=0.000), Max=(X=0.000 Y=0.000 Z=0.000)
     Loading Range: 25600.00
Block Slow Loading: No
 ClientOnlyVisible: No

[+] Grid Levels: 1
 |- Level  0: Cell Count    0 | Cell Size   12800 | Actor Count    0 (0.0%)

[+] Content of Grid Level 0

