[+] Containers:
 |- [+] Container: /Game/Levels/Map_Renders
 |   |- [+] ActorDescs:
 |   |   |- Guid:21AFF8E64BDF60EEFFC0818555B006A8 BaseClass: NativeClass:/Script/Engine.WorldDataLayers Name:WorldDataLayers Label:WorldDataLayers SpatiallyLoaded:0 Bounds:IsValid=true, Min=(X=0.000 Y=0.000 Z=0.000), Max=(X=0.000 Y=0.000 Z=0.000) RuntimeGrid:None EditorOnly:0 RuntimeOnly:0 HLODRelevant:0
 |   |   |- Guid:6035F1754B8FFBDF736BCEA39F7703D8 BaseClass: NativeClass:/Script/Engine.StaticMeshActor Name:StaticMeshActor_UAID_047C16DE8D6757E301_1160640326 Label:Plane SpatiallyLoaded:1 Bounds:IsValid=true, Min=(X=500.000 Y=-1512.875 Z=-1512.875), Max=(X=500.000 Y=1512.875 Z=1512.875) RuntimeGrid:None EditorOnly:0 RuntimeOnly:0 HLODRelevant:1
 |   |   |- Guid:6918A4854544182B61DA86BA37CA1CBB BaseClass: NativeClass:/Script/Engine.DirectionalLight Name:DirectionalLight_0 Label:DirectionalLight SpatiallyLoaded:0 Bounds:IsValid=true, Min=(X=-4398046511104.000 Y=-4398046511104.000 Z=-4398046511104.000), Max=(X=4398046511104.000 Y=4398046511104.000 Z=4398046511104.000) RuntimeGrid:None EditorOnly:0 RuntimeOnly:0 HLODRelevant:0 FolderPath:Lighting FolderGuid:963EC3EB4002CCE9759E2EBA541A873A
 |   |   |- Guid:7AB26F0F491F83D5B907D9BEC702C967 BaseClass: NativeClass:/Script/CinematicCamera.CineCameraActor Name:CineCameraActor_UAID_047C16DE8D6757E301_1206154327 Label:CineCameraActor SpatiallyLoaded:0 Bounds:IsValid=true, Min=(X=-825.000 Y=0.000 Z=275.000), Max=(X=-825.000 Y=0.000 Z=275.000) RuntimeGrid:None EditorOnly:0 RuntimeOnly:0 HLODRelevant:0
 |   |   |- Guid:7E66F1034FEC1CA0BD36E29EC3BF593C BaseClass: NativeClass:/Script/Engine.SkeletalMeshActor Name:SkeletalMeshActor_UAID_047C16DE8D6757E301_1134759325 Label:ClownRunAnimation SpatiallyLoaded:1 Bounds:IsValid=true, Min=(X=-158.294 Y=-117.301 Z=19.927), Max=(X=93.579 Y=134.572 Z=210.441) RuntimeGrid:None EditorOnly:0 RuntimeOnly:0 HLODRelevant:0
 |   |   |- Guid:A0A3E36C4C123400CD4E8EA0BE294B87 BaseClass: NativeClass:/Script/Engine.SkyAtmosphere Name:SkyAtmosphere_0 Label:SkyAtmosphere SpatiallyLoaded:0 Bounds:IsValid=true, Min=(X=4100.000 Y=-3100.000 Z=1020.000), Max=(X=4100.000 Y=-3100.000 Z=1020.000) RuntimeGrid:None EditorOnly:0 RuntimeOnly:0 HLODRelevant:0 FolderPath:Lighting FolderGuid:963EC3EB4002CCE9759E2EBA541A873A
 |   |   |- Guid:C2EBC82D40C97236A0EABEBD82D6A0C3 BaseClass: NativeClass:/Script/Engine.PostProcessVolume Name:PostProcessVolume_UAID_30F6EFE079B3AFD301_1749109861 Label:PostProcessVolumeCelShader SpatiallyLoaded:0 Bounds:IsValid=true, Min=(X=3751.166 Y=-3424.788 Z=650.000), Max=(X=3951.166 Y=-3224.788 Z=850.000) RuntimeGrid:None EditorOnly:0 RuntimeOnly:0 HLODRelevant:0 FolderPath:Lighting FolderGuid:963EC3EB4002CCE9759E2EBA541A873A
 |   |   |- Guid:E542D6504272A48D7F1C92A1CABDF97E BaseClass: NativeClass:/Script/Engine.SkyLight Name:SkyLight_1 Label:SkyLight SpatiallyLoaded:0 Bounds:IsValid=true, Min=(X=4100.000 Y=-3100.000 Z=690.000), Max=(X=4100.000 Y=-3100.000 Z=690.000) RuntimeGrid:None EditorOnly:0 RuntimeOnly:0 HLODRelevant:0 FolderPath:Lighting FolderGuid:963EC3EB4002CCE9759E2EBA541A873A
 |   |- [+] Clusters:
 |   |   |- [+] [  0]
 |   |   |   |- Guid:7E66F1034FEC1CA0BD36E29EC3BF593C BaseClass: NativeClass:/Script/Engine.SkeletalMeshActor Name:SkeletalMeshActor_UAID_047C16DE8D6757E301_1134759325 Label:ClownRunAnimation SpatiallyLoaded:1 Bounds:IsValid=true, Min=(X=-158.294 Y=-117.301 Z=19.927), Max=(X=93.579 Y=134.572 Z=210.441) RuntimeGrid:None EditorOnly:0 RuntimeOnly:0 HLODRelevant:0
 |   |   |- [+] [  1]
 |   |   |   |- Guid:7AB26F0F491F83D5B907D9BEC702C967 BaseClass: NativeClass:/Script/CinematicCamera.CineCameraActor Name:CineCameraActor_UAID_047C16DE8D6757E301_1206154327 Label:CineCameraActor SpatiallyLoaded:0 Bounds:IsValid=true, Min=(X=-825.000 Y=0.000 Z=275.000), Max=(X=-825.000 Y=0.000 Z=275.000) RuntimeGrid:None EditorOnly:0 RuntimeOnly:0 HLODRelevant:0
 |   |   |- [+] [  2]
 |   |   |   |- Guid:6035F1754B8FFBDF736BCEA39F7703D8 BaseClass: NativeClass:/Script/Engine.StaticMeshActor Name:StaticMeshActor_UAID_047C16DE8D6757E301_1160640326 Label:Plane SpatiallyLoaded:1 Bounds:IsValid=true, Min=(X=500.000 Y=-1512.875 Z=-1512.875), Max=(X=500.000 Y=1512.875 Z=1512.875) RuntimeGrid:None EditorOnly:0 RuntimeOnly:0 HLODRelevant:1
 |   |   |- [+] [  3]
 |   |   |   |- Guid:6918A4854544182B61DA86BA37CA1CBB BaseClass: NativeClass:/Script/Engine.DirectionalLight Name:DirectionalLight_0 Label:DirectionalLight SpatiallyLoaded:0 Bounds:IsValid=true, Min=(X=-4398046511104.000 Y=-4398046511104.000 Z=-4398046511104.000), Max=(X=4398046511104.000 Y=4398046511104.000 Z=4398046511104.000) RuntimeGrid:None EditorOnly:0 RuntimeOnly:0 HLODRelevant:0 FolderPath:Lighting FolderGuid:963EC3EB4002CCE9759E2EBA541A873A
 |   |   |- [+] [  4]
 |   |   |   |- Guid:21AFF8E64BDF60EEFFC0818555B006A8 BaseClass: NativeClass:/Script/Engine.WorldDataLayers Name:WorldDataLayers Label:WorldDataLayers SpatiallyLoaded:0 Bounds:IsValid=true, Min=(X=0.000 Y=0.000 Z=0.000), Max=(X=0.000 Y=0.000 Z=0.000) RuntimeGrid:None EditorOnly:0 RuntimeOnly:0 HLODRelevant:0
 |   |   |- [+] [  5]
 |   |   |   |- Guid:C2EBC82D40C97236A0EABEBD82D6A0C3 BaseClass: NativeClass:/Script/Engine.PostProcessVolume Name:PostProcessVolume_UAID_30F6EFE079B3AFD301_1749109861 Label:PostProcessVolumeCelShader SpatiallyLoaded:0 Bounds:IsValid=true, Min=(X=3751.166 Y=-3424.788 Z=650.000), Max=(X=3951.166 Y=-3224.788 Z=850.000) RuntimeGrid:None EditorOnly:0 RuntimeOnly:0 HLODRelevant:0 FolderPath:Lighting FolderGuid:963EC3EB4002CCE9759E2EBA541A873A
 |   |   |- [+] [  6]
 |   |   |   |- Guid:A0A3E36C4C123400CD4E8EA0BE294B87 BaseClass: NativeClass:/Script/Engine.SkyAtmosphere Name:SkyAtmosphere_0 Label:SkyAtmosphere SpatiallyLoaded:0 Bounds:IsValid=true, Min=(X=4100.000 Y=-3100.000 Z=1020.000), Max=(X=4100.000 Y=-3100.000 Z=1020.000) RuntimeGrid:None EditorOnly:0 RuntimeOnly:0 HLODRelevant:0 FolderPath:Lighting FolderGuid:963EC3EB4002CCE9759E2EBA541A873A
 |   |   |- [+] [  7]
 |   |   |   |- Guid:E542D6504272A48D7F1C92A1CABDF97E BaseClass: NativeClass:/Script/Engine.SkyLight Name:SkyLight_1 Label:SkyLight SpatiallyLoaded:0 Bounds:IsValid=true, Min=(X=4100.000 Y=-3100.000 Z=690.000), Max=(X=4100.000 Y=-3100.000 Z=690.000) RuntimeGrid:None EditorOnly:0 RuntimeOnly:0 HLODRelevant:0 FolderPath:Lighting FolderGuid:963EC3EB4002CCE9759E2EBA541A873A
 |- ContainerInstances:
 |- [+] MainContainer:
 |   |-        ID: 0x0000000000000000
 |   |-    Bounds: IsValid=false, Min=(X=0.000 Y=0.000 Z=0.000), Max=(X=0.000 Y=0.000 Z=0.000)
 |   |- Transform: 0.000000,0.000000,0.000000|0.000000,0.000000,-0.000000|1.000000,1.000000,1.000000
 |   |- Container: /Game/Levels/Map_Renders
----------------------------------------------------------------------------------------------------------------
Map_Renders - Persistent Level
----------------------------------------------------------------------------------------------------------------
Always loaded Actor Count: 5 

----------------------------------------------------------------------------------------------------------------
Map_Renders - Runtime Spatial Hash - Streaming Grid - MainGrid
----------------------------------------------------------------------------------------------------------------
            Origin: X=0.000 Y=0.000 Z=0.000
         Cell Size: 12800
      World Bounds: IsValid=false, Min=(X=0.000 Y=0.000 Z=0.000), Max=(X=0.000 Y=0.000 Z=0.000)
     Loading Range: 25600.00
Block Slow Loading: No
 ClientOnlyVisible: No

[+] Grid Levels: 1
 |- Level  0: Cell Count    1 | Cell Size   12800 | Actor Count    8 (100.0%)

[+] Content of Grid Level 0
 |- [+] Content of Cell MainGrid_L0_X0_Y0
 |   |- Actor Count: 8
 |   |- Actor Path: /Game/Levels/Map_Renders.Map_Renders:PersistentLevel.SkeletalMeshActor_UAID_047C16DE8D6757E301_1134759325
 |   |- Actor Package: /Game/__ExternalActors__/Levels/Map_Renders/0/6B/DPZ7TOUDUTKDKVA6ALS7UC
 |   |- Actor Path: /Game/Levels/Map_Renders.Map_Renders:PersistentLevel.CineCameraActor_UAID_047C16DE8D6757E301_1206154327
 |   |- Actor Package: /Game/__ExternalActors__/Levels/Map_Renders/0/6M/9ZUD19XIO7Q6II1C6Q8ETT
 |   |- Actor Path: /Game/Levels/Map_Renders.Map_Renders:PersistentLevel.StaticMeshActor_UAID_047C16DE8D6757E301_1160640326
 |   |- Actor Package: /Game/__ExternalActors__/Levels/Map_Renders/1/2W/SKM7JXBZKKP50YDS8R2PRJ
 |   |- Actor Path: /Game/Levels/Map_Renders.Map_Renders:PersistentLevel.DirectionalLight_0
 |   |- Actor Package: /Game/__ExternalActors__/Levels/Map_Renders/1/UL/SHMOQHCZAZKZZF3L2E7012
 |   |- Actor Path: /Game/Levels/Map_Renders.Map_Renders:PersistentLevel.WorldDataLayers
 |   |- Actor Package: /Game/__ExternalActors__/Levels/Map_Renders/5/XV/ICAF4CIM6OVR1ZS63NXPIF
 |   |- Actor Path: /Game/Levels/Map_Renders.Map_Renders:PersistentLevel.PostProcessVolume_UAID_30F6EFE079B3AFD301_1749109861
 |   |- Actor Package: /Game/__ExternalActors__/Levels/Map_Renders/6/8R/J06CSKJDZXETN057ZGBSZ8
 |   |- Actor Path: /Game/Levels/Map_Renders.Map_Renders:PersistentLevel.SkyAtmosphere_0
 |   |- Actor Package: /Game/__ExternalActors__/Levels/Map_Renders/9/RW/ZLO580T0H1D4YSSCOGC36E
 |   |- Actor Path: /Game/Levels/Map_Renders.Map_Renders:PersistentLevel.SkyLight_1
 |   |- Actor Package: /Game/__ExternalActors__/Levels/Map_Renders/A/7N/JKOM7J7CUG6GAMUQ9HDUTZ

