[+] Containers:
 |- [+] Container: /Game/Levels/Map_Grayboxing
 |   |- [+] ActorDescs:
 |   |   |- Guid:025FCA4E46D0751648C0518FFDD68AD9 BaseClass: NativeClass:/Script/Engine.StaticMeshActor Name:StaticMeshActor_UAID_047C16DE8D67D4D101_1863657281 Label:kit_graybox_wall_2mx2m54 SpatiallyLoaded:1 Bounds:IsValid=true, Min=(X=2193.750 Y=1900.000 Z=0.000), Max=(X=2206.250 Y=2100.000 Z=200.000) RuntimeGrid:None EditorOnly:0 RuntimeOnly:0 HLODRelevant:1
 |   |   |- Guid:075A5F524DA5947BC140C094EB06E80B BaseClass: NativeClass:/Script/Engine.StaticMeshActor Name:StaticMeshActor_UAID_047C16DE8D67D4D101_1887822282 Label:kit_graybox_wall_2mx2m55 SpatiallyLoaded:1 Bounds:IsValid=true, Min=(X=2893.750 Y=1100.000 Z=0.000), Max=(X=2906.250 Y=1300.000 Z=200.000) RuntimeGrid:None EditorOnly:0 RuntimeOnly:0 HLODRelevant:1
 |   |   |- Guid:0D19966C4E36DCF78EAAB2B8909D9B77 BaseClass: NativeClass:/Script/Engine.StaticMeshActor Name:StaticMeshActor_UAID_047C16DE8D67D4D101_1295068220 Label:kit_graybox_wall_2mx2m29 SpatiallyLoaded:1 Bounds:IsValid=true, Min=(X=2193.750 Y=1100.000 Z=0.000), Max=(X=2206.250 Y=1300.000 Z=200.000) RuntimeGrid:None EditorOnly:0 RuntimeOnly:0 HLODRelevant:1
 |   |   |- Guid:1157B66549C7554BB88EE4A9759CF554 BaseClass: NativeClass:/Script/Engine.PlayerStart Name:PlayerStart_0 Label:PlayerStart SpatiallyLoaded:0 Bounds:IsValid=true, Min=(X=860.000 Y=1070.000 Z=0.013), Max=(X=940.000 Y=1150.000 Z=184.013) RuntimeGrid:None EditorOnly:0 RuntimeOnly:0 HLODRelevant:0
 |   |   |- Guid:149A982D41D60BB7879EA681D6DA5C5E BaseClass: NativeClass:/Script/Engine.StaticMeshActor Name:StaticMeshActor_UAID_047C16DE8D67D4D101_1814920272 Label:kit_graybox_wall_2mx2m46 SpatiallyLoaded:1 Bounds:IsValid=true, Min=(X=2593.750 Y=1100.000 Z=0.000), Max=(X=2606.250 Y=1300.000 Z=200.000) RuntimeGrid:None EditorOnly:0 RuntimeOnly:0 HLODRelevant:1
 |   |   |- Guid:16D2ED654BDCFBEBE43435A2AE4D0112 BaseClass: NativeClass:/Script/Engine.StaticMeshActor Name:StaticMeshActor_UAID_047C16DE8D67D4D101_1243033217 Label:kit_graybox_doorway_2mx2m SpatiallyLoaded:1 Bounds:IsValid=true, Min=(X=1900.000 Y=1093.750 Z=0.000), Max=(X=2100.000 Y=1106.250 Z=200.000) RuntimeGrid:None EditorOnly:0 RuntimeOnly:0 HLODRelevant:1
 |   |   |- Guid:178FC9254EF115FD55A0FABFE260BFD4 BaseClass: NativeClass:/Script/Engine.StaticMeshActor Name:StaticMeshActor_UAID_047C16DE8D67D4D101_1111690204 Label:kit_graybox_wall_2mx2m17 SpatiallyLoaded:1 Bounds:IsValid=true, Min=(X=593.750 Y=1000.000 Z=0.000), Max=(X=606.250 Y=1200.000 Z=200.000) RuntimeGrid:None EditorOnly:0 RuntimeOnly:0 HLODRelevant:1
 |   |   |- Guid:1DA3AB034FA1F1A88CA38C83B4F375BA BaseClass: NativeClass:/Script/Engine.StaticMeshActor Name:StaticMeshActor_UAID_047C16DE8D67D4D101_1687290258 Label:kit_graybox_wall_2mx2m38 SpatiallyLoaded:1 Bounds:IsValid=true, Min=(X=2200.000 Y=1393.750 Z=0.000), Max=(X=2400.000 Y=1406.250 Z=200.000) RuntimeGrid:None EditorOnly:0 RuntimeOnly:0 HLODRelevant:1
 |   |   |- Guid:20682CE145A7CCD9D405DC81A72A5CC0 BaseClass: NativeClass:/Script/Engine.StaticMeshActor Name:StaticMeshActor_UAID_047C16DE8D67D4D101_1421360240 Label:kit_graybox_wall_2mx2m13 SpatiallyLoaded:1 Bounds:IsValid=true, Min=(X=2400.000 Y=193.750 Z=0.000), Max=(X=2600.000 Y=206.250 Z=200.000) RuntimeGrid:None EditorOnly:0 RuntimeOnly:0 HLODRelevant:1
 |   |   |- Guid:2091998C48E692540BF7A488EFE4748D BaseClass: NativeClass:/Script/Engine.StaticMeshActor Name:StaticMeshActor_UAID_047C16DE8D67D4D101_1726656265 Label:kit_graybox_wall_2mx2m41 SpatiallyLoaded:1 Bounds:IsValid=true, Min=(X=2600.000 Y=193.750 Z=0.000), Max=(X=2800.000 Y=206.250 Z=200.000) RuntimeGrid:None EditorOnly:0 RuntimeOnly:0 HLODRelevant:1
 |   |   |- Guid:20FBA5D745F9B0BBD86BF1A8E2E70D6F BaseClass: NativeClass:/Script/Engine.StaticMeshActor Name:StaticMeshActor_UAID_047C16DE8D67D4D101_1687291259 Label:kit_graybox_wall_2mx2m39 SpatiallyLoaded:1 Bounds:IsValid=true, Min=(X=2400.000 Y=1393.750 Z=0.000), Max=(X=2600.000 Y=1406.250 Z=200.000) RuntimeGrid:None EditorOnly:0 RuntimeOnly:0 HLODRelevant:1
 |   |   |- Guid:21D9A0D64B400DEDF703CEAEA9E62B3F BaseClass: NativeClass:/Script/Engine.StaticMeshActor Name:StaticMeshActor_UAID_047C16DE8D67D4D101_1350421228 Label:kit_graybox_wall_2mx2m3 SpatiallyLoaded:1 Bounds:IsValid=true, Min=(X=1793.750 Y=500.000 Z=0.000), Max=(X=1806.250 Y=700.000 Z=200.000) RuntimeGrid:None EditorOnly:0 RuntimeOnly:0 HLODRelevant:1
 |   |   |- Guid:2218F52E43C2034D52766A881897E0B0 BaseClass: NativeClass:/Script/Engine.StaticMeshActor Name:StaticMeshActor_UAID_047C16DE8D67D4D101_1267326219 Label:kit_graybox_wall_1mx2m3 SpatiallyLoaded:1 Bounds:IsValid=true, Min=(X=2100.000 Y=1093.750 Z=0.000), Max=(X=2200.000 Y=1106.250 Z=200.000) RuntimeGrid:None EditorOnly:0 RuntimeOnly:0 HLODRelevant:1
 |   |   |- Guid:2A05C238446F873CE27C48A0CF157D44 BaseClass: NativeClass:/Script/Engine.StaticMeshActor Name:StaticMeshActor_UAID_047C16DE8D67D4D101_1437891242 Label:kit_graybox_wall_1mx2m7 SpatiallyLoaded:1 Bounds:IsValid=true, Min=(X=1793.750 Y=200.000 Z=0.000), Max=(X=1806.250 Y=300.000 Z=200.000) RuntimeGrid:None EditorOnly:0 RuntimeOnly:0 HLODRelevant:1
 |   |   |- Guid:2BF549FB4A861A6C67EDC9852F4091DD BaseClass: NativeClass:/Script/Engine.StaticMeshActor Name:StaticMeshActor_UAID_047C16DE8D67D4D101_1707224262 Label:kit_graybox_wall_2mx2m9 SpatiallyLoaded:1 Bounds:IsValid=true, Min=(X=2593.750 Y=500.000 Z=0.000), Max=(X=2606.250 Y=700.000 Z=200.000) RuntimeGrid:None EditorOnly:0 RuntimeOnly:0 HLODRelevant:1
 |   |   |- Guid:3091C7CB45AE7E7E7D35D3B08AE3789A BaseClass: NativeClass:/Script/Engine.StaticMeshActor Name:StaticMeshActor_UAID_047C16DE8D67D4D101_1467222244 Label:kit_graybox_doorway_2mx2m3 SpatiallyLoaded:1 Bounds:IsValid=true, Min=(X=600.000 Y=193.750 Z=0.000), Max=(X=1000.000 Y=206.250 Z=200.000) RuntimeGrid:None EditorOnly:0 RuntimeOnly:0 HLODRelevant:1
 |   |   |- Guid:3111AB6E4F2A63FE804730BDAF2CC7E7 BaseClass: NativeClass:/Script/Engine.StaticMeshActor Name:StaticMeshActor_UAID_047C16DE8D67D4D101_1179026213 Label:kit_graybox_wall_2mx2m25 SpatiallyLoaded:1 Bounds:IsValid=true, Min=(X=493.750 Y=2200.000 Z=0.000), Max=(X=506.250 Y=2400.000 Z=200.000) RuntimeGrid:None EditorOnly:0 RuntimeOnly:0 HLODRelevant:1
 |   |   |- Guid:33ED409542CB44EACE1946ACC32BC1C3 BaseClass: NativeClass:/Script/Engine.StaticMeshActor Name:StaticMeshActor_UAID_A4AE111137DC5EFB00_1110535423 Label:SM_SkySphere SpatiallyLoaded:0 Bounds:IsValid=true, Min=(X=-1638400.000 Y=-1638400.000 Z=-1638400.000), Max=(X=1638400.000 Y=1638400.000 Z=1638400.000) RuntimeGrid:None EditorOnly:0 RuntimeOnly:0 HLODRelevant:1 FolderPath:Lighting FolderGuid:963EC3EB4002CCE9759E2EBA541A873A
 |   |   |- Guid:3444590746ADCE52D6A072B3BD688431 BaseClass: NativeClass:/Script/Engine.StaticMeshActor Name:StaticMeshActor_UAID_047C16DE8D67D4D101_1857557277 Label:kit_graybox_wall_2mx2m51 SpatiallyLoaded:1 Bounds:IsValid=true, Min=(X=1800.000 Y=2093.750 Z=0.000), Max=(X=2000.000 Y=2106.250 Z=200.000) RuntimeGrid:None EditorOnly:0 RuntimeOnly:0 HLODRelevant:1
 |   |   |- Guid:36D4B97A449736B607D51A9064E7BEF9 BaseClass: NativeClass:/Script/Engine.StaticMeshActor Name:StaticMeshActor_UAID_047C16DE8D67D4D101_1135127207 Label:kit_graybox_wall_2mx2m20 SpatiallyLoaded:1 Bounds:IsValid=true, Min=(X=593.750 Y=1400.000 Z=0.000), Max=(X=606.250 Y=1600.000 Z=200.000) RuntimeGrid:None EditorOnly:0 RuntimeOnly:0 HLODRelevant:1
 |   |   |- Guid:37D5B4214F24D39ECB2B16871AD185CE BaseClass: NativeClass:/Script/Engine.StaticMeshActor Name:StaticMeshActor_UAID_047C16DE8D67D4D101_1863656280 Label:kit_graybox_wall_2mx2m53 SpatiallyLoaded:1 Bounds:IsValid=true, Min=(X=2193.750 Y=1700.000 Z=0.000), Max=(X=2206.250 Y=1900.000 Z=200.000) RuntimeGrid:None EditorOnly:0 RuntimeOnly:0 HLODRelevant:1
 |   |   |- Guid:3BD1ED5247F2DC20828F8596EC1DE376 BaseClass: NativeClass:/Script/Engine.StaticMeshActor Name:StaticMeshActor_UAID_047C16DE8D67D4D101_1350423229 Label:kit_graybox_wall_2mx2m4 SpatiallyLoaded:1 Bounds:IsValid=true, Min=(X=1793.750 Y=300.000 Z=0.000), Max=(X=1806.250 Y=500.000 Z=200.000) RuntimeGrid:None EditorOnly:0 RuntimeOnly:0 HLODRelevant:1
 |   |   |- Guid:3C9DABAE4A3FDD0ED3D67088E57B8A29 BaseClass: NativeClass:/Script/Engine.StaticMeshActor Name:StaticMeshActor_UAID_047C16DE8D67D4D101_1179027214 Label:kit_graybox_wall_2mx2m26 SpatiallyLoaded:1 Bounds:IsValid=true, Min=(X=493.750 Y=2400.000 Z=0.000), Max=(X=506.250 Y=2600.000 Z=200.000) RuntimeGrid:None EditorOnly:0 RuntimeOnly:0 HLODRelevant:1
 |   |   |- Guid:3DF539EF4BC55FF61134F4836D037E52 BaseClass: NativeClass:/Script/Engine.StaticMeshActor Name:StaticMeshActor_UAID_047C16DE8D67D4D101_1135126206 Label:kit_graybox_wall_2mx2m19 SpatiallyLoaded:1 Bounds:IsValid=true, Min=(X=593.750 Y=1200.000 Z=0.000), Max=(X=606.250 Y=1400.000 Z=200.000) RuntimeGrid:None EditorOnly:0 RuntimeOnly:0 HLODRelevant:1
 |   |   |- Guid:4056F36B474C826AE5E3E6A49661611B BaseClass: NativeClass:/Script/Engine.StaticMeshActor Name:StaticMeshActor_UAID_047C16DE8D67D4D101_1116759205 Label:kit_graybox_wall_2mx2m18 SpatiallyLoaded:1 Bounds:IsValid=true, Min=(X=600.000 Y=1193.750 Z=0.000), Max=(X=800.000 Y=1206.250 Z=200.000) RuntimeGrid:None EditorOnly:0 RuntimeOnly:0 HLODRelevant:1
 |   |   |- Guid:419D530E4976137D5F0EDF93E354AA65 BaseClass: NativeClass:/Script/Engine.StaticMeshActor Name:StaticMeshActor_UAID_047C16DE8D67D4D101_1179029216 Label:kit_graybox_wall_2mx2m28 SpatiallyLoaded:1 Bounds:IsValid=true, Min=(X=493.750 Y=2800.000 Z=0.000), Max=(X=506.250 Y=3000.000 Z=200.000) RuntimeGrid:None EditorOnly:0 RuntimeOnly:0 HLODRelevant:1
 |   |   |- Guid:4E8846F9400CB0569C844BA6EE468A3C BaseClass: NativeClass:/Script/Engine.StaticMeshActor Name:StaticMeshActor_UAID_047C16DE8D67D4D101_1968222287 Label:kit_graybox_wall_2mx2m57 SpatiallyLoaded:1 Bounds:IsValid=true, Min=(X=2600.000 Y=1393.750 Z=0.000), Max=(X=2800.000 Y=1406.250 Z=200.000) RuntimeGrid:None EditorOnly:0 RuntimeOnly:0 HLODRelevant:1
 |   |   |- Guid:4F7E52ED42AC00648B96F9A7AFC6E92B BaseClass: NativeClass:/Script/Engine.DirectionalLight Name:DirectionalLight_0 Label:DirectionalLight SpatiallyLoaded:0 Bounds:IsValid=true, Min=(X=-4398046511104.000 Y=-4398046511104.000 Z=-4398046511104.000), Max=(X=4398046511104.000 Y=4398046511104.000 Z=4398046511104.000) RuntimeGrid:None EditorOnly:0 RuntimeOnly:0 HLODRelevant:0 FolderPath:Lighting FolderGuid:963EC3EB4002CCE9759E2EBA541A873A
 |   |   |- Guid:50102F2447C88FCA431C8A88F4F7B245 BaseClass: NativeClass:/Script/Engine.StaticMeshActor Name:StaticMeshActor_UAID_047C16DE8D67D4D101_1538691250 Label:kit_graybox_wall_2mx2m6 SpatiallyLoaded:1 Bounds:IsValid=true, Min=(X=1400.000 Y=193.750 Z=0.000), Max=(X=1600.000 Y=206.250 Z=200.000) RuntimeGrid:None EditorOnly:0 RuntimeOnly:0 HLODRelevant:1
 |   |   |- Guid:554D43174637A699C934F6BCD133DA30 BaseClass: NativeClass:/Script/Engine.StaticMeshActor Name:StaticMeshActor_UAID_047C16DE8D67D4D101_1135129210 Label:kit_graybox_wall_2mx2m23 SpatiallyLoaded:1 Bounds:IsValid=true, Min=(X=593.750 Y=2000.000 Z=0.000), Max=(X=606.250 Y=2200.000 Z=200.000) RuntimeGrid:None EditorOnly:0 RuntimeOnly:0 HLODRelevant:1
 |   |   |- Guid:55B693514FEF5723D0FBF0B184012A19 BaseClass: NativeClass:/Script/Engine.StaticMeshActor Name:StaticMeshActor_UAID_047C16DE8D67D4D101_1634257251 Label:kit_graybox_wall_2mx2m32 SpatiallyLoaded:1 Bounds:IsValid=true, Min=(X=2000.000 Y=1493.750 Z=0.000), Max=(X=2200.000 Y=1506.250 Z=200.000) RuntimeGrid:None EditorOnly:0 RuntimeOnly:0 HLODRelevant:1
 |   |   |- Guid:566CE6FE47A75ED4521E43AA72BD2074 BaseClass: NativeClass:/Script/Engine.StaticMeshActor Name:StaticMeshActor_UAID_047C16DE8D67D4D101_1322799224 Label:kit_graybox_wall_1mx2m5 SpatiallyLoaded:1 Bounds:IsValid=true, Min=(X=1600.000 Y=1193.750 Z=0.000), Max=(X=1700.000 Y=1206.250 Z=200.000) RuntimeGrid:None EditorOnly:0 RuntimeOnly:0 HLODRelevant:1
 |   |   |- Guid:5D3432274C0CF5CEE870F58039909FED BaseClass: NativeClass:/Script/Engine.PostProcessVolume Name:PostProcessVolume_0 Label:PostProcessVolume SpatiallyLoaded:0 Bounds:IsValid=true, Min=(X=0.000 Y=0.000 Z=400.000), Max=(X=200.000 Y=200.000 Z=600.000) RuntimeGrid:None EditorOnly:0 RuntimeOnly:0 HLODRelevant:0 FolderPath:Lighting FolderGuid:963EC3EB4002CCE9759E2EBA541A873A
 |   |   |- Guid:5FDFD9FD4E69E76E88DD2699A3640053 BaseClass: NativeClass:/Script/Engine.StaticMeshActor Name:StaticMeshActor_UAID_047C16DE8D67D4D101_1777698271 Label:kit_graybox_door SpatiallyLoaded:1 Bounds:IsValid=true, Min=(X=1950.000 Y=1096.875 Z=0.000), Max=(X=2050.000 Y=1103.125 Z=175.000) RuntimeGrid:None EditorOnly:0 RuntimeOnly:0 HLODRelevant:1
 |   |   |- Guid:6643CFFD4E893872380E13B6A13E316F BaseClass: NativeClass:/Script/Engine.StaticMeshActor Name:StaticMeshActor_UAID_047C16DE8D67D4D101_1769189270 Label:kit_graybox_wall_2mx2m45 SpatiallyLoaded:1 Bounds:IsValid=true, Min=(X=2893.750 Y=900.000 Z=0.000), Max=(X=2906.250 Y=1100.000 Z=200.000) RuntimeGrid:None EditorOnly:0 RuntimeOnly:0 HLODRelevant:1
 |   |   |- Guid:66E5C42F49D4873806D63F99DFFBE234 BaseClass: NativeClass:/Script/Engine.StaticMeshActor Name:StaticMeshActor_UAID_047C16DE8D67D4D101_1961054286 Label:kit_graybox_wall_2mx2m56 SpatiallyLoaded:1 Bounds:IsValid=true, Min=(X=2893.750 Y=1300.000 Z=0.000), Max=(X=2906.250 Y=1500.000 Z=200.000) RuntimeGrid:None EditorOnly:0 RuntimeOnly:0 HLODRelevant:1
 |   |   |- Guid:6805945C4765D8F6193ACEBE23B72298 BaseClass: NativeClass:/Script/Engine.StaticMeshActor Name:StaticMeshActor_UAID_047C16DE8D67D4D101_1764118268 Label:kit_graybox_wall_2mx2m43 SpatiallyLoaded:1 Bounds:IsValid=true, Min=(X=2893.750 Y=500.000 Z=0.000), Max=(X=2906.250 Y=700.000 Z=200.000) RuntimeGrid:None EditorOnly:0 RuntimeOnly:0 HLODRelevant:1
 |   |   |- Guid:68E085464F6A834B32701B96508A5834 BaseClass: NativeClass:/Script/Engine.StaticMeshActor Name:StaticMeshActor_UAID_047C16DE8D67D4D101_1533690249 Label:kit_graybox_wall_2mx2m5 SpatiallyLoaded:1 Bounds:IsValid=true, Min=(X=1600.000 Y=193.750 Z=0.000), Max=(X=1800.000 Y=206.250 Z=200.000) RuntimeGrid:None EditorOnly:0 RuntimeOnly:0 HLODRelevant:1
 |   |   |- Guid:6C0791124C7F8C09D979A68721CBC118 BaseClass: NativeClass:/Script/Engine.StaticMeshActor Name:StaticMeshActor_UAID_047C16DE8D67D4D101_1300324221 Label:kit_graybox_wall_2mx2m30 SpatiallyLoaded:1 Bounds:IsValid=true, Min=(X=2193.750 Y=1300.000 Z=0.000), Max=(X=2206.250 Y=1500.000 Z=200.000) RuntimeGrid:None EditorOnly:0 RuntimeOnly:0 HLODRelevant:1
 |   |   |- Guid:6DD2B7DD440CE7CB2DAB948BBDD6D99F BaseClass: NativeClass:/Script/Engine.StaticMeshActor Name:StaticMeshActor_UAID_047C16DE8D67D4D101_1833887274 Label:kit_graybox_wall_2mx2m48 SpatiallyLoaded:1 Bounds:IsValid=true, Min=(X=1793.750 Y=1700.000 Z=0.000), Max=(X=1806.250 Y=1900.000 Z=200.000) RuntimeGrid:None EditorOnly:0 RuntimeOnly:0 HLODRelevant:1
 |   |   |- Guid:6FC8E9274473F16FCF816F9A8AE7F9FF BaseClass: NativeClass:/Script/Engine.StaticMeshActor Name:StaticMeshActor_UAID_047C16DE8D67D4D101_1682258256 Label:kit_graybox_wall_2mx2m36 SpatiallyLoaded:1 Bounds:IsValid=true, Min=(X=2200.000 Y=1243.750 Z=0.000), Max=(X=2400.000 Y=1256.250 Z=200.000) RuntimeGrid:None EditorOnly:0 RuntimeOnly:0 HLODRelevant:1
 |   |   |- Guid:70181F86438B9CDFED43FA96DCE3BBEB BaseClass: NativeClass:/Script/Engine.StaticMeshActor Name:StaticMeshActor_UAID_047C16DE8D67D4D101_1642122252 Label:kit_graybox_wall_2mx2m33 SpatiallyLoaded:1 Bounds:IsValid=true, Min=(X=1800.000 Y=1493.750 Z=0.000), Max=(X=2000.000 Y=1506.250 Z=200.000) RuntimeGrid:None EditorOnly:0 RuntimeOnly:0 HLODRelevant:1
 |   |   |- Guid:703F81C44208617C4B0AB691ADF70CB8 BaseClass: NativeClass:/Script/Engine.StaticMeshActor Name:StaticMeshActor_UAID_047C16DE8D67D4D101_1341624226 Label:kit_graybox_wall_2mx2m2 SpatiallyLoaded:1 Bounds:IsValid=true, Min=(X=1793.750 Y=700.000 Z=0.000), Max=(X=1806.250 Y=900.000 Z=200.000) RuntimeGrid:None EditorOnly:0 RuntimeOnly:0 HLODRelevant:1
 |   |   |- Guid:71B968014E02D1030D09FF83BEA77A53 BaseClass: NativeClass:/Script/Engine.StaticMeshActor Name:StaticMeshActor_UAID_047C16DE8D67D4D101_1107691201 Label:kit_graybox_wall_2mx2m14 SpatiallyLoaded:1 Bounds:IsValid=true, Min=(X=593.750 Y=400.000 Z=0.000), Max=(X=606.250 Y=600.000 Z=200.000) RuntimeGrid:None EditorOnly:0 RuntimeOnly:0 HLODRelevant:1
 |   |   |- Guid:72CEA1D34DD8DD8CBB9C7EBA71D8BFE6 BaseClass: NativeClass:/Script/Engine.StaticMeshActor Name:StaticMeshActor_UAID_047C16DE8D67D4D101_1513488248 Label:kit_graybox_wall_2mx2m31 SpatiallyLoaded:1 Bounds:IsValid=true, Min=(X=593.750 Y=200.000 Z=0.000), Max=(X=606.250 Y=400.000 Z=200.000) RuntimeGrid:None EditorOnly:0 RuntimeOnly:0 HLODRelevant:1
 |   |   |- Guid:73DCA6E94A879A37A8C7F5A92C41498C BaseClass: NativeClass:/Script/Engine.StaticMeshActor Name:StaticMeshActor_UAID_047C16DE8D67D4D101_1489890245 Label:kit_graybox_doorway_2mx2m4 SpatiallyLoaded:1 Bounds:IsValid=true, Min=(X=1000.000 Y=193.750 Z=0.000), Max=(X=1400.000 Y=206.250 Z=200.000) RuntimeGrid:None EditorOnly:0 RuntimeOnly:0 HLODRelevant:1
 |   |   |- Guid:77A5191445C1DE59CD95E18EF291190C BaseClass: NativeClass:/Script/Engine.StaticMeshActor Name:StaticMeshActor_UAID_047C16DE8D67D4D101_1312831222 Label:kit_graybox_wall_corner_1mx1mx2m SpatiallyLoaded:1 Bounds:IsValid=true, Min=(X=1700.000 Y=1100.000 Z=0.000), Max=(X=1806.250 Y=1206.250 Z=200.000) RuntimeGrid:None EditorOnly:0 RuntimeOnly:0 HLODRelevant:1
 |   |   |- Guid:7F869442468742F15AEAFCB5E60420F9 BaseClass: NativeClass:/Script/Engine.WorldDataLayers Name:WorldDataLayers Label:WorldDataLayers SpatiallyLoaded:0 Bounds:IsValid=true, Min=(X=0.000 Y=0.000 Z=0.000), Max=(X=0.000 Y=0.000 Z=0.000) RuntimeGrid:None EditorOnly:0 RuntimeOnly:0 HLODRelevant:0
 |   |   |- Guid:8120122849417B8E142171BF8789A101 BaseClass: NativeClass:/Script/Engine.StaticMeshActor Name:StaticMeshActor_UAID_047C16DE8D67D4D101_1109124202 Label:kit_graybox_wall_2mx2m15 SpatiallyLoaded:1 Bounds:IsValid=true, Min=(X=593.750 Y=600.000 Z=0.000), Max=(X=606.250 Y=800.000 Z=200.000) RuntimeGrid:None EditorOnly:0 RuntimeOnly:0 HLODRelevant:1
 |   |   |- Guid:822AD08B4A2CC47D136AC496E60F5C31 BaseClass: NativeClass:/Script/Engine.StaticMeshActor Name:StaticMeshActor_UAID_047C16DE8D67D4D101_1338398225 Label:kit_graybox_wall_2mx2m SpatiallyLoaded:1 Bounds:IsValid=true, Min=(X=1793.750 Y=900.000 Z=0.000), Max=(X=1806.250 Y=1100.000 Z=200.000) RuntimeGrid:None EditorOnly:0 RuntimeOnly:0 HLODRelevant:1
 |   |   |- Guid:85E5F4B84470B82B201C2BB314A94199 BaseClass: NativeClass:/Script/Engine.StaticMeshActor Name:StaticMeshActor_UAID_047C16DE8D67D4D101_1421360239 Label:kit_graybox_wall_2mx2m12 SpatiallyLoaded:1 Bounds:IsValid=true, Min=(X=2200.000 Y=193.750 Z=0.000), Max=(X=2400.000 Y=206.250 Z=200.000) RuntimeGrid:None EditorOnly:0 RuntimeOnly:0 HLODRelevant:1
 |   |   |- Guid:874698FC43456C796B9D2F8C2EF8DF29 BaseClass: NativeClass:/Script/Engine.StaticMeshActor Name:StaticMeshActor_UAID_047C16DE8D67D4D101_1735066266 Label:kit_graybox_wall_corner_1mx1mx2m2 SpatiallyLoaded:1 Bounds:IsValid=true, Min=(X=2800.000 Y=193.750 Z=0.000), Max=(X=2906.250 Y=300.000 Z=200.000) RuntimeGrid:None EditorOnly:0 RuntimeOnly:0 HLODRelevant:1
 |   |   |- Guid:899506D04E09768F5E9ADBB34A855DAD BaseClass: NativeClass:/Script/Engine.StaticMeshActor Name:StaticMeshActor_UAID_047C16DE8D67D4D101_1951231285 Label:kit_graybox_wall_1mx2m4 SpatiallyLoaded:1 Bounds:IsValid=true, Min=(X=2593.750 Y=1300.000 Z=0.000), Max=(X=2606.250 Y=1400.000 Z=200.000) RuntimeGrid:None EditorOnly:0 RuntimeOnly:0 HLODRelevant:1
 |   |   |- Guid:91F2D37F457390CF07CD05A92FB239C9 BaseClass: NativeClass:/Script/Engine.StaticMeshActor Name:StaticMeshActor_UAID_047C16DE8D67D4D101_1857556276 Label:kit_graybox_wall_2mx2m50 SpatiallyLoaded:1 Bounds:IsValid=true, Min=(X=2000.000 Y=2093.750 Z=0.000), Max=(X=2200.000 Y=2106.250 Z=200.000) RuntimeGrid:None EditorOnly:0 RuntimeOnly:0 HLODRelevant:1
 |   |   |- Guid:9277D9454773331E4A817C83008153F5 BaseClass: NativeClass:/Script/Engine.StaticMeshActor Name:StaticMeshActor_UAID_047C16DE8D67D4D101_1682259257 Label:kit_graybox_wall_2mx2m37 SpatiallyLoaded:1 Bounds:IsValid=true, Min=(X=2400.000 Y=1243.750 Z=0.000), Max=(X=2600.000 Y=1256.250 Z=200.000) RuntimeGrid:None EditorOnly:0 RuntimeOnly:0 HLODRelevant:1
 |   |   |- Guid:95E049974872F2F3B1AA77A52EBBDA3B BaseClass: NativeClass:/Script/Engine.StaticMeshActor Name:StaticMeshActor_UAID_047C16DE8D67D4D101_1739958267 Label:kit_graybox_wall_2mx2m42 SpatiallyLoaded:1 Bounds:IsValid=true, Min=(X=2893.750 Y=300.000 Z=0.000), Max=(X=2906.250 Y=500.000 Z=200.000) RuntimeGrid:None EditorOnly:0 RuntimeOnly:0 HLODRelevant:1
 |   |   |- Guid:9B1C407A4450E2FB652619BAA32A4990 BaseClass: NativeClass:/Script/Engine.StaticMeshActor Name:StaticMeshActor_UAID_047C16DE8D67D4D101_1667855254 Label:kit_graybox_wall_2mx2m34 SpatiallyLoaded:1 Bounds:IsValid=true, Min=(X=2200.000 Y=1093.750 Z=0.000), Max=(X=2400.000 Y=1106.250 Z=200.000) RuntimeGrid:None EditorOnly:0 RuntimeOnly:0 HLODRelevant:1
 |   |   |- Guid:9B96C71642062BAFC7710F83D3D5FE88 BaseClass: NativeClass:/Script/Engine.StaticMeshActor Name:StaticMeshActor_UAID_047C16DE8D67D4D101_1707222260 Label:kit_graybox_wall_2mx2m7 SpatiallyLoaded:1 Bounds:IsValid=true, Min=(X=2593.750 Y=900.000 Z=0.000), Max=(X=2606.250 Y=1100.000 Z=200.000) RuntimeGrid:None EditorOnly:0 RuntimeOnly:0 HLODRelevant:1
 |   |   |- Guid:9C6100AC48C2916F854080A019654D6E BaseClass: NativeClass:/Script/Engine.ExponentialHeightFog Name:ExponentialHeightFog_0 Label:ExponentialHeightFog SpatiallyLoaded:0 Bounds:IsValid=true, Min=(X=-5600.000 Y=-50.000 Z=-6850.000), Max=(X=-5600.000 Y=-50.000 Z=-6850.000) RuntimeGrid:None EditorOnly:0 RuntimeOnly:0 HLODRelevant:0 FolderPath:Lighting FolderGuid:963EC3EB4002CCE9759E2EBA541A873A
 |   |   |- Guid:9EA48F2647B9105B5E23DA8E2E256082 BaseClass: NativeClass:/Script/Engine.StaticMeshActor Name:StaticMeshActor_UAID_047C16DE8D67D4D101_1421358237 Label:kit_graybox_wall_2mx2m10 SpatiallyLoaded:1 Bounds:IsValid=true, Min=(X=1800.000 Y=193.750 Z=0.000), Max=(X=2000.000 Y=206.250 Z=200.000) RuntimeGrid:None EditorOnly:0 RuntimeOnly:0 HLODRelevant:1
 |   |   |- Guid:A100D9DE40C83D3D717640AA0DDB4806 BaseClass: NativeClass:/Script/Engine.StaticMeshActor Name:StaticMeshActor_UAID_047C16DE8D67D4D101_1164733212 Label:kit_graybox_wall_1mx2m SpatiallyLoaded:1 Bounds:IsValid=true, Min=(X=500.000 Y=2193.750 Z=0.000), Max=(X=600.000 Y=2206.250 Z=200.000) RuntimeGrid:None EditorOnly:0 RuntimeOnly:0 HLODRelevant:1
 |   |   |- Guid:A1213F0F4CDE20E94A4A6FAA4493E1DF BaseClass: NativeClass:/Script/Engine.StaticMeshActor Name:StaticMeshActor_1 Label:SM_Cube SpatiallyLoaded:1 Bounds:IsValid=true, Min=(X=0.000 Y=0.000 Z=-50.000), Max=(X=3000.000 Y=3500.000 Z=0.000) RuntimeGrid:None EditorOnly:0 RuntimeOnly:0 HLODRelevant:1 FolderPath:Playground FolderGuid:C73F09FC4215536B1DCE2A9E0A830C70
 |   |   |- Guid:A83A691F492224F4B5E98B81957B1A8C BaseClass: NativeClass:/Script/Engine.StaticMeshActor Name:StaticMeshActor_UAID_047C16DE8D67D4D101_1716223264 Label:kit_graybox_wall_1mx2m8 SpatiallyLoaded:1 Bounds:IsValid=true, Min=(X=2593.750 Y=200.000 Z=0.000), Max=(X=2606.250 Y=300.000 Z=200.000) RuntimeGrid:None EditorOnly:0 RuntimeOnly:0 HLODRelevant:1
 |   |   |- Guid:A8686B8F4086545F3E569BAA7E92BA9C BaseClass: NativeClass:/Script/Engine.StaticMeshActor Name:StaticMeshActor_UAID_047C16DE8D67D4D101_1863655279 Label:kit_graybox_wall_2mx2m52 SpatiallyLoaded:1 Bounds:IsValid=true, Min=(X=2193.750 Y=1500.000 Z=0.000), Max=(X=2206.250 Y=1700.000 Z=200.000) RuntimeGrid:None EditorOnly:0 RuntimeOnly:0 HLODRelevant:1
 |   |   |- Guid:BB042B0A43F2E251A8C10EB469C38382 BaseClass: NativeClass:/Script/Engine.StaticMeshActor Name:StaticMeshActor_UAID_047C16DE8D67D4D101_1826189273 Label:kit_graybox_wall_2mx2m47 SpatiallyLoaded:1 Bounds:IsValid=true, Min=(X=1793.750 Y=1500.000 Z=0.000), Max=(X=1806.250 Y=1700.000 Z=200.000) RuntimeGrid:None EditorOnly:0 RuntimeOnly:0 HLODRelevant:1
 |   |   |- Guid:C2EDCE124032D8C4F02698891E1B666E BaseClass: NativeClass:/Script/Engine.StaticMeshActor Name:StaticMeshActor_UAID_047C16DE8D67D4D101_1110358203 Label:kit_graybox_wall_2mx2m16 SpatiallyLoaded:1 Bounds:IsValid=true, Min=(X=593.750 Y=800.000 Z=0.000), Max=(X=606.250 Y=1000.000 Z=200.000) RuntimeGrid:None EditorOnly:0 RuntimeOnly:0 HLODRelevant:1
 |   |   |- Guid:C4662BBC41A4C663C7BC29B7C20F96F5 BaseClass: NativeClass:/Script/Engine.StaticMeshActor Name:StaticMeshActor_UAID_047C16DE8D67D4D101_1266200218 Label:kit_graybox_wall_1mx2m2 SpatiallyLoaded:1 Bounds:IsValid=true, Min=(X=1800.000 Y=1093.750 Z=0.000), Max=(X=1900.000 Y=1106.250 Z=200.000) RuntimeGrid:None EditorOnly:0 RuntimeOnly:0 HLODRelevant:1
 |   |   |- Guid:C79D9D064DC144645E2CAF97CD149A12 BaseClass: NativeClass:/Script/Engine.StaticMeshActor Name:StaticMeshActor_UAID_047C16DE8D67D4D101_1135128208 Label:kit_graybox_wall_2mx2m21 SpatiallyLoaded:1 Bounds:IsValid=true, Min=(X=593.750 Y=1600.000 Z=0.000), Max=(X=606.250 Y=1800.000 Z=200.000) RuntimeGrid:None EditorOnly:0 RuntimeOnly:0 HLODRelevant:1
 |   |   |- Guid:C91D0E244D124481F7E9CA888E5A8A90 BaseClass: NativeClass:/Script/Engine.StaticMeshActor Name:StaticMeshActor_UAID_047C16DE8D67D4D101_1179028215 Label:kit_graybox_wall_2mx2m27 SpatiallyLoaded:1 Bounds:IsValid=true, Min=(X=493.750 Y=2600.000 Z=0.000), Max=(X=506.250 Y=2800.000 Z=200.000) RuntimeGrid:None EditorOnly:0 RuntimeOnly:0 HLODRelevant:1
 |   |   |- Guid:CC079D0B4D92282EA27CD6932AC290A5 BaseClass: NativeClass:/Script/Engine.StaticMeshActor Name:StaticMeshActor_UAID_047C16DE8D67D4D101_1421359238 Label:kit_graybox_wall_2mx2m11 SpatiallyLoaded:1 Bounds:IsValid=true, Min=(X=2000.000 Y=193.750 Z=0.000), Max=(X=2200.000 Y=206.250 Z=200.000) RuntimeGrid:None EditorOnly:0 RuntimeOnly:0 HLODRelevant:1
 |   |   |- Guid:CD05704948FE24D2C3C921AC055DD76F BaseClass: NativeClass:/Script/Engine.StaticMeshActor Name:StaticMeshActor_UAID_047C16DE8D67D4D101_1671455255 Label:kit_graybox_wall_2mx2m35 SpatiallyLoaded:1 Bounds:IsValid=true, Min=(X=2400.000 Y=1093.750 Z=0.000), Max=(X=2600.000 Y=1106.250 Z=200.000) RuntimeGrid:None EditorOnly:0 RuntimeOnly:0 HLODRelevant:1
 |   |   |- Guid:D0AE3A294F85C7FC1621F6B476CD33AE BaseClass: NativeClass:/Script/Engine.StaticMeshActor Name:StaticMeshActor_UAID_047C16DE8D67D4D101_1650057253 Label:kit_graybox_wall_1mx2m6 SpatiallyLoaded:1 Bounds:IsValid=true, Min=(X=1700.000 Y=1493.750 Z=0.000), Max=(X=1800.000 Y=1506.250 Z=200.000) RuntimeGrid:None EditorOnly:0 RuntimeOnly:0 HLODRelevant:1
 |   |   |- Guid:D9370A5248834E1A40E5DB8417354D6F BaseClass: NativeClass:/Script/Engine.StaticMeshActor Name:StaticMeshActor_UAID_047C16DE8D67D4D101_1972256288 Label:kit_graybox_wall_1mx2m10 SpatiallyLoaded:1 Bounds:IsValid=true, Min=(X=2800.000 Y=1443.750 Z=0.000), Max=(X=2900.000 Y=1456.250 Z=200.000) RuntimeGrid:None EditorOnly:0 RuntimeOnly:0 HLODRelevant:1
 |   |   |- Guid:DFFDED24413B64007B868FA4F77ABDF1 BaseClass: NativeClass:/Script/Engine.StaticMeshActor Name:StaticMeshActor_UAID_047C16DE8D67D4D101_1135129209 Label:kit_graybox_wall_2mx2m22 SpatiallyLoaded:1 Bounds:IsValid=true, Min=(X=593.750 Y=1800.000 Z=0.000), Max=(X=606.250 Y=2000.000 Z=200.000) RuntimeGrid:None EditorOnly:0 RuntimeOnly:0 HLODRelevant:1
 |   |   |- Guid:E7A98B1444126736E8FCE79EAF1EBFDC BaseClass: NativeClass:/Script/Engine.StaticMeshActor Name:StaticMeshActor_UAID_047C16DE8D67D4D101_1707223261 Label:kit_graybox_wall_2mx2m8 SpatiallyLoaded:1 Bounds:IsValid=true, Min=(X=2593.750 Y=700.000 Z=0.000), Max=(X=2606.250 Y=900.000 Z=200.000) RuntimeGrid:None EditorOnly:0 RuntimeOnly:0 HLODRelevant:1
 |   |   |- Guid:EC472A334E6882E06C0A9CB456C1D55A BaseClass: NativeClass:/Script/Engine.StaticMeshActor Name:StaticMeshActor_UAID_047C16DE8D67D4D101_1857557278 Label:kit_graybox_wall_1mx2m9 SpatiallyLoaded:1 Bounds:IsValid=true, Min=(X=1700.000 Y=2093.750 Z=0.000), Max=(X=1800.000 Y=2106.250 Z=200.000) RuntimeGrid:None EditorOnly:0 RuntimeOnly:0 HLODRelevant:1
 |   |   |- Guid:ECE5BB2D4CDB108C7D1C0496A62BDF8F BaseClass: NativeClass:/Script/Engine.SkyLight Name:SkyLight_1 Label:SkyLight SpatiallyLoaded:0 Bounds:IsValid=true, Min=(X=0.000 Y=0.000 Z=690.000), Max=(X=0.000 Y=0.000 Z=690.000) RuntimeGrid:None EditorOnly:0 RuntimeOnly:0 HLODRelevant:0 FolderPath:Lighting FolderGuid:963EC3EB4002CCE9759E2EBA541A873A
 |   |   |- Guid:EECC534A4BBD2F47C5CF169A19D49639 BaseClass: NativeClass:/Script/Engine.StaticMeshActor Name:StaticMeshActor_UAID_047C16DE8D67D4D101_1767123269 Label:kit_graybox_wall_2mx2m44 SpatiallyLoaded:1 Bounds:IsValid=true, Min=(X=2893.750 Y=700.000 Z=0.000), Max=(X=2906.250 Y=900.000 Z=200.000) RuntimeGrid:None EditorOnly:0 RuntimeOnly:0 HLODRelevant:1
 |   |   |- Guid:F013EA914740F7575B9BBFB6E6149296 BaseClass: NativeClass:/Script/Engine.StaticMeshActor Name:StaticMeshActor_UAID_047C16DE8D67D4D101_1493922247 Label:kit_graybox_pillar2 SpatiallyLoaded:1 Bounds:IsValid=true, Min=(X=587.500 Y=187.500 Z=0.000), Max=(X=612.500 Y=212.500 Z=200.000) RuntimeGrid:None EditorOnly:0 RuntimeOnly:0 HLODRelevant:1
 |   |   |- Guid:F2AC81AC432B48F5BB0DF288437487A7 BaseClass: NativeClass:/Script/Engine.StaticMeshActor Name:StaticMeshActor_UAID_047C16DE8D67D4D101_1147159211 Label:kit_graybox_wall_2mx2m24 SpatiallyLoaded:1 Bounds:IsValid=true, Min=(X=600.000 Y=2193.750 Z=0.000), Max=(X=800.000 Y=2206.250 Z=200.000) RuntimeGrid:None EditorOnly:0 RuntimeOnly:0 HLODRelevant:1
 |   |   |- Guid:FADE8ABC4AE883D555BFD09B680F4536 BaseClass: NativeClass:/Script/Engine.VolumetricCloud Name:VolumetricCloud_0 Label:VolumetricCloud SpatiallyLoaded:0 Bounds:IsValid=true, Min=(X=0.000 Y=0.000 Z=820.000), Max=(X=0.000 Y=0.000 Z=820.000) RuntimeGrid:None EditorOnly:0 RuntimeOnly:0 HLODRelevant:0 FolderPath:Lighting FolderGuid:963EC3EB4002CCE9759E2EBA541A873A
 |   |   |- Guid:FBBEF4B64BBF70AF8B651A832D3EFFA1 BaseClass: NativeClass:/Script/Engine.StaticMeshActor Name:StaticMeshActor_UAID_047C16DE8D67D4D101_1850889275 Label:kit_graybox_wall_2mx2m49 SpatiallyLoaded:1 Bounds:IsValid=true, Min=(X=1793.750 Y=1900.000 Z=0.000), Max=(X=1806.250 Y=2100.000 Z=200.000) RuntimeGrid:None EditorOnly:0 RuntimeOnly:0 HLODRelevant:1
 |   |   |- Guid:FCB50F0940A8D9DCF104ACAE5899C45F BaseClass: NativeClass:/Script/Engine.StaticMeshActor Name:StaticMeshActor_UAID_047C16DE8D67D4D101_1707224263 Label:kit_graybox_wall_2mx2m40 SpatiallyLoaded:1 Bounds:IsValid=true, Min=(X=2593.750 Y=300.000 Z=0.000), Max=(X=2606.250 Y=500.000 Z=200.000) RuntimeGrid:None EditorOnly:0 RuntimeOnly:0 HLODRelevant:1
 |   |   |- Guid:FDC6288A4CCCBFAD7F3F109FC33067FF BaseClass: NativeClass:/Script/Engine.SkyAtmosphere Name:SkyAtmosphere_0 Label:SkyAtmosphere SpatiallyLoaded:0 Bounds:IsValid=true, Min=(X=0.000 Y=0.000 Z=1020.000), Max=(X=0.000 Y=0.000 Z=1020.000) RuntimeGrid:None EditorOnly:0 RuntimeOnly:0 HLODRelevant:0 FolderPath:Lighting FolderGuid:963EC3EB4002CCE9759E2EBA541A873A
 |   |- [+] Clusters:
 |   |   |- [+] [  0]
 |   |   |   |- Guid:21D9A0D64B400DEDF703CEAEA9E62B3F BaseClass: NativeClass:/Script/Engine.StaticMeshActor Name:StaticMeshActor_UAID_047C16DE8D67D4D101_1350421228 Label:kit_graybox_wall_2mx2m3 SpatiallyLoaded:1 Bounds:IsValid=true, Min=(X=1793.750 Y=500.000 Z=0.000), Max=(X=1806.250 Y=700.000 Z=200.000) RuntimeGrid:None EditorOnly:0 RuntimeOnly:0 HLODRelevant:1
 |   |   |- [+] [  1]
 |   |   |   |- Guid:0D19966C4E36DCF78EAAB2B8909D9B77 BaseClass: NativeClass:/Script/Engine.StaticMeshActor Name:StaticMeshActor_UAID_047C16DE8D67D4D101_1295068220 Label:kit_graybox_wall_2mx2m29 SpatiallyLoaded:1 Bounds:IsValid=true, Min=(X=2193.750 Y=1100.000 Z=0.000), Max=(X=2206.250 Y=1300.000 Z=200.000) RuntimeGrid:None EditorOnly:0 RuntimeOnly:0 HLODRelevant:1
 |   |   |- [+] [  2]
 |   |   |   |- Guid:419D530E4976137D5F0EDF93E354AA65 BaseClass: NativeClass:/Script/Engine.StaticMeshActor Name:StaticMeshActor_UAID_047C16DE8D67D4D101_1179029216 Label:kit_graybox_wall_2mx2m28 SpatiallyLoaded:1 Bounds:IsValid=true, Min=(X=493.750 Y=2800.000 Z=0.000), Max=(X=506.250 Y=3000.000 Z=200.000) RuntimeGrid:None EditorOnly:0 RuntimeOnly:0 HLODRelevant:1
 |   |   |- [+] [  3]
 |   |   |   |- Guid:C91D0E244D124481F7E9CA888E5A8A90 BaseClass: NativeClass:/Script/Engine.StaticMeshActor Name:StaticMeshActor_UAID_047C16DE8D67D4D101_1179028215 Label:kit_graybox_wall_2mx2m27 SpatiallyLoaded:1 Bounds:IsValid=true, Min=(X=493.750 Y=2600.000 Z=0.000), Max=(X=506.250 Y=2800.000 Z=200.000) RuntimeGrid:None EditorOnly:0 RuntimeOnly:0 HLODRelevant:1
 |   |   |- [+] [  4]
 |   |   |   |- Guid:9C6100AC48C2916F854080A019654D6E BaseClass: NativeClass:/Script/Engine.ExponentialHeightFog Name:ExponentialHeightFog_0 Label:ExponentialHeightFog SpatiallyLoaded:0 Bounds:IsValid=true, Min=(X=-5600.000 Y=-50.000 Z=-6850.000), Max=(X=-5600.000 Y=-50.000 Z=-6850.000) RuntimeGrid:None EditorOnly:0 RuntimeOnly:0 HLODRelevant:0 FolderPath:Lighting FolderGuid:963EC3EB4002CCE9759E2EBA541A873A
 |   |   |- [+] [  5]
 |   |   |   |- Guid:3C9DABAE4A3FDD0ED3D67088E57B8A29 BaseClass: NativeClass:/Script/Engine.StaticMeshActor Name:StaticMeshActor_UAID_047C16DE8D67D4D101_1179027214 Label:kit_graybox_wall_2mx2m26 SpatiallyLoaded:1 Bounds:IsValid=true, Min=(X=493.750 Y=2400.000 Z=0.000), Max=(X=506.250 Y=2600.000 Z=200.000) RuntimeGrid:None EditorOnly:0 RuntimeOnly:0 HLODRelevant:1
 |   |   |- [+] [  6]
 |   |   |   |- Guid:3111AB6E4F2A63FE804730BDAF2CC7E7 BaseClass: NativeClass:/Script/Engine.StaticMeshActor Name:StaticMeshActor_UAID_047C16DE8D67D4D101_1179026213 Label:kit_graybox_wall_2mx2m25 SpatiallyLoaded:1 Bounds:IsValid=true, Min=(X=493.750 Y=2200.000 Z=0.000), Max=(X=506.250 Y=2400.000 Z=200.000) RuntimeGrid:None EditorOnly:0 RuntimeOnly:0 HLODRelevant:1
 |   |   |- [+] [  7]
 |   |   |   |- Guid:F2AC81AC432B48F5BB0DF288437487A7 BaseClass: NativeClass:/Script/Engine.StaticMeshActor Name:StaticMeshActor_UAID_047C16DE8D67D4D101_1147159211 Label:kit_graybox_wall_2mx2m24 SpatiallyLoaded:1 Bounds:IsValid=true, Min=(X=600.000 Y=2193.750 Z=0.000), Max=(X=800.000 Y=2206.250 Z=200.000) RuntimeGrid:None EditorOnly:0 RuntimeOnly:0 HLODRelevant:1
 |   |   |- [+] [  8]
 |   |   |   |- Guid:FDC6288A4CCCBFAD7F3F109FC33067FF BaseClass: NativeClass:/Script/Engine.SkyAtmosphere Name:SkyAtmosphere_0 Label:SkyAtmosphere SpatiallyLoaded:0 Bounds:IsValid=true, Min=(X=0.000 Y=0.000 Z=1020.000), Max=(X=0.000 Y=0.000 Z=1020.000) RuntimeGrid:None EditorOnly:0 RuntimeOnly:0 HLODRelevant:0 FolderPath:Lighting FolderGuid:963EC3EB4002CCE9759E2EBA541A873A
 |   |   |- [+] [  9]
 |   |   |   |- Guid:554D43174637A699C934F6BCD133DA30 BaseClass: NativeClass:/Script/Engine.StaticMeshActor Name:StaticMeshActor_UAID_047C16DE8D67D4D101_1135129210 Label:kit_graybox_wall_2mx2m23 SpatiallyLoaded:1 Bounds:IsValid=true, Min=(X=593.750 Y=2000.000 Z=0.000), Max=(X=606.250 Y=2200.000 Z=200.000) RuntimeGrid:None EditorOnly:0 RuntimeOnly:0 HLODRelevant:1
 |   |   |- [+] [ 10]
 |   |   |   |- Guid:DFFDED24413B64007B868FA4F77ABDF1 BaseClass: NativeClass:/Script/Engine.StaticMeshActor Name:StaticMeshActor_UAID_047C16DE8D67D4D101_1135129209 Label:kit_graybox_wall_2mx2m22 SpatiallyLoaded:1 Bounds:IsValid=true, Min=(X=593.750 Y=1800.000 Z=0.000), Max=(X=606.250 Y=2000.000 Z=200.000) RuntimeGrid:None EditorOnly:0 RuntimeOnly:0 HLODRelevant:1
 |   |   |- [+] [ 11]
 |   |   |   |- Guid:C79D9D064DC144645E2CAF97CD149A12 BaseClass: NativeClass:/Script/Engine.StaticMeshActor Name:StaticMeshActor_UAID_047C16DE8D67D4D101_1135128208 Label:kit_graybox_wall_2mx2m21 SpatiallyLoaded:1 Bounds:IsValid=true, Min=(X=593.750 Y=1600.000 Z=0.000), Max=(X=606.250 Y=1800.000 Z=200.000) RuntimeGrid:None EditorOnly:0 RuntimeOnly:0 HLODRelevant:1
 |   |   |- [+] [ 12]
 |   |   |   |- Guid:36D4B97A449736B607D51A9064E7BEF9 BaseClass: NativeClass:/Script/Engine.StaticMeshActor Name:StaticMeshActor_UAID_047C16DE8D67D4D101_1135127207 Label:kit_graybox_wall_2mx2m20 SpatiallyLoaded:1 Bounds:IsValid=true, Min=(X=593.750 Y=1400.000 Z=0.000), Max=(X=606.250 Y=1600.000 Z=200.000) RuntimeGrid:None EditorOnly:0 RuntimeOnly:0 HLODRelevant:1
 |   |   |- [+] [ 13]
 |   |   |   |- Guid:703F81C44208617C4B0AB691ADF70CB8 BaseClass: NativeClass:/Script/Engine.StaticMeshActor Name:StaticMeshActor_UAID_047C16DE8D67D4D101_1341624226 Label:kit_graybox_wall_2mx2m2 SpatiallyLoaded:1 Bounds:IsValid=true, Min=(X=1793.750 Y=700.000 Z=0.000), Max=(X=1806.250 Y=900.000 Z=200.000) RuntimeGrid:None EditorOnly:0 RuntimeOnly:0 HLODRelevant:1
 |   |   |- [+] [ 14]
 |   |   |   |- Guid:5D3432274C0CF5CEE870F58039909FED BaseClass: NativeClass:/Script/Engine.PostProcessVolume Name:PostProcessVolume_0 Label:PostProcessVolume SpatiallyLoaded:0 Bounds:IsValid=true, Min=(X=0.000 Y=0.000 Z=400.000), Max=(X=200.000 Y=200.000 Z=600.000) RuntimeGrid:None EditorOnly:0 RuntimeOnly:0 HLODRelevant:0 FolderPath:Lighting FolderGuid:963EC3EB4002CCE9759E2EBA541A873A
 |   |   |- [+] [ 15]
 |   |   |   |- Guid:A1213F0F4CDE20E94A4A6FAA4493E1DF BaseClass: NativeClass:/Script/Engine.StaticMeshActor Name:StaticMeshActor_1 Label:SM_Cube SpatiallyLoaded:1 Bounds:IsValid=true, Min=(X=0.000 Y=0.000 Z=-50.000), Max=(X=3000.000 Y=3500.000 Z=0.000) RuntimeGrid:None EditorOnly:0 RuntimeOnly:0 HLODRelevant:1 FolderPath:Playground FolderGuid:C73F09FC4215536B1DCE2A9E0A830C70
 |   |   |- [+] [ 16]
 |   |   |   |- Guid:3DF539EF4BC55FF61134F4836D037E52 BaseClass: NativeClass:/Script/Engine.StaticMeshActor Name:StaticMeshActor_UAID_047C16DE8D67D4D101_1135126206 Label:kit_graybox_wall_2mx2m19 SpatiallyLoaded:1 Bounds:IsValid=true, Min=(X=593.750 Y=1200.000 Z=0.000), Max=(X=606.250 Y=1400.000 Z=200.000) RuntimeGrid:None EditorOnly:0 RuntimeOnly:0 HLODRelevant:1
 |   |   |- [+] [ 17]
 |   |   |   |- Guid:4056F36B474C826AE5E3E6A49661611B BaseClass: NativeClass:/Script/Engine.StaticMeshActor Name:StaticMeshActor_UAID_047C16DE8D67D4D101_1116759205 Label:kit_graybox_wall_2mx2m18 SpatiallyLoaded:1 Bounds:IsValid=true, Min=(X=600.000 Y=1193.750 Z=0.000), Max=(X=800.000 Y=1206.250 Z=200.000) RuntimeGrid:None EditorOnly:0 RuntimeOnly:0 HLODRelevant:1
 |   |   |- [+] [ 18]
 |   |   |   |- Guid:178FC9254EF115FD55A0FABFE260BFD4 BaseClass: NativeClass:/Script/Engine.StaticMeshActor Name:StaticMeshActor_UAID_047C16DE8D67D4D101_1111690204 Label:kit_graybox_wall_2mx2m17 SpatiallyLoaded:1 Bounds:IsValid=true, Min=(X=593.750 Y=1000.000 Z=0.000), Max=(X=606.250 Y=1200.000 Z=200.000) RuntimeGrid:None EditorOnly:0 RuntimeOnly:0 HLODRelevant:1
 |   |   |- [+] [ 19]
 |   |   |   |- Guid:ECE5BB2D4CDB108C7D1C0496A62BDF8F BaseClass: NativeClass:/Script/Engine.SkyLight Name:SkyLight_1 Label:SkyLight SpatiallyLoaded:0 Bounds:IsValid=true, Min=(X=0.000 Y=0.000 Z=690.000), Max=(X=0.000 Y=0.000 Z=690.000) RuntimeGrid:None EditorOnly:0 RuntimeOnly:0 HLODRelevant:0 FolderPath:Lighting FolderGuid:963EC3EB4002CCE9759E2EBA541A873A
 |   |   |- [+] [ 20]
 |   |   |   |- Guid:C2EDCE124032D8C4F02698891E1B666E BaseClass: NativeClass:/Script/Engine.StaticMeshActor Name:StaticMeshActor_UAID_047C16DE8D67D4D101_1110358203 Label:kit_graybox_wall_2mx2m16 SpatiallyLoaded:1 Bounds:IsValid=true, Min=(X=593.750 Y=800.000 Z=0.000), Max=(X=606.250 Y=1000.000 Z=200.000) RuntimeGrid:None EditorOnly:0 RuntimeOnly:0 HLODRelevant:1
 |   |   |- [+] [ 21]
 |   |   |   |- Guid:8120122849417B8E142171BF8789A101 BaseClass: NativeClass:/Script/Engine.StaticMeshActor Name:StaticMeshActor_UAID_047C16DE8D67D4D101_1109124202 Label:kit_graybox_wall_2mx2m15 SpatiallyLoaded:1 Bounds:IsValid=true, Min=(X=593.750 Y=600.000 Z=0.000), Max=(X=606.250 Y=800.000 Z=200.000) RuntimeGrid:None EditorOnly:0 RuntimeOnly:0 HLODRelevant:1
 |   |   |- [+] [ 22]
 |   |   |   |- Guid:71B968014E02D1030D09FF83BEA77A53 BaseClass: NativeClass:/Script/Engine.StaticMeshActor Name:StaticMeshActor_UAID_047C16DE8D67D4D101_1107691201 Label:kit_graybox_wall_2mx2m14 SpatiallyLoaded:1 Bounds:IsValid=true, Min=(X=593.750 Y=400.000 Z=0.000), Max=(X=606.250 Y=600.000 Z=200.000) RuntimeGrid:None EditorOnly:0 RuntimeOnly:0 HLODRelevant:1
 |   |   |- [+] [ 23]
 |   |   |   |- Guid:20682CE145A7CCD9D405DC81A72A5CC0 BaseClass: NativeClass:/Script/Engine.StaticMeshActor Name:StaticMeshActor_UAID_047C16DE8D67D4D101_1421360240 Label:kit_graybox_wall_2mx2m13 SpatiallyLoaded:1 Bounds:IsValid=true, Min=(X=2400.000 Y=193.750 Z=0.000), Max=(X=2600.000 Y=206.250 Z=200.000) RuntimeGrid:None EditorOnly:0 RuntimeOnly:0 HLODRelevant:1
 |   |   |- [+] [ 24]
 |   |   |   |- Guid:85E5F4B84470B82B201C2BB314A94199 BaseClass: NativeClass:/Script/Engine.StaticMeshActor Name:StaticMeshActor_UAID_047C16DE8D67D4D101_1421360239 Label:kit_graybox_wall_2mx2m12 SpatiallyLoaded:1 Bounds:IsValid=true, Min=(X=2200.000 Y=193.750 Z=0.000), Max=(X=2400.000 Y=206.250 Z=200.000) RuntimeGrid:None EditorOnly:0 RuntimeOnly:0 HLODRelevant:1
 |   |   |- [+] [ 25]
 |   |   |   |- Guid:1157B66549C7554BB88EE4A9759CF554 BaseClass: NativeClass:/Script/Engine.PlayerStart Name:PlayerStart_0 Label:PlayerStart SpatiallyLoaded:0 Bounds:IsValid=true, Min=(X=860.000 Y=1070.000 Z=0.013), Max=(X=940.000 Y=1150.000 Z=184.013) RuntimeGrid:None EditorOnly:0 RuntimeOnly:0 HLODRelevant:0
 |   |   |- [+] [ 26]
 |   |   |   |- Guid:CC079D0B4D92282EA27CD6932AC290A5 BaseClass: NativeClass:/Script/Engine.StaticMeshActor Name:StaticMeshActor_UAID_047C16DE8D67D4D101_1421359238 Label:kit_graybox_wall_2mx2m11 SpatiallyLoaded:1 Bounds:IsValid=true, Min=(X=2000.000 Y=193.750 Z=0.000), Max=(X=2200.000 Y=206.250 Z=200.000) RuntimeGrid:None EditorOnly:0 RuntimeOnly:0 HLODRelevant:1
 |   |   |- [+] [ 27]
 |   |   |   |- Guid:9EA48F2647B9105B5E23DA8E2E256082 BaseClass: NativeClass:/Script/Engine.StaticMeshActor Name:StaticMeshActor_UAID_047C16DE8D67D4D101_1421358237 Label:kit_graybox_wall_2mx2m10 SpatiallyLoaded:1 Bounds:IsValid=true, Min=(X=1800.000 Y=193.750 Z=0.000), Max=(X=2000.000 Y=206.250 Z=200.000) RuntimeGrid:None EditorOnly:0 RuntimeOnly:0 HLODRelevant:1
 |   |   |- [+] [ 28]
 |   |   |   |- Guid:7F869442468742F15AEAFCB5E60420F9 BaseClass: NativeClass:/Script/Engine.WorldDataLayers Name:WorldDataLayers Label:WorldDataLayers SpatiallyLoaded:0 Bounds:IsValid=true, Min=(X=0.000 Y=0.000 Z=0.000), Max=(X=0.000 Y=0.000 Z=0.000) RuntimeGrid:None EditorOnly:0 RuntimeOnly:0 HLODRelevant:0
 |   |   |- [+] [ 29]
 |   |   |   |- Guid:822AD08B4A2CC47D136AC496E60F5C31 BaseClass: NativeClass:/Script/Engine.StaticMeshActor Name:StaticMeshActor_UAID_047C16DE8D67D4D101_1338398225 Label:kit_graybox_wall_2mx2m SpatiallyLoaded:1 Bounds:IsValid=true, Min=(X=1793.750 Y=900.000 Z=0.000), Max=(X=1806.250 Y=1100.000 Z=200.000) RuntimeGrid:None EditorOnly:0 RuntimeOnly:0 HLODRelevant:1
 |   |   |- [+] [ 30]
 |   |   |   |- Guid:2A05C238446F873CE27C48A0CF157D44 BaseClass: NativeClass:/Script/Engine.StaticMeshActor Name:StaticMeshActor_UAID_047C16DE8D67D4D101_1437891242 Label:kit_graybox_wall_1mx2m7 SpatiallyLoaded:1 Bounds:IsValid=true, Min=(X=1793.750 Y=200.000 Z=0.000), Max=(X=1806.250 Y=300.000 Z=200.000) RuntimeGrid:None EditorOnly:0 RuntimeOnly:0 HLODRelevant:1
 |   |   |- [+] [ 31]
 |   |   |   |- Guid:566CE6FE47A75ED4521E43AA72BD2074 BaseClass: NativeClass:/Script/Engine.StaticMeshActor Name:StaticMeshActor_UAID_047C16DE8D67D4D101_1322799224 Label:kit_graybox_wall_1mx2m5 SpatiallyLoaded:1 Bounds:IsValid=true, Min=(X=1600.000 Y=1193.750 Z=0.000), Max=(X=1700.000 Y=1206.250 Z=200.000) RuntimeGrid:None EditorOnly:0 RuntimeOnly:0 HLODRelevant:1
 |   |   |- [+] [ 32]
 |   |   |   |- Guid:2218F52E43C2034D52766A881897E0B0 BaseClass: NativeClass:/Script/Engine.StaticMeshActor Name:StaticMeshActor_UAID_047C16DE8D67D4D101_1267326219 Label:kit_graybox_wall_1mx2m3 SpatiallyLoaded:1 Bounds:IsValid=true, Min=(X=2100.000 Y=1093.750 Z=0.000), Max=(X=2200.000 Y=1106.250 Z=200.000) RuntimeGrid:None EditorOnly:0 RuntimeOnly:0 HLODRelevant:1
 |   |   |- [+] [ 33]
 |   |   |   |- Guid:C4662BBC41A4C663C7BC29B7C20F96F5 BaseClass: NativeClass:/Script/Engine.StaticMeshActor Name:StaticMeshActor_UAID_047C16DE8D67D4D101_1266200218 Label:kit_graybox_wall_1mx2m2 SpatiallyLoaded:1 Bounds:IsValid=true, Min=(X=1800.000 Y=1093.750 Z=0.000), Max=(X=1900.000 Y=1106.250 Z=200.000) RuntimeGrid:None EditorOnly:0 RuntimeOnly:0 HLODRelevant:1
 |   |   |- [+] [ 34]
 |   |   |   |- Guid:A100D9DE40C83D3D717640AA0DDB4806 BaseClass: NativeClass:/Script/Engine.StaticMeshActor Name:StaticMeshActor_UAID_047C16DE8D67D4D101_1164733212 Label:kit_graybox_wall_1mx2m SpatiallyLoaded:1 Bounds:IsValid=true, Min=(X=500.000 Y=2193.750 Z=0.000), Max=(X=600.000 Y=2206.250 Z=200.000) RuntimeGrid:None EditorOnly:0 RuntimeOnly:0 HLODRelevant:1
 |   |   |- [+] [ 35]
 |   |   |   |- Guid:FADE8ABC4AE883D555BFD09B680F4536 BaseClass: NativeClass:/Script/Engine.VolumetricCloud Name:VolumetricCloud_0 Label:VolumetricCloud SpatiallyLoaded:0 Bounds:IsValid=true, Min=(X=0.000 Y=0.000 Z=820.000), Max=(X=0.000 Y=0.000 Z=820.000) RuntimeGrid:None EditorOnly:0 RuntimeOnly:0 HLODRelevant:0 FolderPath:Lighting FolderGuid:963EC3EB4002CCE9759E2EBA541A873A
 |   |   |- [+] [ 36]
 |   |   |   |- Guid:F013EA914740F7575B9BBFB6E6149296 BaseClass: NativeClass:/Script/Engine.StaticMeshActor Name:StaticMeshActor_UAID_047C16DE8D67D4D101_1493922247 Label:kit_graybox_pillar2 SpatiallyLoaded:1 Bounds:IsValid=true, Min=(X=587.500 Y=187.500 Z=0.000), Max=(X=612.500 Y=212.500 Z=200.000) RuntimeGrid:None EditorOnly:0 RuntimeOnly:0 HLODRelevant:1
 |   |   |- [+] [ 37]
 |   |   |   |- Guid:33ED409542CB44EACE1946ACC32BC1C3 BaseClass: NativeClass:/Script/Engine.StaticMeshActor Name:StaticMeshActor_UAID_A4AE111137DC5EFB00_1110535423 Label:SM_SkySphere SpatiallyLoaded:0 Bounds:IsValid=true, Min=(X=-1638400.000 Y=-1638400.000 Z=-1638400.000), Max=(X=1638400.000 Y=1638400.000 Z=1638400.000) RuntimeGrid:None EditorOnly:0 RuntimeOnly:0 HLODRelevant:1 FolderPath:Lighting FolderGuid:963EC3EB4002CCE9759E2EBA541A873A
 |   |   |- [+] [ 38]
 |   |   |   |- Guid:73DCA6E94A879A37A8C7F5A92C41498C BaseClass: NativeClass:/Script/Engine.StaticMeshActor Name:StaticMeshActor_UAID_047C16DE8D67D4D101_1489890245 Label:kit_graybox_doorway_2mx2m4 SpatiallyLoaded:1 Bounds:IsValid=true, Min=(X=1000.000 Y=193.750 Z=0.000), Max=(X=1400.000 Y=206.250 Z=200.000) RuntimeGrid:None EditorOnly:0 RuntimeOnly:0 HLODRelevant:1
 |   |   |- [+] [ 39]
 |   |   |   |- Guid:3091C7CB45AE7E7E7D35D3B08AE3789A BaseClass: NativeClass:/Script/Engine.StaticMeshActor Name:StaticMeshActor_UAID_047C16DE8D67D4D101_1467222244 Label:kit_graybox_doorway_2mx2m3 SpatiallyLoaded:1 Bounds:IsValid=true, Min=(X=600.000 Y=193.750 Z=0.000), Max=(X=1000.000 Y=206.250 Z=200.000) RuntimeGrid:None EditorOnly:0 RuntimeOnly:0 HLODRelevant:1
 |   |   |- [+] [ 40]
 |   |   |   |- Guid:4F7E52ED42AC00648B96F9A7AFC6E92B BaseClass: NativeClass:/Script/Engine.DirectionalLight Name:DirectionalLight_0 Label:DirectionalLight SpatiallyLoaded:0 Bounds:IsValid=true, Min=(X=-4398046511104.000 Y=-4398046511104.000 Z=-4398046511104.000), Max=(X=4398046511104.000 Y=4398046511104.000 Z=4398046511104.000) RuntimeGrid:None EditorOnly:0 RuntimeOnly:0 HLODRelevant:0 FolderPath:Lighting FolderGuid:963EC3EB4002CCE9759E2EBA541A873A
 |   |   |- [+] [ 41]
 |   |   |   |- Guid:16D2ED654BDCFBEBE43435A2AE4D0112 BaseClass: NativeClass:/Script/Engine.StaticMeshActor Name:StaticMeshActor_UAID_047C16DE8D67D4D101_1243033217 Label:kit_graybox_doorway_2mx2m SpatiallyLoaded:1 Bounds:IsValid=true, Min=(X=1900.000 Y=1093.750 Z=0.000), Max=(X=2100.000 Y=1106.250 Z=200.000) RuntimeGrid:None EditorOnly:0 RuntimeOnly:0 HLODRelevant:1
 |   |   |- [+] [ 42]
 |   |   |   |- Guid:6C0791124C7F8C09D979A68721CBC118 BaseClass: NativeClass:/Script/Engine.StaticMeshActor Name:StaticMeshActor_UAID_047C16DE8D67D4D101_1300324221 Label:kit_graybox_wall_2mx2m30 SpatiallyLoaded:1 Bounds:IsValid=true, Min=(X=2193.750 Y=1300.000 Z=0.000), Max=(X=2206.250 Y=1500.000 Z=200.000) RuntimeGrid:None EditorOnly:0 RuntimeOnly:0 HLODRelevant:1
 |   |   |- [+] [ 43]
 |   |   |   |- Guid:72CEA1D34DD8DD8CBB9C7EBA71D8BFE6 BaseClass: NativeClass:/Script/Engine.StaticMeshActor Name:StaticMeshActor_UAID_047C16DE8D67D4D101_1513488248 Label:kit_graybox_wall_2mx2m31 SpatiallyLoaded:1 Bounds:IsValid=true, Min=(X=593.750 Y=200.000 Z=0.000), Max=(X=606.250 Y=400.000 Z=200.000) RuntimeGrid:None EditorOnly:0 RuntimeOnly:0 HLODRelevant:1
 |   |   |- [+] [ 44]
 |   |   |   |- Guid:3BD1ED5247F2DC20828F8596EC1DE376 BaseClass: NativeClass:/Script/Engine.StaticMeshActor Name:StaticMeshActor_UAID_047C16DE8D67D4D101_1350423229 Label:kit_graybox_wall_2mx2m4 SpatiallyLoaded:1 Bounds:IsValid=true, Min=(X=1793.750 Y=300.000 Z=0.000), Max=(X=1806.250 Y=500.000 Z=200.000) RuntimeGrid:None EditorOnly:0 RuntimeOnly:0 HLODRelevant:1
 |   |   |- [+] [ 45]
 |   |   |   |- Guid:68E085464F6A834B32701B96508A5834 BaseClass: NativeClass:/Script/Engine.StaticMeshActor Name:StaticMeshActor_UAID_047C16DE8D67D4D101_1533690249 Label:kit_graybox_wall_2mx2m5 SpatiallyLoaded:1 Bounds:IsValid=true, Min=(X=1600.000 Y=193.750 Z=0.000), Max=(X=1800.000 Y=206.250 Z=200.000) RuntimeGrid:None EditorOnly:0 RuntimeOnly:0 HLODRelevant:1
 |   |   |- [+] [ 46]
 |   |   |   |- Guid:50102F2447C88FCA431C8A88F4F7B245 BaseClass: NativeClass:/Script/Engine.StaticMeshActor Name:StaticMeshActor_UAID_047C16DE8D67D4D101_1538691250 Label:kit_graybox_wall_2mx2m6 SpatiallyLoaded:1 Bounds:IsValid=true, Min=(X=1400.000 Y=193.750 Z=0.000), Max=(X=1600.000 Y=206.250 Z=200.000) RuntimeGrid:None EditorOnly:0 RuntimeOnly:0 HLODRelevant:1
 |   |   |- [+] [ 47]
 |   |   |   |- Guid:77A5191445C1DE59CD95E18EF291190C BaseClass: NativeClass:/Script/Engine.StaticMeshActor Name:StaticMeshActor_UAID_047C16DE8D67D4D101_1312831222 Label:kit_graybox_wall_corner_1mx1mx2m SpatiallyLoaded:1 Bounds:IsValid=true, Min=(X=1700.000 Y=1100.000 Z=0.000), Max=(X=1806.250 Y=1206.250 Z=200.000) RuntimeGrid:None EditorOnly:0 RuntimeOnly:0 HLODRelevant:1
 |   |   |- [+] [ 48]
 |   |   |   |- Guid:55B693514FEF5723D0FBF0B184012A19 BaseClass: NativeClass:/Script/Engine.StaticMeshActor Name:StaticMeshActor_UAID_047C16DE8D67D4D101_1634257251 Label:kit_graybox_wall_2mx2m32 SpatiallyLoaded:1 Bounds:IsValid=true, Min=(X=2000.000 Y=1493.750 Z=0.000), Max=(X=2200.000 Y=1506.250 Z=200.000) RuntimeGrid:None EditorOnly:0 RuntimeOnly:0 HLODRelevant:1
 |   |   |- [+] [ 49]
 |   |   |   |- Guid:70181F86438B9CDFED43FA96DCE3BBEB BaseClass: NativeClass:/Script/Engine.StaticMeshActor Name:StaticMeshActor_UAID_047C16DE8D67D4D101_1642122252 Label:kit_graybox_wall_2mx2m33 SpatiallyLoaded:1 Bounds:IsValid=true, Min=(X=1800.000 Y=1493.750 Z=0.000), Max=(X=2000.000 Y=1506.250 Z=200.000) RuntimeGrid:None EditorOnly:0 RuntimeOnly:0 HLODRelevant:1
 |   |   |- [+] [ 50]
 |   |   |   |- Guid:D0AE3A294F85C7FC1621F6B476CD33AE BaseClass: NativeClass:/Script/Engine.StaticMeshActor Name:StaticMeshActor_UAID_047C16DE8D67D4D101_1650057253 Label:kit_graybox_wall_1mx2m6 SpatiallyLoaded:1 Bounds:IsValid=true, Min=(X=1700.000 Y=1493.750 Z=0.000), Max=(X=1800.000 Y=1506.250 Z=200.000) RuntimeGrid:None EditorOnly:0 RuntimeOnly:0 HLODRelevant:1
 |   |   |- [+] [ 51]
 |   |   |   |- Guid:9B1C407A4450E2FB652619BAA32A4990 BaseClass: NativeClass:/Script/Engine.StaticMeshActor Name:StaticMeshActor_UAID_047C16DE8D67D4D101_1667855254 Label:kit_graybox_wall_2mx2m34 SpatiallyLoaded:1 Bounds:IsValid=true, Min=(X=2200.000 Y=1093.750 Z=0.000), Max=(X=2400.000 Y=1106.250 Z=200.000) RuntimeGrid:None EditorOnly:0 RuntimeOnly:0 HLODRelevant:1
 |   |   |- [+] [ 52]
 |   |   |   |- Guid:CD05704948FE24D2C3C921AC055DD76F BaseClass: NativeClass:/Script/Engine.StaticMeshActor Name:StaticMeshActor_UAID_047C16DE8D67D4D101_1671455255 Label:kit_graybox_wall_2mx2m35 SpatiallyLoaded:1 Bounds:IsValid=true, Min=(X=2400.000 Y=1093.750 Z=0.000), Max=(X=2600.000 Y=1106.250 Z=200.000) RuntimeGrid:None EditorOnly:0 RuntimeOnly:0 HLODRelevant:1
 |   |   |- [+] [ 53]
 |   |   |   |- Guid:6FC8E9274473F16FCF816F9A8AE7F9FF BaseClass: NativeClass:/Script/Engine.StaticMeshActor Name:StaticMeshActor_UAID_047C16DE8D67D4D101_1682258256 Label:kit_graybox_wall_2mx2m36 SpatiallyLoaded:1 Bounds:IsValid=true, Min=(X=2200.000 Y=1243.750 Z=0.000), Max=(X=2400.000 Y=1256.250 Z=200.000) RuntimeGrid:None EditorOnly:0 RuntimeOnly:0 HLODRelevant:1
 |   |   |- [+] [ 54]
 |   |   |   |- Guid:9277D9454773331E4A817C83008153F5 BaseClass: NativeClass:/Script/Engine.StaticMeshActor Name:StaticMeshActor_UAID_047C16DE8D67D4D101_1682259257 Label:kit_graybox_wall_2mx2m37 SpatiallyLoaded:1 Bounds:IsValid=true, Min=(X=2400.000 Y=1243.750 Z=0.000), Max=(X=2600.000 Y=1256.250 Z=200.000) RuntimeGrid:None EditorOnly:0 RuntimeOnly:0 HLODRelevant:1
 |   |   |- [+] [ 55]
 |   |   |   |- Guid:1DA3AB034FA1F1A88CA38C83B4F375BA BaseClass: NativeClass:/Script/Engine.StaticMeshActor Name:StaticMeshActor_UAID_047C16DE8D67D4D101_1687290258 Label:kit_graybox_wall_2mx2m38 SpatiallyLoaded:1 Bounds:IsValid=true, Min=(X=2200.000 Y=1393.750 Z=0.000), Max=(X=2400.000 Y=1406.250 Z=200.000) RuntimeGrid:None EditorOnly:0 RuntimeOnly:0 HLODRelevant:1
 |   |   |- [+] [ 56]
 |   |   |   |- Guid:20FBA5D745F9B0BBD86BF1A8E2E70D6F BaseClass: NativeClass:/Script/Engine.StaticMeshActor Name:StaticMeshActor_UAID_047C16DE8D67D4D101_1687291259 Label:kit_graybox_wall_2mx2m39 SpatiallyLoaded:1 Bounds:IsValid=true, Min=(X=2400.000 Y=1393.750 Z=0.000), Max=(X=2600.000 Y=1406.250 Z=200.000) RuntimeGrid:None EditorOnly:0 RuntimeOnly:0 HLODRelevant:1
 |   |   |- [+] [ 57]
 |   |   |   |- Guid:9B96C71642062BAFC7710F83D3D5FE88 BaseClass: NativeClass:/Script/Engine.StaticMeshActor Name:StaticMeshActor_UAID_047C16DE8D67D4D101_1707222260 Label:kit_graybox_wall_2mx2m7 SpatiallyLoaded:1 Bounds:IsValid=true, Min=(X=2593.750 Y=900.000 Z=0.000), Max=(X=2606.250 Y=1100.000 Z=200.000) RuntimeGrid:None EditorOnly:0 RuntimeOnly:0 HLODRelevant:1
 |   |   |- [+] [ 58]
 |   |   |   |- Guid:E7A98B1444126736E8FCE79EAF1EBFDC BaseClass: NativeClass:/Script/Engine.StaticMeshActor Name:StaticMeshActor_UAID_047C16DE8D67D4D101_1707223261 Label:kit_graybox_wall_2mx2m8 SpatiallyLoaded:1 Bounds:IsValid=true, Min=(X=2593.750 Y=700.000 Z=0.000), Max=(X=2606.250 Y=900.000 Z=200.000) RuntimeGrid:None EditorOnly:0 RuntimeOnly:0 HLODRelevant:1
 |   |   |- [+] [ 59]
 |   |   |   |- Guid:2BF549FB4A861A6C67EDC9852F4091DD BaseClass: NativeClass:/Script/Engine.StaticMeshActor Name:StaticMeshActor_UAID_047C16DE8D67D4D101_1707224262 Label:kit_graybox_wall_2mx2m9 SpatiallyLoaded:1 Bounds:IsValid=true, Min=(X=2593.750 Y=500.000 Z=0.000), Max=(X=2606.250 Y=700.000 Z=200.000) RuntimeGrid:None EditorOnly:0 RuntimeOnly:0 HLODRelevant:1
 |   |   |- [+] [ 60]
 |   |   |   |- Guid:FCB50F0940A8D9DCF104ACAE5899C45F BaseClass: NativeClass:/Script/Engine.StaticMeshActor Name:StaticMeshActor_UAID_047C16DE8D67D4D101_1707224263 Label:kit_graybox_wall_2mx2m40 SpatiallyLoaded:1 Bounds:IsValid=true, Min=(X=2593.750 Y=300.000 Z=0.000), Max=(X=2606.250 Y=500.000 Z=200.000) RuntimeGrid:None EditorOnly:0 RuntimeOnly:0 HLODRelevant:1
 |   |   |- [+] [ 61]
 |   |   |   |- Guid:A83A691F492224F4B5E98B81957B1A8C BaseClass: NativeClass:/Script/Engine.StaticMeshActor Name:StaticMeshActor_UAID_047C16DE8D67D4D101_1716223264 Label:kit_graybox_wall_1mx2m8 SpatiallyLoaded:1 Bounds:IsValid=true, Min=(X=2593.750 Y=200.000 Z=0.000), Max=(X=2606.250 Y=300.000 Z=200.000) RuntimeGrid:None EditorOnly:0 RuntimeOnly:0 HLODRelevant:1
 |   |   |- [+] [ 62]
 |   |   |   |- Guid:2091998C48E692540BF7A488EFE4748D BaseClass: NativeClass:/Script/Engine.StaticMeshActor Name:StaticMeshActor_UAID_047C16DE8D67D4D101_1726656265 Label:kit_graybox_wall_2mx2m41 SpatiallyLoaded:1 Bounds:IsValid=true, Min=(X=2600.000 Y=193.750 Z=0.000), Max=(X=2800.000 Y=206.250 Z=200.000) RuntimeGrid:None EditorOnly:0 RuntimeOnly:0 HLODRelevant:1
 |   |   |- [+] [ 63]
 |   |   |   |- Guid:874698FC43456C796B9D2F8C2EF8DF29 BaseClass: NativeClass:/Script/Engine.StaticMeshActor Name:StaticMeshActor_UAID_047C16DE8D67D4D101_1735066266 Label:kit_graybox_wall_corner_1mx1mx2m2 SpatiallyLoaded:1 Bounds:IsValid=true, Min=(X=2800.000 Y=193.750 Z=0.000), Max=(X=2906.250 Y=300.000 Z=200.000) RuntimeGrid:None EditorOnly:0 RuntimeOnly:0 HLODRelevant:1
 |   |   |- [+] [ 64]
 |   |   |   |- Guid:95E049974872F2F3B1AA77A52EBBDA3B BaseClass: NativeClass:/Script/Engine.StaticMeshActor Name:StaticMeshActor_UAID_047C16DE8D67D4D101_1739958267 Label:kit_graybox_wall_2mx2m42 SpatiallyLoaded:1 Bounds:IsValid=true, Min=(X=2893.750 Y=300.000 Z=0.000), Max=(X=2906.250 Y=500.000 Z=200.000) RuntimeGrid:None EditorOnly:0 RuntimeOnly:0 HLODRelevant:1
 |   |   |- [+] [ 65]
 |   |   |   |- Guid:6805945C4765D8F6193ACEBE23B72298 BaseClass: NativeClass:/Script/Engine.StaticMeshActor Name:StaticMeshActor_UAID_047C16DE8D67D4D101_1764118268 Label:kit_graybox_wall_2mx2m43 SpatiallyLoaded:1 Bounds:IsValid=true, Min=(X=2893.750 Y=500.000 Z=0.000), Max=(X=2906.250 Y=700.000 Z=200.000) RuntimeGrid:None EditorOnly:0 RuntimeOnly:0 HLODRelevant:1
 |   |   |- [+] [ 66]
 |   |   |   |- Guid:EECC534A4BBD2F47C5CF169A19D49639 BaseClass: NativeClass:/Script/Engine.StaticMeshActor Name:StaticMeshActor_UAID_047C16DE8D67D4D101_1767123269 Label:kit_graybox_wall_2mx2m44 SpatiallyLoaded:1 Bounds:IsValid=true, Min=(X=2893.750 Y=700.000 Z=0.000), Max=(X=2906.250 Y=900.000 Z=200.000) RuntimeGrid:None EditorOnly:0 RuntimeOnly:0 HLODRelevant:1
 |   |   |- [+] [ 67]
 |   |   |   |- Guid:6643CFFD4E893872380E13B6A13E316F BaseClass: NativeClass:/Script/Engine.StaticMeshActor Name:StaticMeshActor_UAID_047C16DE8D67D4D101_1769189270 Label:kit_graybox_wall_2mx2m45 SpatiallyLoaded:1 Bounds:IsValid=true, Min=(X=2893.750 Y=900.000 Z=0.000), Max=(X=2906.250 Y=1100.000 Z=200.000) RuntimeGrid:None EditorOnly:0 RuntimeOnly:0 HLODRelevant:1
 |   |   |- [+] [ 68]
 |   |   |   |- Guid:5FDFD9FD4E69E76E88DD2699A3640053 BaseClass: NativeClass:/Script/Engine.StaticMeshActor Name:StaticMeshActor_UAID_047C16DE8D67D4D101_1777698271 Label:kit_graybox_door SpatiallyLoaded:1 Bounds:IsValid=true, Min=(X=1950.000 Y=1096.875 Z=0.000), Max=(X=2050.000 Y=1103.125 Z=175.000) RuntimeGrid:None EditorOnly:0 RuntimeOnly:0 HLODRelevant:1
 |   |   |- [+] [ 69]
 |   |   |   |- Guid:149A982D41D60BB7879EA681D6DA5C5E BaseClass: NativeClass:/Script/Engine.StaticMeshActor Name:StaticMeshActor_UAID_047C16DE8D67D4D101_1814920272 Label:kit_graybox_wall_2mx2m46 SpatiallyLoaded:1 Bounds:IsValid=true, Min=(X=2593.750 Y=1100.000 Z=0.000), Max=(X=2606.250 Y=1300.000 Z=200.000) RuntimeGrid:None EditorOnly:0 RuntimeOnly:0 HLODRelevant:1
 |   |   |- [+] [ 70]
 |   |   |   |- Guid:BB042B0A43F2E251A8C10EB469C38382 BaseClass: NativeClass:/Script/Engine.StaticMeshActor Name:StaticMeshActor_UAID_047C16DE8D67D4D101_1826189273 Label:kit_graybox_wall_2mx2m47 SpatiallyLoaded:1 Bounds:IsValid=true, Min=(X=1793.750 Y=1500.000 Z=0.000), Max=(X=1806.250 Y=1700.000 Z=200.000) RuntimeGrid:None EditorOnly:0 RuntimeOnly:0 HLODRelevant:1
 |   |   |- [+] [ 71]
 |   |   |   |- Guid:6DD2B7DD440CE7CB2DAB948BBDD6D99F BaseClass: NativeClass:/Script/Engine.StaticMeshActor Name:StaticMeshActor_UAID_047C16DE8D67D4D101_1833887274 Label:kit_graybox_wall_2mx2m48 SpatiallyLoaded:1 Bounds:IsValid=true, Min=(X=1793.750 Y=1700.000 Z=0.000), Max=(X=1806.250 Y=1900.000 Z=200.000) RuntimeGrid:None EditorOnly:0 RuntimeOnly:0 HLODRelevant:1
 |   |   |- [+] [ 72]
 |   |   |   |- Guid:FBBEF4B64BBF70AF8B651A832D3EFFA1 BaseClass: NativeClass:/Script/Engine.StaticMeshActor Name:StaticMeshActor_UAID_047C16DE8D67D4D101_1850889275 Label:kit_graybox_wall_2mx2m49 SpatiallyLoaded:1 Bounds:IsValid=true, Min=(X=1793.750 Y=1900.000 Z=0.000), Max=(X=1806.250 Y=2100.000 Z=200.000) RuntimeGrid:None EditorOnly:0 RuntimeOnly:0 HLODRelevant:1
 |   |   |- [+] [ 73]
 |   |   |   |- Guid:91F2D37F457390CF07CD05A92FB239C9 BaseClass: NativeClass:/Script/Engine.StaticMeshActor Name:StaticMeshActor_UAID_047C16DE8D67D4D101_1857556276 Label:kit_graybox_wall_2mx2m50 SpatiallyLoaded:1 Bounds:IsValid=true, Min=(X=2000.000 Y=2093.750 Z=0.000), Max=(X=2200.000 Y=2106.250 Z=200.000) RuntimeGrid:None EditorOnly:0 RuntimeOnly:0 HLODRelevant:1
 |   |   |- [+] [ 74]
 |   |   |   |- Guid:3444590746ADCE52D6A072B3BD688431 BaseClass: NativeClass:/Script/Engine.StaticMeshActor Name:StaticMeshActor_UAID_047C16DE8D67D4D101_1857557277 Label:kit_graybox_wall_2mx2m51 SpatiallyLoaded:1 Bounds:IsValid=true, Min=(X=1800.000 Y=2093.750 Z=0.000), Max=(X=2000.000 Y=2106.250 Z=200.000) RuntimeGrid:None EditorOnly:0 RuntimeOnly:0 HLODRelevant:1
 |   |   |- [+] [ 75]
 |   |   |   |- Guid:EC472A334E6882E06C0A9CB456C1D55A BaseClass: NativeClass:/Script/Engine.StaticMeshActor Name:StaticMeshActor_UAID_047C16DE8D67D4D101_1857557278 Label:kit_graybox_wall_1mx2m9 SpatiallyLoaded:1 Bounds:IsValid=true, Min=(X=1700.000 Y=2093.750 Z=0.000), Max=(X=1800.000 Y=2106.250 Z=200.000) RuntimeGrid:None EditorOnly:0 RuntimeOnly:0 HLODRelevant:1
 |   |   |- [+] [ 76]
 |   |   |   |- Guid:A8686B8F4086545F3E569BAA7E92BA9C BaseClass: NativeClass:/Script/Engine.StaticMeshActor Name:StaticMeshActor_UAID_047C16DE8D67D4D101_1863655279 Label:kit_graybox_wall_2mx2m52 SpatiallyLoaded:1 Bounds:IsValid=true, Min=(X=2193.750 Y=1500.000 Z=0.000), Max=(X=2206.250 Y=1700.000 Z=200.000) RuntimeGrid:None EditorOnly:0 RuntimeOnly:0 HLODRelevant:1
 |   |   |- [+] [ 77]
 |   |   |   |- Guid:37D5B4214F24D39ECB2B16871AD185CE BaseClass: NativeClass:/Script/Engine.StaticMeshActor Name:StaticMeshActor_UAID_047C16DE8D67D4D101_1863656280 Label:kit_graybox_wall_2mx2m53 SpatiallyLoaded:1 Bounds:IsValid=true, Min=(X=2193.750 Y=1700.000 Z=0.000), Max=(X=2206.250 Y=1900.000 Z=200.000) RuntimeGrid:None EditorOnly:0 RuntimeOnly:0 HLODRelevant:1
 |   |   |- [+] [ 78]
 |   |   |   |- Guid:025FCA4E46D0751648C0518FFDD68AD9 BaseClass: NativeClass:/Script/Engine.StaticMeshActor Name:StaticMeshActor_UAID_047C16DE8D67D4D101_1863657281 Label:kit_graybox_wall_2mx2m54 SpatiallyLoaded:1 Bounds:IsValid=true, Min=(X=2193.750 Y=1900.000 Z=0.000), Max=(X=2206.250 Y=2100.000 Z=200.000) RuntimeGrid:None EditorOnly:0 RuntimeOnly:0 HLODRelevant:1
 |   |   |- [+] [ 79]
 |   |   |   |- Guid:075A5F524DA5947BC140C094EB06E80B BaseClass: NativeClass:/Script/Engine.StaticMeshActor Name:StaticMeshActor_UAID_047C16DE8D67D4D101_1887822282 Label:kit_graybox_wall_2mx2m55 SpatiallyLoaded:1 Bounds:IsValid=true, Min=(X=2893.750 Y=1100.000 Z=0.000), Max=(X=2906.250 Y=1300.000 Z=200.000) RuntimeGrid:None EditorOnly:0 RuntimeOnly:0 HLODRelevant:1
 |   |   |- [+] [ 80]
 |   |   |   |- Guid:899506D04E09768F5E9ADBB34A855DAD BaseClass: NativeClass:/Script/Engine.StaticMeshActor Name:StaticMeshActor_UAID_047C16DE8D67D4D101_1951231285 Label:kit_graybox_wall_1mx2m4 SpatiallyLoaded:1 Bounds:IsValid=true, Min=(X=2593.750 Y=1300.000 Z=0.000), Max=(X=2606.250 Y=1400.000 Z=200.000) RuntimeGrid:None EditorOnly:0 RuntimeOnly:0 HLODRelevant:1
 |   |   |- [+] [ 81]
 |   |   |   |- Guid:66E5C42F49D4873806D63F99DFFBE234 BaseClass: NativeClass:/Script/Engine.StaticMeshActor Name:StaticMeshActor_UAID_047C16DE8D67D4D101_1961054286 Label:kit_graybox_wall_2mx2m56 SpatiallyLoaded:1 Bounds:IsValid=true, Min=(X=2893.750 Y=1300.000 Z=0.000), Max=(X=2906.250 Y=1500.000 Z=200.000) RuntimeGrid:None EditorOnly:0 RuntimeOnly:0 HLODRelevant:1
 |   |   |- [+] [ 82]
 |   |   |   |- Guid:4E8846F9400CB0569C844BA6EE468A3C BaseClass: NativeClass:/Script/Engine.StaticMeshActor Name:StaticMeshActor_UAID_047C16DE8D67D4D101_1968222287 Label:kit_graybox_wall_2mx2m57 SpatiallyLoaded:1 Bounds:IsValid=true, Min=(X=2600.000 Y=1393.750 Z=0.000), Max=(X=2800.000 Y=1406.250 Z=200.000) RuntimeGrid:None EditorOnly:0 RuntimeOnly:0 HLODRelevant:1
 |   |   |- [+] [ 83]
 |   |   |   |- Guid:D9370A5248834E1A40E5DB8417354D6F BaseClass: NativeClass:/Script/Engine.StaticMeshActor Name:StaticMeshActor_UAID_047C16DE8D67D4D101_1972256288 Label:kit_graybox_wall_1mx2m10 SpatiallyLoaded:1 Bounds:IsValid=true, Min=(X=2800.000 Y=1443.750 Z=0.000), Max=(X=2900.000 Y=1456.250 Z=200.000) RuntimeGrid:None EditorOnly:0 RuntimeOnly:0 HLODRelevant:1
 |- ContainerInstances:
 |- [+] MainContainer:
 |   |-        ID: 0x0000000000000000
 |   |-    Bounds: IsValid=false, Min=(X=0.000 Y=0.000 Z=0.000), Max=(X=0.000 Y=0.000 Z=0.000)
 |   |- Transform: 0.000000,0.000000,0.000000|0.000000,0.000000,-0.000000|1.000000,1.000000,1.000000
 |   |- Container: /Game/Levels/Map_Grayboxing
----------------------------------------------------------------------------------------------------------------
Map_Grayboxing - Persistent Level
----------------------------------------------------------------------------------------------------------------
Always loaded Actor Count: 132 

----------------------------------------------------------------------------------------------------------------
Map_Grayboxing - Runtime Spatial Hash - Streaming Grid - MainGrid
----------------------------------------------------------------------------------------------------------------
            Origin: X=0.000 Y=0.000 Z=0.000
         Cell Size: 12800
      World Bounds: IsValid=false, Min=(X=0.000 Y=0.000 Z=0.000), Max=(X=0.000 Y=0.000 Z=0.000)
     Loading Range: 25600.00
Block Slow Loading: No
 ClientOnlyVisible: No

[+] Grid Levels: 1
 |- Level  0: Cell Count    0 | Cell Size   12800 | Actor Count    0 (0.0%)

[+] Content of Grid Level 0

