[+] Containers:
 |- [+] Container: /Game/Levels/Map_Party2
 |   |- [+] ActorDescs:
 |   |   |- Guid:14B963994317D292AF194B92B0DEAD21 BaseClass: NativeClass:/Script/Engine.StaticMeshActor Name:StaticMeshActor_UAID_047C16DE8D679CD401_1915628812 Label:kit_graybox_platform_2mx2m6 SpatiallyLoaded:1 Bounds:IsValid=true, Min=(X=700.000 Y=-1200.000 Z=287.500), Max=(X=900.000 Y=-1000.000 Z=300.000) RuntimeGrid:None EditorOnly:0 RuntimeOnly:0 HLODRelevant:1
 |   |   |- Guid:152605C748E8128251071F82E3F00565 BaseClass: NativeClass:/Script/Engine.StaticMeshActor Name:StaticMeshActor_UAID_047C16DE8D679BD401_1918715612 Label:kit_graybox_wall_1mx2m SpatiallyLoaded:1 Bounds:IsValid=true, Min=(X=1093.750 Y=-700.000 Z=100.000), Max=(X=1106.250 Y=-600.000 Z=300.000) RuntimeGrid:None EditorOnly:0 RuntimeOnly:0 HLODRelevant:1
 |   |   |- Guid:163813E64C992D224B2440885CC9D774 BaseClass: NativeClass:/Script/Engine.StaticMeshActor Name:StaticMeshActor_UAID_047C16DE8D679BD401_1973246616 Label:Env_Door SpatiallyLoaded:1 Bounds:IsValid=true, Min=(X=1091.563 Y=-550.000 Z=0.000), Max=(X=1103.125 Y=-450.000 Z=175.000) RuntimeGrid:None EditorOnly:0 RuntimeOnly:0 HLODRelevant:1
 |   |   |- Guid:206E906448931F0F8ED2CDB203024351 BaseClass: NativeClass:/Script/Engine.StaticMeshActor Name:StaticMeshActor_UAID_047C16DE8D679BD401_1915014611 Label:kit_graybox_wall_2mx2m SpatiallyLoaded:1 Bounds:IsValid=true, Min=(X=1093.750 Y=-900.000 Z=100.000), Max=(X=1106.250 Y=-700.000 Z=300.000) RuntimeGrid:None EditorOnly:0 RuntimeOnly:0 HLODRelevant:1
 |   |   |- Guid:26B662DE458B9851F9FD6DBAAF4E6EA3 BaseClass: NativeClass:/Script/Engine.StaticMeshActor Name:StaticMeshActor_UAID_047C16DE8D679ED401_1152681179 Label:CounterOven SpatiallyLoaded:1 Bounds:IsValid=true, Min=(X=994.904 Y=-900.000 Z=0.000), Max=(X=1100.000 Y=-800.000 Z=70.000) RuntimeGrid:None EditorOnly:0 RuntimeOnly:0 HLODRelevant:1
 |   |   |- Guid:281959F241F84EFBA30A3F8794D048CA BaseClass: NativeClass:/Script/Engine.StaticMeshActor Name:StaticMeshActor_UAID_047C16DE8D679CD401_1887127808 Label:kit_graybox_platform_2mx2m2 SpatiallyLoaded:1 Bounds:IsValid=true, Min=(X=1100.000 Y=-800.000 Z=287.500), Max=(X=1300.000 Y=-600.000 Z=300.000) RuntimeGrid:None EditorOnly:0 RuntimeOnly:0 HLODRelevant:1
 |   |   |- Guid:328E15BE4352E1CF730BA588AB8587E5 BaseClass: NativeClass:/Script/Engine.ExponentialHeightFog Name:ExponentialHeightFog_0 Label:ExponentialHeightFog SpatiallyLoaded:0 Bounds:IsValid=true, Min=(X=-5600.000 Y=-50.000 Z=-6850.000), Max=(X=-5600.000 Y=-50.000 Z=-6850.000) RuntimeGrid:None EditorOnly:0 RuntimeOnly:0 HLODRelevant:0 FolderPath:Lighting FolderGuid:963EC3EB4002CCE9759E2EBA541A873A
 |   |   |- Guid:3477F97F42808406A137E7ADB501B16B BaseClass: NativeClass:/Script/Engine.StaticMeshActor Name:StaticMeshActor_UAID_047C16DE8D679ED401_1270914190 Label:CounterCornerCubbies SpatiallyLoaded:1 Bounds:IsValid=true, Min=(X=700.000 Y=-1000.000 Z=0.000), Max=(X=800.000 Y=-900.000 Z=70.000) RuntimeGrid:None EditorOnly:0 RuntimeOnly:0 HLODRelevant:1
 |   |   |- Guid:3B12965A40B9A23E9A6C3C801F68C87C BaseClass: NativeClass:/Script/Engine.StaticMeshActor Name:StaticMeshActor_UAID_047C16DE8D679DD401_1374451998 Label:Box SpatiallyLoaded:1 Bounds:IsValid=true, Min=(X=1093.750 Y=-400.000 Z=100.000), Max=(X=1106.250 Y=-125.000 Z=300.000) RuntimeGrid:None EditorOnly:0 RuntimeOnly:0 HLODRelevant:0
 |   |   |- Guid:50E5124A448EFF3B911E8FB1B1908961 BaseClass: NativeClass:/Script/Engine.StaticMeshActor Name:StaticMeshActor_UAID_047C16DE8D679ED401_1242046188 Label:CounterCornerDrawers2 SpatiallyLoaded:1 Bounds:IsValid=true, Min=(X=900.000 Y=-1000.000 Z=0.000), Max=(X=1000.000 Y=-899.525 Z=70.000) RuntimeGrid:None EditorOnly:0 RuntimeOnly:0 HLODRelevant:1
 |   |   |- Guid:5222ADF14CB3E59B3C1F1C991F2AE8EF BaseClass: NativeClass:/Script/Engine.StaticMeshActor Name:StaticMeshActor_UAID_047C16DE8D679BD401_1846047606 Label:kit_graybox_wall_2mx1m SpatiallyLoaded:1 Bounds:IsValid=true, Min=(X=1093.750 Y=-900.000 Z=0.000), Max=(X=1106.250 Y=-700.000 Z=100.000) RuntimeGrid:None EditorOnly:0 RuntimeOnly:0 HLODRelevant:1
 |   |   |- Guid:568CD7B5414AFDECCF8673A6AB256602 BaseClass: NativeClass:/Script/Engine.StaticMeshActor Name:StaticMeshActor_UAID_047C16DE8D679CD401_1924264814 Label:kit_graybox_wall_1mx2m2 SpatiallyLoaded:1 Bounds:IsValid=true, Min=(X=700.000 Y=-1006.250 Z=100.000), Max=(X=800.000 Y=-993.750 Z=300.000) RuntimeGrid:None EditorOnly:0 RuntimeOnly:0 HLODRelevant:1
 |   |   |- Guid:57428BC34F713D9FA0BA2493C7C9AF07 BaseClass: NativeClass:/Script/Engine.PlayerStart Name:PlayerStart_UAID_047C16DE8D679DD401_2112124001 Label:PlayerStart SpatiallyLoaded:0 Bounds:IsValid=true, Min=(X=810.000 Y=-640.000 Z=0.000), Max=(X=890.000 Y=-560.000 Z=184.000) RuntimeGrid:None EditorOnly:0 RuntimeOnly:0 HLODRelevant:0
 |   |   |- Guid:580D605F4CBB4E1B579C1A8727D4105D BaseClass: NativeClass:/Script/Engine.StaticMeshActor Name:StaticMeshActor_UAID_047C16DE8D679CD401_1888860809 Label:kit_graybox_platform_2mx2m3 SpatiallyLoaded:1 Bounds:IsValid=true, Min=(X=1100.000 Y=-1000.000 Z=287.500), Max=(X=1300.000 Y=-800.000 Z=300.000) RuntimeGrid:None EditorOnly:0 RuntimeOnly:0 HLODRelevant:1
 |   |   |- Guid:5E188E5F45DFF7EAB006B7A14B45AA82 BaseClass: NativeClass:/Script/Engine.StaticMeshActor Name:StaticMeshActor_UAID_047C16DE8D679BD401_1824850604 Label:kit_graybox_wall_corner_1mx1mx1m SpatiallyLoaded:1 Bounds:IsValid=true, Min=(X=1000.000 Y=-1006.250 Z=-0.000), Max=(X=1106.250 Y=-900.000 Z=100.000) RuntimeGrid:None EditorOnly:0 RuntimeOnly:0 HLODRelevant:1
 |   |   |- Guid:693606774340397884DC7395F6B00DDA BaseClass: NativeClass:/Script/Engine.StaticMeshActor Name:StaticMeshActor_UAID_047C16DE8D679ED401_1232414186 Label:CounterRoundQuarter SpatiallyLoaded:1 Bounds:IsValid=true, Min=(X=1000.000 Y=-700.000 Z=0.000), Max=(X=1100.000 Y=-600.000 Z=60.000) RuntimeGrid:None EditorOnly:0 RuntimeOnly:0 HLODRelevant:1
 |   |   |- Guid:853431BF4B5CA3D512765DB8A45501DD BaseClass: NativeClass:/Script/Engine.StaticMeshActor Name:StaticMeshActor_UAID_047C16DE8D679BD401_1880781609 Label:kit_graybox_doorway_2mx2m1_top SpatiallyLoaded:1 Bounds:IsValid=true, Min=(X=1093.750 Y=-600.000 Z=100.000), Max=(X=1106.250 Y=-400.000 Z=200.000) RuntimeGrid:None EditorOnly:0 RuntimeOnly:0 HLODRelevant:1
 |   |   |- Guid:86DCDEF34135EE1EFE76698CF2D1E0E2 BaseClass: NativeClass:/Script/Engine.StaticMeshActor Name:StaticMeshActor_UAID_047C16DE8D679BD401_1940420615 Label:kit_graybox_wall_2mx2m2 SpatiallyLoaded:1 Bounds:IsValid=true, Min=(X=800.000 Y=-1006.250 Z=100.000), Max=(X=1000.000 Y=-993.750 Z=300.000) RuntimeGrid:None EditorOnly:0 RuntimeOnly:0 HLODRelevant:1
 |   |   |- Guid:8E1D33B2473BC90220C18C9CE534E4EC BaseClass: NativeClass:/Script/Engine.StaticMeshActor Name:StaticMeshActor_UAID_047C16DE8D679BD401_1870113607 Label:kit_graybox_wall_1mx1m SpatiallyLoaded:1 Bounds:IsValid=true, Min=(X=1093.750 Y=-700.000 Z=0.000), Max=(X=1106.250 Y=-600.000 Z=100.000) RuntimeGrid:None EditorOnly:0 RuntimeOnly:0 HLODRelevant:1
 |   |   |- Guid:8E474DE64941AF10E55EB5A521D4A97C BaseClass: NativeClass:/Script/Engine.StaticMeshActor Name:StaticMeshActor_UAID_047C16DE8D679CD401_1912428811 Label:kit_graybox_platform_2mx2m5 SpatiallyLoaded:1 Bounds:IsValid=true, Min=(X=900.000 Y=-1200.000 Z=287.500), Max=(X=1100.000 Y=-1000.000 Z=300.000) RuntimeGrid:None EditorOnly:0 RuntimeOnly:0 HLODRelevant:1
 |   |   |- Guid:9022F32443A0091349A0C883D3F24CCD BaseClass: NativeClass:/Script/Engine.StaticMeshActor Name:StaticMeshActor_UAID_047C16DE8D679CD401_1588700806 Label:kit_graybox_platform_2mx2m SpatiallyLoaded:1 Bounds:IsValid=true, Min=(X=1100.000 Y=-600.000 Z=287.500), Max=(X=1300.000 Y=-400.000 Z=300.000) RuntimeGrid:None EditorOnly:0 RuntimeOnly:0 HLODRelevant:1
 |   |   |- Guid:9106FB78400F4B8AC5E302AC16097E10 BaseClass: NativeClass:/Script/Engine.StaticMeshActor Name:StaticMeshActor_UAID_047C16DE8D679BD401_1940418614 Label:kit_graybox_wall_2mx1m3 SpatiallyLoaded:1 Bounds:IsValid=true, Min=(X=800.000 Y=-1006.250 Z=0.000), Max=(X=1000.000 Y=-993.750 Z=100.000) RuntimeGrid:None EditorOnly:0 RuntimeOnly:0 HLODRelevant:1
 |   |   |- Guid:95DD1FB447BE19BF9B257E925984208D BaseClass: NativeClass:/Script/Engine.WorldDataLayers Name:WorldDataLayers Label:WorldDataLayers SpatiallyLoaded:0 Bounds:IsValid=true, Min=(X=0.000 Y=0.000 Z=0.000), Max=(X=0.000 Y=0.000 Z=0.000) RuntimeGrid:None EditorOnly:0 RuntimeOnly:0 HLODRelevant:0
 |   |   |- Guid:98DE369048B99586B004F6B55BF0398D BaseClass: NativeClass:/Script/Engine.StaticMeshActor Name:StaticMeshActor_UAID_047C16DE8D679ED401_1145980178 Label:CounterCornerHalf SpatiallyLoaded:1 Bounds:IsValid=true, Min=(X=1000.000 Y=-1000.000 Z=0.000), Max=(X=1100.000 Y=-900.000 Z=70.000) RuntimeGrid:None EditorOnly:0 RuntimeOnly:0 HLODRelevant:1
 |   |   |- Guid:999A8A9346C4BE7A6EED6493980D9C50 BaseClass: NativeClass:/Script/Engine.StaticMeshActor Name:StaticMeshActor_UAID_047C16DE8D679CD401_1910794810 Label:kit_graybox_platform_2mx2m4 SpatiallyLoaded:1 Bounds:IsValid=true, Min=(X=1100.000 Y=-1200.000 Z=287.500), Max=(X=1300.000 Y=-1000.000 Z=300.000) RuntimeGrid:None EditorOnly:0 RuntimeOnly:0 HLODRelevant:1
 |   |   |- Guid:A319CABD43DFAF42D828EF8864D9F08B BaseClass: NativeClass:/Script/Engine.DirectionalLight Name:DirectionalLight_0 Label:DirectionalLight SpatiallyLoaded:0 Bounds:IsValid=true, Min=(X=-4398046511104.000 Y=-4398046511104.000 Z=-4398046511104.000), Max=(X=4398046511104.000 Y=4398046511104.000 Z=4398046511104.000) RuntimeGrid:None EditorOnly:0 RuntimeOnly:0 HLODRelevant:0 FolderPath:Lighting FolderGuid:963EC3EB4002CCE9759E2EBA541A873A
 |   |   |- Guid:A76C91164491AF6065B9DD81A77FC21A BaseClass: NativeClass:/Script/Engine.SkyLight Name:SkyLight_1 Label:SkyLight SpatiallyLoaded:0 Bounds:IsValid=true, Min=(X=4100.000 Y=-3100.000 Z=690.000), Max=(X=4100.000 Y=-3100.000 Z=690.000) RuntimeGrid:None EditorOnly:0 RuntimeOnly:0 HLODRelevant:0 FolderPath:Lighting FolderGuid:963EC3EB4002CCE9759E2EBA541A873A
 |   |   |- Guid:AFF2EE6945ACB09D9BCAEFBF16D8106E BaseClass: NativeClass:/Script/Engine.PostProcessVolume Name:PostProcessVolume_UAID_30F6EFE079B3AFD301_1749109861 Label:PostProcessVolumeCelShader SpatiallyLoaded:0 Bounds:IsValid=true, Min=(X=3751.166 Y=-3424.788 Z=650.000), Max=(X=3951.166 Y=-3224.788 Z=850.000) RuntimeGrid:None EditorOnly:0 RuntimeOnly:0 HLODRelevant:0 FolderPath:Lighting FolderGuid:963EC3EB4002CCE9759E2EBA541A873A
 |   |   |- Guid:B0338C3240D96C2A9B0B449FE1CD45B0 BaseClass: NativeClass:/Script/Engine.StaticMeshActor Name:StaticMeshActor_UAID_047C16DE8D679ED401_1180114182 Label:CounterCornerDrawers SpatiallyLoaded:1 Bounds:IsValid=true, Min=(X=999.525 Y=-800.000 Z=0.000), Max=(X=1100.000 Y=-700.000 Z=70.000) RuntimeGrid:None EditorOnly:0 RuntimeOnly:0 HLODRelevant:1
 |   |   |- Guid:B53524DD4EB68DF0878DB3A612D86CE7 BaseClass: NativeClass:/Script/Engine.SkyAtmosphere Name:SkyAtmosphere_0 Label:SkyAtmosphere SpatiallyLoaded:0 Bounds:IsValid=true, Min=(X=4100.000 Y=-3100.000 Z=1020.000), Max=(X=4100.000 Y=-3100.000 Z=1020.000) RuntimeGrid:None EditorOnly:0 RuntimeOnly:0 HLODRelevant:0 FolderPath:Lighting FolderGuid:963EC3EB4002CCE9759E2EBA541A873A
 |   |   |- Guid:BAAC5B644F3DF834F676ADB76FF5EBBB BaseClass: NativeClass:/Script/Engine.StaticMeshActor Name:StaticMeshActor_UAID_047C16DE8D679BD401_1470416602 Label:Plane SpatiallyLoaded:1 Bounds:IsValid=true, Min=(X=-2000.000 Y=-4000.000 Z=-0.000), Max=(X=2000.000 Y=4000.000 Z=0.000) RuntimeGrid:None EditorOnly:0 RuntimeOnly:0 HLODRelevant:1
 |   |   |- Guid:BC7D60BC4BA2826EC9FCB69204253123 BaseClass: NativeClass:/Script/Engine.StaticMeshActor Name:StaticMeshActor_UAID_047C16DE8D679BD401_1910983610 Label:kit_graybox_wall_corner_1mx1mx2m SpatiallyLoaded:1 Bounds:IsValid=true, Min=(X=1000.000 Y=-1006.250 Z=100.000), Max=(X=1106.250 Y=-900.000 Z=300.000) RuntimeGrid:None EditorOnly:0 RuntimeOnly:0 HLODRelevant:1
 |   |   |- Guid:BF32F25D43B902B9281B0D8827D7A3ED BaseClass: NativeClass:/Script/Engine.StaticMeshActor Name:StaticMeshActor_UAID_047C16DE8D679CD401_1924263813 Label:kit_graybox_wall_1mx1m2 SpatiallyLoaded:1 Bounds:IsValid=true, Min=(X=700.000 Y=-1006.250 Z=0.000), Max=(X=800.000 Y=-993.750 Z=100.000) RuntimeGrid:None EditorOnly:0 RuntimeOnly:0 HLODRelevant:1
 |   |   |- Guid:BFDEE8764E68F117D9511C9BBFD3A213 BaseClass: NativeClass:/Script/Engine.StaticMeshActor Name:StaticMeshActor_UAID_047C16DE8D679DD401_1319747992 Label:Stairs SpatiallyLoaded:1 Bounds:IsValid=true, Min=(X=1100.000 Y=-400.000 Z=0.000), Max=(X=1300.000 Y=-25.000 Z=300.000) RuntimeGrid:None EditorOnly:0 RuntimeOnly:0 HLODRelevant:0
 |   |   |- Guid:C584816946ADBF61D3508995C39064EE BaseClass: NativeClass:/Script/Engine.StaticMeshActor Name:StaticMeshActor_UAID_047C16DE8D679BD401_1876949608 Label:kit_graybox_doorway_2mx2m SpatiallyLoaded:1 Bounds:IsValid=true, Min=(X=1093.750 Y=-600.000 Z=0.000), Max=(X=1106.250 Y=-400.000 Z=100.000) RuntimeGrid:None EditorOnly:0 RuntimeOnly:0 HLODRelevant:1
 |   |   |- Guid:E564B50A4697473162566CA2BCA8C782 BaseClass: NativeClass:/Script/Engine.StaticMeshActor Name:StaticMeshActor_UAID_047C16DE8D679BD401_1923480613 Label:kit_graybox_wall_2mx1m2 SpatiallyLoaded:1 Bounds:IsValid=true, Min=(X=1093.750 Y=-600.000 Z=200.000), Max=(X=1106.250 Y=-400.000 Z=300.000) RuntimeGrid:None EditorOnly:0 RuntimeOnly:0 HLODRelevant:1
 |   |   |- Guid:E9BE28914042B75779CE25AA4B940440 BaseClass: NativeClass:/Script/Engine.StaticMeshActor Name:StaticMeshActor_UAID_047C16DE8D679ED401_1205646184 Label:CounterSink SpatiallyLoaded:1 Bounds:IsValid=true, Min=(X=800.000 Y=-1000.000 Z=0.000), Max=(X=900.000 Y=-900.000 Z=103.234) RuntimeGrid:None EditorOnly:0 RuntimeOnly:0 HLODRelevant:1
 |   |   |- Guid:FA6F392B422356D66079059604E87339 BaseClass: NativeClass:/Script/Engine.StaticMeshActor Name:StaticMeshActor_UAID_047C16DE8D679DD401_1825125000 Label:Box_CC968B4A1 SpatiallyLoaded:1 Bounds:IsValid=true, Min=(X=1093.750 Y=-400.000 Z=-0.000), Max=(X=1106.250 Y=-25.000 Z=100.000) RuntimeGrid:None EditorOnly:0 RuntimeOnly:0 HLODRelevant:1
 |   |- [+] Clusters:
 |   |   |- [+] [  0]
 |   |   |   |- Guid:A76C91164491AF6065B9DD81A77FC21A BaseClass: NativeClass:/Script/Engine.SkyLight Name:SkyLight_1 Label:SkyLight SpatiallyLoaded:0 Bounds:IsValid=true, Min=(X=4100.000 Y=-3100.000 Z=690.000), Max=(X=4100.000 Y=-3100.000 Z=690.000) RuntimeGrid:None EditorOnly:0 RuntimeOnly:0 HLODRelevant:0 FolderPath:Lighting FolderGuid:963EC3EB4002CCE9759E2EBA541A873A
 |   |   |- [+] [  1]
 |   |   |   |- Guid:B53524DD4EB68DF0878DB3A612D86CE7 BaseClass: NativeClass:/Script/Engine.SkyAtmosphere Name:SkyAtmosphere_0 Label:SkyAtmosphere SpatiallyLoaded:0 Bounds:IsValid=true, Min=(X=4100.000 Y=-3100.000 Z=1020.000), Max=(X=4100.000 Y=-3100.000 Z=1020.000) RuntimeGrid:None EditorOnly:0 RuntimeOnly:0 HLODRelevant:0 FolderPath:Lighting FolderGuid:963EC3EB4002CCE9759E2EBA541A873A
 |   |   |- [+] [  2]
 |   |   |   |- Guid:95DD1FB447BE19BF9B257E925984208D BaseClass: NativeClass:/Script/Engine.WorldDataLayers Name:WorldDataLayers Label:WorldDataLayers SpatiallyLoaded:0 Bounds:IsValid=true, Min=(X=0.000 Y=0.000 Z=0.000), Max=(X=0.000 Y=0.000 Z=0.000) RuntimeGrid:None EditorOnly:0 RuntimeOnly:0 HLODRelevant:0
 |   |   |- [+] [  3]
 |   |   |   |- Guid:A319CABD43DFAF42D828EF8864D9F08B BaseClass: NativeClass:/Script/Engine.DirectionalLight Name:DirectionalLight_0 Label:DirectionalLight SpatiallyLoaded:0 Bounds:IsValid=true, Min=(X=-4398046511104.000 Y=-4398046511104.000 Z=-4398046511104.000), Max=(X=4398046511104.000 Y=4398046511104.000 Z=4398046511104.000) RuntimeGrid:None EditorOnly:0 RuntimeOnly:0 HLODRelevant:0 FolderPath:Lighting FolderGuid:963EC3EB4002CCE9759E2EBA541A873A
 |   |   |- [+] [  4]
 |   |   |   |- Guid:AFF2EE6945ACB09D9BCAEFBF16D8106E BaseClass: NativeClass:/Script/Engine.PostProcessVolume Name:PostProcessVolume_UAID_30F6EFE079B3AFD301_1749109861 Label:PostProcessVolumeCelShader SpatiallyLoaded:0 Bounds:IsValid=true, Min=(X=3751.166 Y=-3424.788 Z=650.000), Max=(X=3951.166 Y=-3224.788 Z=850.000) RuntimeGrid:None EditorOnly:0 RuntimeOnly:0 HLODRelevant:0 FolderPath:Lighting FolderGuid:963EC3EB4002CCE9759E2EBA541A873A
 |   |   |- [+] [  5]
 |   |   |   |- Guid:BAAC5B644F3DF834F676ADB76FF5EBBB BaseClass: NativeClass:/Script/Engine.StaticMeshActor Name:StaticMeshActor_UAID_047C16DE8D679BD401_1470416602 Label:Plane SpatiallyLoaded:1 Bounds:IsValid=true, Min=(X=-2000.000 Y=-4000.000 Z=-0.000), Max=(X=2000.000 Y=4000.000 Z=0.000) RuntimeGrid:None EditorOnly:0 RuntimeOnly:0 HLODRelevant:1
 |   |   |- [+] [  6]
 |   |   |   |- Guid:328E15BE4352E1CF730BA588AB8587E5 BaseClass: NativeClass:/Script/Engine.ExponentialHeightFog Name:ExponentialHeightFog_0 Label:ExponentialHeightFog SpatiallyLoaded:0 Bounds:IsValid=true, Min=(X=-5600.000 Y=-50.000 Z=-6850.000), Max=(X=-5600.000 Y=-50.000 Z=-6850.000) RuntimeGrid:None EditorOnly:0 RuntimeOnly:0 HLODRelevant:0 FolderPath:Lighting FolderGuid:963EC3EB4002CCE9759E2EBA541A873A
 |   |   |- [+] [  7]
 |   |   |   |- Guid:5E188E5F45DFF7EAB006B7A14B45AA82 BaseClass: NativeClass:/Script/Engine.StaticMeshActor Name:StaticMeshActor_UAID_047C16DE8D679BD401_1824850604 Label:kit_graybox_wall_corner_1mx1mx1m SpatiallyLoaded:1 Bounds:IsValid=true, Min=(X=1000.000 Y=-1006.250 Z=-0.000), Max=(X=1106.250 Y=-900.000 Z=100.000) RuntimeGrid:None EditorOnly:0 RuntimeOnly:0 HLODRelevant:1
 |   |   |- [+] [  8]
 |   |   |   |- Guid:5222ADF14CB3E59B3C1F1C991F2AE8EF BaseClass: NativeClass:/Script/Engine.StaticMeshActor Name:StaticMeshActor_UAID_047C16DE8D679BD401_1846047606 Label:kit_graybox_wall_2mx1m SpatiallyLoaded:1 Bounds:IsValid=true, Min=(X=1093.750 Y=-900.000 Z=0.000), Max=(X=1106.250 Y=-700.000 Z=100.000) RuntimeGrid:None EditorOnly:0 RuntimeOnly:0 HLODRelevant:1
 |   |   |- [+] [  9]
 |   |   |   |- Guid:8E1D33B2473BC90220C18C9CE534E4EC BaseClass: NativeClass:/Script/Engine.StaticMeshActor Name:StaticMeshActor_UAID_047C16DE8D679BD401_1870113607 Label:kit_graybox_wall_1mx1m SpatiallyLoaded:1 Bounds:IsValid=true, Min=(X=1093.750 Y=-700.000 Z=0.000), Max=(X=1106.250 Y=-600.000 Z=100.000) RuntimeGrid:None EditorOnly:0 RuntimeOnly:0 HLODRelevant:1
 |   |   |- [+] [ 10]
 |   |   |   |- Guid:C584816946ADBF61D3508995C39064EE BaseClass: NativeClass:/Script/Engine.StaticMeshActor Name:StaticMeshActor_UAID_047C16DE8D679BD401_1876949608 Label:kit_graybox_doorway_2mx2m SpatiallyLoaded:1 Bounds:IsValid=true, Min=(X=1093.750 Y=-600.000 Z=0.000), Max=(X=1106.250 Y=-400.000 Z=100.000) RuntimeGrid:None EditorOnly:0 RuntimeOnly:0 HLODRelevant:1
 |   |   |- [+] [ 11]
 |   |   |   |- Guid:853431BF4B5CA3D512765DB8A45501DD BaseClass: NativeClass:/Script/Engine.StaticMeshActor Name:StaticMeshActor_UAID_047C16DE8D679BD401_1880781609 Label:kit_graybox_doorway_2mx2m1_top SpatiallyLoaded:1 Bounds:IsValid=true, Min=(X=1093.750 Y=-600.000 Z=100.000), Max=(X=1106.250 Y=-400.000 Z=200.000) RuntimeGrid:None EditorOnly:0 RuntimeOnly:0 HLODRelevant:1
 |   |   |- [+] [ 12]
 |   |   |   |- Guid:BC7D60BC4BA2826EC9FCB69204253123 BaseClass: NativeClass:/Script/Engine.StaticMeshActor Name:StaticMeshActor_UAID_047C16DE8D679BD401_1910983610 Label:kit_graybox_wall_corner_1mx1mx2m SpatiallyLoaded:1 Bounds:IsValid=true, Min=(X=1000.000 Y=-1006.250 Z=100.000), Max=(X=1106.250 Y=-900.000 Z=300.000) RuntimeGrid:None EditorOnly:0 RuntimeOnly:0 HLODRelevant:1
 |   |   |- [+] [ 13]
 |   |   |   |- Guid:206E906448931F0F8ED2CDB203024351 BaseClass: NativeClass:/Script/Engine.StaticMeshActor Name:StaticMeshActor_UAID_047C16DE8D679BD401_1915014611 Label:kit_graybox_wall_2mx2m SpatiallyLoaded:1 Bounds:IsValid=true, Min=(X=1093.750 Y=-900.000 Z=100.000), Max=(X=1106.250 Y=-700.000 Z=300.000) RuntimeGrid:None EditorOnly:0 RuntimeOnly:0 HLODRelevant:1
 |   |   |- [+] [ 14]
 |   |   |   |- Guid:152605C748E8128251071F82E3F00565 BaseClass: NativeClass:/Script/Engine.StaticMeshActor Name:StaticMeshActor_UAID_047C16DE8D679BD401_1918715612 Label:kit_graybox_wall_1mx2m SpatiallyLoaded:1 Bounds:IsValid=true, Min=(X=1093.750 Y=-700.000 Z=100.000), Max=(X=1106.250 Y=-600.000 Z=300.000) RuntimeGrid:None EditorOnly:0 RuntimeOnly:0 HLODRelevant:1
 |   |   |- [+] [ 15]
 |   |   |   |- Guid:E564B50A4697473162566CA2BCA8C782 BaseClass: NativeClass:/Script/Engine.StaticMeshActor Name:StaticMeshActor_UAID_047C16DE8D679BD401_1923480613 Label:kit_graybox_wall_2mx1m2 SpatiallyLoaded:1 Bounds:IsValid=true, Min=(X=1093.750 Y=-600.000 Z=200.000), Max=(X=1106.250 Y=-400.000 Z=300.000) RuntimeGrid:None EditorOnly:0 RuntimeOnly:0 HLODRelevant:1
 |   |   |- [+] [ 16]
 |   |   |   |- Guid:9106FB78400F4B8AC5E302AC16097E10 BaseClass: NativeClass:/Script/Engine.StaticMeshActor Name:StaticMeshActor_UAID_047C16DE8D679BD401_1940418614 Label:kit_graybox_wall_2mx1m3 SpatiallyLoaded:1 Bounds:IsValid=true, Min=(X=800.000 Y=-1006.250 Z=0.000), Max=(X=1000.000 Y=-993.750 Z=100.000) RuntimeGrid:None EditorOnly:0 RuntimeOnly:0 HLODRelevant:1
 |   |   |- [+] [ 17]
 |   |   |   |- Guid:86DCDEF34135EE1EFE76698CF2D1E0E2 BaseClass: NativeClass:/Script/Engine.StaticMeshActor Name:StaticMeshActor_UAID_047C16DE8D679BD401_1940420615 Label:kit_graybox_wall_2mx2m2 SpatiallyLoaded:1 Bounds:IsValid=true, Min=(X=800.000 Y=-1006.250 Z=100.000), Max=(X=1000.000 Y=-993.750 Z=300.000) RuntimeGrid:None EditorOnly:0 RuntimeOnly:0 HLODRelevant:1
 |   |   |- [+] [ 18]
 |   |   |   |- Guid:163813E64C992D224B2440885CC9D774 BaseClass: NativeClass:/Script/Engine.StaticMeshActor Name:StaticMeshActor_UAID_047C16DE8D679BD401_1973246616 Label:Env_Door SpatiallyLoaded:1 Bounds:IsValid=true, Min=(X=1091.563 Y=-550.000 Z=0.000), Max=(X=1103.125 Y=-450.000 Z=175.000) RuntimeGrid:None EditorOnly:0 RuntimeOnly:0 HLODRelevant:1
 |   |   |- [+] [ 19]
 |   |   |   |- Guid:9022F32443A0091349A0C883D3F24CCD BaseClass: NativeClass:/Script/Engine.StaticMeshActor Name:StaticMeshActor_UAID_047C16DE8D679CD401_1588700806 Label:kit_graybox_platform_2mx2m SpatiallyLoaded:1 Bounds:IsValid=true, Min=(X=1100.000 Y=-600.000 Z=287.500), Max=(X=1300.000 Y=-400.000 Z=300.000) RuntimeGrid:None EditorOnly:0 RuntimeOnly:0 HLODRelevant:1
 |   |   |- [+] [ 20]
 |   |   |   |- Guid:281959F241F84EFBA30A3F8794D048CA BaseClass: NativeClass:/Script/Engine.StaticMeshActor Name:StaticMeshActor_UAID_047C16DE8D679CD401_1887127808 Label:kit_graybox_platform_2mx2m2 SpatiallyLoaded:1 Bounds:IsValid=true, Min=(X=1100.000 Y=-800.000 Z=287.500), Max=(X=1300.000 Y=-600.000 Z=300.000) RuntimeGrid:None EditorOnly:0 RuntimeOnly:0 HLODRelevant:1
 |   |   |- [+] [ 21]
 |   |   |   |- Guid:580D605F4CBB4E1B579C1A8727D4105D BaseClass: NativeClass:/Script/Engine.StaticMeshActor Name:StaticMeshActor_UAID_047C16DE8D679CD401_1888860809 Label:kit_graybox_platform_2mx2m3 SpatiallyLoaded:1 Bounds:IsValid=true, Min=(X=1100.000 Y=-1000.000 Z=287.500), Max=(X=1300.000 Y=-800.000 Z=300.000) RuntimeGrid:None EditorOnly:0 RuntimeOnly:0 HLODRelevant:1
 |   |   |- [+] [ 22]
 |   |   |   |- Guid:999A8A9346C4BE7A6EED6493980D9C50 BaseClass: NativeClass:/Script/Engine.StaticMeshActor Name:StaticMeshActor_UAID_047C16DE8D679CD401_1910794810 Label:kit_graybox_platform_2mx2m4 SpatiallyLoaded:1 Bounds:IsValid=true, Min=(X=1100.000 Y=-1200.000 Z=287.500), Max=(X=1300.000 Y=-1000.000 Z=300.000) RuntimeGrid:None EditorOnly:0 RuntimeOnly:0 HLODRelevant:1
 |   |   |- [+] [ 23]
 |   |   |   |- Guid:8E474DE64941AF10E55EB5A521D4A97C BaseClass: NativeClass:/Script/Engine.StaticMeshActor Name:StaticMeshActor_UAID_047C16DE8D679CD401_1912428811 Label:kit_graybox_platform_2mx2m5 SpatiallyLoaded:1 Bounds:IsValid=true, Min=(X=900.000 Y=-1200.000 Z=287.500), Max=(X=1100.000 Y=-1000.000 Z=300.000) RuntimeGrid:None EditorOnly:0 RuntimeOnly:0 HLODRelevant:1
 |   |   |- [+] [ 24]
 |   |   |   |- Guid:14B963994317D292AF194B92B0DEAD21 BaseClass: NativeClass:/Script/Engine.StaticMeshActor Name:StaticMeshActor_UAID_047C16DE8D679CD401_1915628812 Label:kit_graybox_platform_2mx2m6 SpatiallyLoaded:1 Bounds:IsValid=true, Min=(X=700.000 Y=-1200.000 Z=287.500), Max=(X=900.000 Y=-1000.000 Z=300.000) RuntimeGrid:None EditorOnly:0 RuntimeOnly:0 HLODRelevant:1
 |   |   |- [+] [ 25]
 |   |   |   |- Guid:BF32F25D43B902B9281B0D8827D7A3ED BaseClass: NativeClass:/Script/Engine.StaticMeshActor Name:StaticMeshActor_UAID_047C16DE8D679CD401_1924263813 Label:kit_graybox_wall_1mx1m2 SpatiallyLoaded:1 Bounds:IsValid=true, Min=(X=700.000 Y=-1006.250 Z=0.000), Max=(X=800.000 Y=-993.750 Z=100.000) RuntimeGrid:None EditorOnly:0 RuntimeOnly:0 HLODRelevant:1
 |   |   |- [+] [ 26]
 |   |   |   |- Guid:568CD7B5414AFDECCF8673A6AB256602 BaseClass: NativeClass:/Script/Engine.StaticMeshActor Name:StaticMeshActor_UAID_047C16DE8D679CD401_1924264814 Label:kit_graybox_wall_1mx2m2 SpatiallyLoaded:1 Bounds:IsValid=true, Min=(X=700.000 Y=-1006.250 Z=100.000), Max=(X=800.000 Y=-993.750 Z=300.000) RuntimeGrid:None EditorOnly:0 RuntimeOnly:0 HLODRelevant:1
 |   |   |- [+] [ 27]
 |   |   |   |- Guid:BFDEE8764E68F117D9511C9BBFD3A213 BaseClass: NativeClass:/Script/Engine.StaticMeshActor Name:StaticMeshActor_UAID_047C16DE8D679DD401_1319747992 Label:Stairs SpatiallyLoaded:1 Bounds:IsValid=true, Min=(X=1100.000 Y=-400.000 Z=0.000), Max=(X=1300.000 Y=-25.000 Z=300.000) RuntimeGrid:None EditorOnly:0 RuntimeOnly:0 HLODRelevant:0
 |   |   |- [+] [ 28]
 |   |   |   |- Guid:3B12965A40B9A23E9A6C3C801F68C87C BaseClass: NativeClass:/Script/Engine.StaticMeshActor Name:StaticMeshActor_UAID_047C16DE8D679DD401_1374451998 Label:Box SpatiallyLoaded:1 Bounds:IsValid=true, Min=(X=1093.750 Y=-400.000 Z=100.000), Max=(X=1106.250 Y=-125.000 Z=300.000) RuntimeGrid:None EditorOnly:0 RuntimeOnly:0 HLODRelevant:0
 |   |   |- [+] [ 29]
 |   |   |   |- Guid:FA6F392B422356D66079059604E87339 BaseClass: NativeClass:/Script/Engine.StaticMeshActor Name:StaticMeshActor_UAID_047C16DE8D679DD401_1825125000 Label:Box_CC968B4A1 SpatiallyLoaded:1 Bounds:IsValid=true, Min=(X=1093.750 Y=-400.000 Z=-0.000), Max=(X=1106.250 Y=-25.000 Z=100.000) RuntimeGrid:None EditorOnly:0 RuntimeOnly:0 HLODRelevant:1
 |   |   |- [+] [ 30]
 |   |   |   |- Guid:57428BC34F713D9FA0BA2493C7C9AF07 BaseClass: NativeClass:/Script/Engine.PlayerStart Name:PlayerStart_UAID_047C16DE8D679DD401_2112124001 Label:PlayerStart SpatiallyLoaded:0 Bounds:IsValid=true, Min=(X=810.000 Y=-640.000 Z=0.000), Max=(X=890.000 Y=-560.000 Z=184.000) RuntimeGrid:None EditorOnly:0 RuntimeOnly:0 HLODRelevant:0
 |   |   |- [+] [ 31]
 |   |   |   |- Guid:98DE369048B99586B004F6B55BF0398D BaseClass: NativeClass:/Script/Engine.StaticMeshActor Name:StaticMeshActor_UAID_047C16DE8D679ED401_1145980178 Label:CounterCornerHalf SpatiallyLoaded:1 Bounds:IsValid=true, Min=(X=1000.000 Y=-1000.000 Z=0.000), Max=(X=1100.000 Y=-900.000 Z=70.000) RuntimeGrid:None EditorOnly:0 RuntimeOnly:0 HLODRelevant:1
 |   |   |- [+] [ 32]
 |   |   |   |- Guid:26B662DE458B9851F9FD6DBAAF4E6EA3 BaseClass: NativeClass:/Script/Engine.StaticMeshActor Name:StaticMeshActor_UAID_047C16DE8D679ED401_1152681179 Label:CounterOven SpatiallyLoaded:1 Bounds:IsValid=true, Min=(X=994.904 Y=-900.000 Z=0.000), Max=(X=1100.000 Y=-800.000 Z=70.000) RuntimeGrid:None EditorOnly:0 RuntimeOnly:0 HLODRelevant:1
 |   |   |- [+] [ 33]
 |   |   |   |- Guid:B0338C3240D96C2A9B0B449FE1CD45B0 BaseClass: NativeClass:/Script/Engine.StaticMeshActor Name:StaticMeshActor_UAID_047C16DE8D679ED401_1180114182 Label:CounterCornerDrawers SpatiallyLoaded:1 Bounds:IsValid=true, Min=(X=999.525 Y=-800.000 Z=0.000), Max=(X=1100.000 Y=-700.000 Z=70.000) RuntimeGrid:None EditorOnly:0 RuntimeOnly:0 HLODRelevant:1
 |   |   |- [+] [ 34]
 |   |   |   |- Guid:E9BE28914042B75779CE25AA4B940440 BaseClass: NativeClass:/Script/Engine.StaticMeshActor Name:StaticMeshActor_UAID_047C16DE8D679ED401_1205646184 Label:CounterSink SpatiallyLoaded:1 Bounds:IsValid=true, Min=(X=800.000 Y=-1000.000 Z=0.000), Max=(X=900.000 Y=-900.000 Z=103.234) RuntimeGrid:None EditorOnly:0 RuntimeOnly:0 HLODRelevant:1
 |   |   |- [+] [ 35]
 |   |   |   |- Guid:693606774340397884DC7395F6B00DDA BaseClass: NativeClass:/Script/Engine.StaticMeshActor Name:StaticMeshActor_UAID_047C16DE8D679ED401_1232414186 Label:CounterRoundQuarter SpatiallyLoaded:1 Bounds:IsValid=true, Min=(X=1000.000 Y=-700.000 Z=0.000), Max=(X=1100.000 Y=-600.000 Z=60.000) RuntimeGrid:None EditorOnly:0 RuntimeOnly:0 HLODRelevant:1
 |   |   |- [+] [ 36]
 |   |   |   |- Guid:50E5124A448EFF3B911E8FB1B1908961 BaseClass: NativeClass:/Script/Engine.StaticMeshActor Name:StaticMeshActor_UAID_047C16DE8D679ED401_1242046188 Label:CounterCornerDrawers2 SpatiallyLoaded:1 Bounds:IsValid=true, Min=(X=900.000 Y=-1000.000 Z=0.000), Max=(X=1000.000 Y=-899.525 Z=70.000) RuntimeGrid:None EditorOnly:0 RuntimeOnly:0 HLODRelevant:1
 |   |   |- [+] [ 37]
 |   |   |   |- Guid:3477F97F42808406A137E7ADB501B16B BaseClass: NativeClass:/Script/Engine.StaticMeshActor Name:StaticMeshActor_UAID_047C16DE8D679ED401_1270914190 Label:CounterCornerCubbies SpatiallyLoaded:1 Bounds:IsValid=true, Min=(X=700.000 Y=-1000.000 Z=0.000), Max=(X=800.000 Y=-900.000 Z=70.000) RuntimeGrid:None EditorOnly:0 RuntimeOnly:0 HLODRelevant:1
 |- ContainerInstances:
 |- [+] MainContainer:
 |   |-        ID: 0x0000000000000000
 |   |-    Bounds: IsValid=false, Min=(X=0.000 Y=0.000 Z=0.000), Max=(X=0.000 Y=0.000 Z=0.000)
 |   |- Transform: 0.000000,0.000000,0.000000|0.000000,0.000000,-0.000000|1.000000,1.000000,1.000000
 |   |- Container: /Game/Levels/Map_Party2
----------------------------------------------------------------------------------------------------------------
Map_Party2 - Persistent Level
----------------------------------------------------------------------------------------------------------------
Always loaded Actor Count: 65 

----------------------------------------------------------------------------------------------------------------
Map_Party2 - Runtime Spatial Hash - Streaming Grid - MainGrid
----------------------------------------------------------------------------------------------------------------
            Origin: X=0.000 Y=0.000 Z=0.000
         Cell Size: 12800
      World Bounds: IsValid=false, Min=(X=0.000 Y=0.000 Z=0.000), Max=(X=0.000 Y=0.000 Z=0.000)
     Loading Range: 25600.00
Block Slow Loading: No
 ClientOnlyVisible: No

[+] Grid Levels: 1
 |- Level  0: Cell Count    0 | Cell Size   12800 | Actor Count    0 (0.0%)

[+] Content of Grid Level 0

